
Lmod is automatically replacing "intel/19.0.5" with "gnu/8.4.0".


Due to MODULEPATH changes, the following have been reloaded:
  1) mvapich2/2.3.3

2022-05-25 01:59:09.413733: I tensorflow/stream_executor/platform/default/dso_loader.cc:44] Successfully opened dynamic library libcuda.so.1
2022-05-25 01:59:09.453304: I tensorflow/core/common_runtime/gpu/gpu_device.cc:1618] Found device 0 with properties: 
name: Tesla V100-PCIE-16GB major: 7 minor: 0 memoryClockRate(GHz): 1.38
pciBusID: 0000:3b:00.0
2022-05-25 01:59:09.459110: I tensorflow/stream_executor/platform/default/dso_loader.cc:44] Successfully opened dynamic library libcudart.so.10.0
2022-05-25 01:59:09.527677: I tensorflow/stream_executor/platform/default/dso_loader.cc:44] Successfully opened dynamic library libcublas.so.10.0
2022-05-25 01:59:09.945016: I tensorflow/stream_executor/platform/default/dso_loader.cc:44] Successfully opened dynamic library libcufft.so.10.0
2022-05-25 01:59:09.964906: I tensorflow/stream_executor/platform/default/dso_loader.cc:44] Successfully opened dynamic library libcurand.so.10.0
2022-05-25 01:59:10.053034: I tensorflow/stream_executor/platform/default/dso_loader.cc:44] Successfully opened dynamic library libcusolver.so.10.0
2022-05-25 01:59:10.100937: I tensorflow/stream_executor/platform/default/dso_loader.cc:44] Successfully opened dynamic library libcusparse.so.10.0
2022-05-25 01:59:10.283336: I tensorflow/stream_executor/platform/default/dso_loader.cc:44] Successfully opened dynamic library libcudnn.so.7
2022-05-25 01:59:10.283960: I tensorflow/core/common_runtime/gpu/gpu_device.cc:1746] Adding visible gpu devices: 0
2022-05-25 01:59:10.284521: I tensorflow/core/platform/cpu_feature_guard.cc:142] Your CPU supports instructions that this TensorFlow binary was not compiled to use: SSE4.1 SSE4.2 AVX AVX2 AVX512F FMA
2022-05-25 01:59:10.300781: I tensorflow/core/platform/profile_utils/cpu_utils.cc:94] CPU Frequency: 2400000000 Hz
2022-05-25 01:59:10.300947: I tensorflow/compiler/xla/service/service.cc:168] XLA service 0x55cff472b8e0 initialized for platform Host (this does not guarantee that XLA will be used). Devices:
2022-05-25 01:59:10.301005: I tensorflow/compiler/xla/service/service.cc:176]   StreamExecutor device (0): Host, Default Version
2022-05-25 01:59:10.400732: I tensorflow/compiler/xla/service/service.cc:168] XLA service 0x55cff472d430 initialized for platform CUDA (this does not guarantee that XLA will be used). Devices:
2022-05-25 01:59:10.400854: I tensorflow/compiler/xla/service/service.cc:176]   StreamExecutor device (0): Tesla V100-PCIE-16GB, Compute Capability 7.0
2022-05-25 01:59:10.401197: I tensorflow/core/common_runtime/gpu/gpu_device.cc:1618] Found device 0 with properties: 
name: Tesla V100-PCIE-16GB major: 7 minor: 0 memoryClockRate(GHz): 1.38
pciBusID: 0000:3b:00.0
2022-05-25 01:59:10.401288: I tensorflow/stream_executor/platform/default/dso_loader.cc:44] Successfully opened dynamic library libcudart.so.10.0
2022-05-25 01:59:10.401328: I tensorflow/stream_executor/platform/default/dso_loader.cc:44] Successfully opened dynamic library libcublas.so.10.0
2022-05-25 01:59:10.401365: I tensorflow/stream_executor/platform/default/dso_loader.cc:44] Successfully opened dynamic library libcufft.so.10.0
2022-05-25 01:59:10.401400: I tensorflow/stream_executor/platform/default/dso_loader.cc:44] Successfully opened dynamic library libcurand.so.10.0
2022-05-25 01:59:10.401438: I tensorflow/stream_executor/platform/default/dso_loader.cc:44] Successfully opened dynamic library libcusolver.so.10.0
2022-05-25 01:59:10.401473: I tensorflow/stream_executor/platform/default/dso_loader.cc:44] Successfully opened dynamic library libcusparse.so.10.0
2022-05-25 01:59:10.401508: I tensorflow/stream_executor/platform/default/dso_loader.cc:44] Successfully opened dynamic library libcudnn.so.7
2022-05-25 01:59:10.401856: I tensorflow/core/common_runtime/gpu/gpu_device.cc:1746] Adding visible gpu devices: 0
2022-05-25 01:59:10.402733: I tensorflow/stream_executor/platform/default/dso_loader.cc:44] Successfully opened dynamic library libcudart.so.10.0
2022-05-25 01:59:10.403283: I tensorflow/core/common_runtime/gpu/gpu_device.cc:1159] Device interconnect StreamExecutor with strength 1 edge matrix:
2022-05-25 01:59:10.403343: I tensorflow/core/common_runtime/gpu/gpu_device.cc:1165]      0 
2022-05-25 01:59:10.403384: I tensorflow/core/common_runtime/gpu/gpu_device.cc:1178] 0:   N 
2022-05-25 01:59:10.403794: W tensorflow/core/common_runtime/gpu/gpu_bfc_allocator.cc:39] Overriding allow_growth setting because the TF_FORCE_GPU_ALLOW_GROWTH environment variable is set. Original config value was 0.
2022-05-25 01:59:10.403873: I tensorflow/core/common_runtime/gpu/gpu_device.cc:1304] Created TensorFlow device (/job:localhost/replica:0/task:0/device:GPU:0 with 15061 MB memory) -> physical GPU (device: 0, name: Tesla V100-PCIE-16GB, pci bus id: 0000:3b:00.0, compute capability: 7.0)
WARNING:tensorflow:
The TensorFlow contrib module will not be included in TensorFlow 2.0.
For more information, please see:
  * https://github.com/tensorflow/community/blob/master/rfcs/20180907-contrib-sunset.md
  * https://github.com/tensorflow/addons
  * https://github.com/tensorflow/io (for I/O related ops)
If you depend on functionality not listed there, please file an issue.

2022-05-25 01:59:30.155473: I tensorflow/stream_executor/platform/default/dso_loader.cc:44] Successfully opened dynamic library libcublas.so.10.0
WARNING:tensorflow:From /users/PAS0027/xiong336/project/nerf-tf/run_nerf_helpers.py:209: where (from tensorflow.python.ops.array_ops) is deprecated and will be removed in a future version.
Instructions for updating:
Use tf.where in 2.0, which has the same broadcast rule as np.where
WARNING:tensorflow:From /users/PAS0027/xiong336/project/nerf-tf/run_nerf_helpers.py:14: The name tf.log is deprecated. Please use tf.math.log instead.

hwf: [256, 256, 955.4050067376327] near far: 2.7369158 9.428282
MODEL 63 27 <class 'int'> <class 'int'> True
(?, 90) (?, 63) (?, 27)
MODEL 63 27 <class 'int'> <class 'int'> True
(?, 90) (?, 63) (?, 27)
Not ndc!
Found ckpts ['./log/nyx256_200_global_clip_diag_divfocal/model_000000.npy', './log/nyx256_200_global_clip_diag_divfocal/model_010000.npy', './log/nyx256_200_global_clip_diag_divfocal/model_020000.npy', './log/nyx256_200_global_clip_diag_divfocal/model_030000.npy', './log/nyx256_200_global_clip_diag_divfocal/model_040000.npy', './log/nyx256_200_global_clip_diag_divfocal/model_050000.npy', './log/nyx256_200_global_clip_diag_divfocal/model_060000.npy', './log/nyx256_200_global_clip_diag_divfocal/model_070000.npy', './log/nyx256_200_global_clip_diag_divfocal/model_080000.npy', './log/nyx256_200_global_clip_diag_divfocal/model_090000.npy', './log/nyx256_200_global_clip_diag_divfocal/model_100000.npy', './log/nyx256_200_global_clip_diag_divfocal/model_110000.npy', './log/nyx256_200_global_clip_diag_divfocal/model_120000.npy', './log/nyx256_200_global_clip_diag_divfocal/model_122676.npy']
Reloading from ./log/nyx256_200_global_clip_diag_divfocal/model_122676.npy
Resetting step to 122677
Reloading fine from ./log/nyx256_200_global_clip_diag_divfocal/model_fine_122676.npy
Begin
TRAIN views are [115  69 170 174  45  66 182 165  78 186 177  56 152  82  68 124  16 148
  93  65  60  84  67 125 132   9  18  55  75 150 104 135 137 164  76  79
 197  38  24 122 195  29  19 143  86 114 173   5 126 117  73 140  98 172
  96 169  97  31  12  35 119  42 189  90 136  51 127 162  41 118 113  26
 139 100 111   2  77  46 187 191  85 161  36 190  61  22 141 101  33  11
 194 159   6  27 120   4  32 142 145 109 144  10  62 112 146 166   0 198
 153  70 123  64  44 163  28  40 108 155 156  25  23 184 147  81  39 168
  47  94 154  43 138   3 105  53 133 180 178 185  49  80  34   7 110  91
  83 176 181  89   8  13  59 171 131  17  72 175 134 167 183  63  54 107
  50 196  58  48  88  21  57 160 192 129  37 157 193   1  52 149 130 151
 103  99 116  87  74 121 199  20 188  71 106  14  92 179 102]
TEST views are [ 95  15  30 158 128]
VAL views are [ 95  15  30 158 128]
[TRAIN] Iter: 123000 Loss: 0.002946584951132536  PSNR: 30.36612319946289  Global Step: 123000  Time 0.58452
[TRAIN] Iter: 123500 Loss: 0.0024947444908320904  PSNR: 30.6871337890625  Global Step: 123500  Time 0.58860
[TRAIN] Iter: 124000 Loss: 0.0018128894735127687  PSNR: 31.644121170043945  Global Step: 124000  Time 0.58757
[TRAIN] Iter: 124500 Loss: 0.001847113249823451  PSNR: 31.745710372924805  Global Step: 124500  Time 0.58670
[TRAIN] Iter: 125000 Loss: 0.0023017635103315115  PSNR: 31.114999771118164  Global Step: 125000  Time 0.58844
[TRAIN] Iter: 125500 Loss: 0.0025573456659913063  PSNR: 30.58926773071289  Global Step: 125500  Time 0.58702
[TRAIN] Iter: 126000 Loss: 0.0019728653132915497  PSNR: 32.08137893676758  Global Step: 126000  Time 0.58813
[TRAIN] Iter: 126500 Loss: 0.002518356777727604  PSNR: 30.389284133911133  Global Step: 126500  Time 0.58782
[TRAIN] Iter: 127000 Loss: 0.002337365411221981  PSNR: 31.46190071105957  Global Step: 127000  Time 0.58859
[TRAIN] Iter: 127500 Loss: 0.0017989969346672297  PSNR: 32.11245346069336  Global Step: 127500  Time 0.59188
[TRAIN] Iter: 128000 Loss: 0.0015192776918411255  PSNR: 32.75737380981445  Global Step: 128000  Time 0.58625
[TRAIN] Iter: 128500 Loss: 0.002224250230938196  PSNR: 31.310752868652344  Global Step: 128500  Time 0.58025
[TRAIN] Iter: 129000 Loss: 0.0017723033670336008  PSNR: 32.52113723754883  Global Step: 129000  Time 0.58416
[TRAIN] Iter: 129500 Loss: 0.0021976171992719173  PSNR: 31.158903121948242  Global Step: 129500  Time 0.58545
saved weights at ./log/nyx256_200_global_clip_diag_divfocal/model_130000.npy
saved weights at ./log/nyx256_200_global_clip_diag_divfocal/model_fine_130000.npy
saved weights at ./log/nyx256_200_global_clip_diag_divfocal/optimizer_130000.npy
test poses shape (5, 4, 4)
render time img 0: 6.198883056640625e-06  RGB and Disp Map Shape: (256, 256, 3) (256, 256)
  test img 0 PSNR: 31.504290103912354
render time img 1: 3.1739938259124756  test img 1 PSNR: 30.888113975524902
render time img 2: 3.2084405422210693  test img 2 PSNR: 32.28764772415161
render time img 3: 3.2048375606536865  test img 3 PSNR: 32.8521203994751
render time img 4: 3.2011921405792236  test img 4 PSNR: 31.221492290496826
Saved test set
[TRAIN] Iter: 130000 Loss: 0.0017901547253131866  PSNR: 32.487091064453125  Global Step: 130000  Time 0.58419
[TRAIN] Iter: 130500 Loss: 0.0013864284846931696  PSNR: 33.153072357177734  Global Step: 130500  Time 0.58589
slurmstepd: error: *** JOB 11294343 ON p0239 CANCELLED AT 2022-05-25T03:18:46 ***
slurmstepd: error: *** STEP 11294343.0 ON p0239 CANCELLED AT 2022-05-25T03:18:46 ***
srun: Job step aborted: Waiting up to 32 seconds for job step to finish.
