
Lmod is automatically replacing "intel/19.0.5" with "gnu/8.4.0".


Due to MODULEPATH changes, the following have been reloaded:
  1) mvapich2/2.3.3

2022-07-11 03:21:45.083390: I tensorflow/stream_executor/platform/default/dso_loader.cc:44] Successfully opened dynamic library libcuda.so.1
2022-07-11 03:21:45.113347: I tensorflow/core/common_runtime/gpu/gpu_device.cc:1618] Found device 0 with properties: 
name: Tesla V100-PCIE-16GB major: 7 minor: 0 memoryClockRate(GHz): 1.38
pciBusID: 0000:d8:00.0
2022-07-11 03:21:45.114509: I tensorflow/stream_executor/platform/default/dso_loader.cc:44] Successfully opened dynamic library libcudart.so.10.0
2022-07-11 03:21:45.116571: I tensorflow/stream_executor/platform/default/dso_loader.cc:44] Successfully opened dynamic library libcublas.so.10.0
2022-07-11 03:21:45.118594: I tensorflow/stream_executor/platform/default/dso_loader.cc:44] Successfully opened dynamic library libcufft.so.10.0
2022-07-11 03:21:45.119915: I tensorflow/stream_executor/platform/default/dso_loader.cc:44] Successfully opened dynamic library libcurand.so.10.0
2022-07-11 03:21:45.121917: I tensorflow/stream_executor/platform/default/dso_loader.cc:44] Successfully opened dynamic library libcusolver.so.10.0
2022-07-11 03:21:45.124181: I tensorflow/stream_executor/platform/default/dso_loader.cc:44] Successfully opened dynamic library libcusparse.so.10.0
2022-07-11 03:21:45.128544: I tensorflow/stream_executor/platform/default/dso_loader.cc:44] Successfully opened dynamic library libcudnn.so.7
2022-07-11 03:21:45.128990: I tensorflow/core/common_runtime/gpu/gpu_device.cc:1746] Adding visible gpu devices: 0
2022-07-11 03:21:45.129508: I tensorflow/core/platform/cpu_feature_guard.cc:142] Your CPU supports instructions that this TensorFlow binary was not compiled to use: SSE4.1 SSE4.2 AVX AVX2 AVX512F FMA
2022-07-11 03:21:45.137981: I tensorflow/core/platform/profile_utils/cpu_utils.cc:94] CPU Frequency: 2400000000 Hz
2022-07-11 03:21:45.138135: I tensorflow/compiler/xla/service/service.cc:168] XLA service 0x55976df11f80 initialized for platform Host (this does not guarantee that XLA will be used). Devices:
2022-07-11 03:21:45.138186: I tensorflow/compiler/xla/service/service.cc:176]   StreamExecutor device (0): Host, Default Version
2022-07-11 03:21:45.237730: I tensorflow/compiler/xla/service/service.cc:168] XLA service 0x55976df13fa0 initialized for platform CUDA (this does not guarantee that XLA will be used). Devices:
2022-07-11 03:21:45.237863: I tensorflow/compiler/xla/service/service.cc:176]   StreamExecutor device (0): Tesla V100-PCIE-16GB, Compute Capability 7.0
2022-07-11 03:21:45.238234: I tensorflow/core/common_runtime/gpu/gpu_device.cc:1618] Found device 0 with properties: 
name: Tesla V100-PCIE-16GB major: 7 minor: 0 memoryClockRate(GHz): 1.38
pciBusID: 0000:d8:00.0
2022-07-11 03:21:45.238329: I tensorflow/stream_executor/platform/default/dso_loader.cc:44] Successfully opened dynamic library libcudart.so.10.0
2022-07-11 03:21:45.238375: I tensorflow/stream_executor/platform/default/dso_loader.cc:44] Successfully opened dynamic library libcublas.so.10.0
2022-07-11 03:21:45.238415: I tensorflow/stream_executor/platform/default/dso_loader.cc:44] Successfully opened dynamic library libcufft.so.10.0
2022-07-11 03:21:45.238468: I tensorflow/stream_executor/platform/default/dso_loader.cc:44] Successfully opened dynamic library libcurand.so.10.0
2022-07-11 03:21:45.238509: I tensorflow/stream_executor/platform/default/dso_loader.cc:44] Successfully opened dynamic library libcusolver.so.10.0
2022-07-11 03:21:45.238548: I tensorflow/stream_executor/platform/default/dso_loader.cc:44] Successfully opened dynamic library libcusparse.so.10.0
2022-07-11 03:21:45.238588: I tensorflow/stream_executor/platform/default/dso_loader.cc:44] Successfully opened dynamic library libcudnn.so.7
2022-07-11 03:21:45.238942: I tensorflow/core/common_runtime/gpu/gpu_device.cc:1746] Adding visible gpu devices: 0
2022-07-11 03:21:45.239027: I tensorflow/stream_executor/platform/default/dso_loader.cc:44] Successfully opened dynamic library libcudart.so.10.0
2022-07-11 03:21:45.239542: I tensorflow/core/common_runtime/gpu/gpu_device.cc:1159] Device interconnect StreamExecutor with strength 1 edge matrix:
2022-07-11 03:21:45.239597: I tensorflow/core/common_runtime/gpu/gpu_device.cc:1165]      0 
2022-07-11 03:21:45.239639: I tensorflow/core/common_runtime/gpu/gpu_device.cc:1178] 0:   N 
2022-07-11 03:21:45.240055: W tensorflow/core/common_runtime/gpu/gpu_bfc_allocator.cc:39] Overriding allow_growth setting because the TF_FORCE_GPU_ALLOW_GROWTH environment variable is set. Original config value was 0.
2022-07-11 03:21:45.240141: I tensorflow/core/common_runtime/gpu/gpu_device.cc:1304] Created TensorFlow device (/job:localhost/replica:0/task:0/device:GPU:0 with 15061 MB memory) -> physical GPU (device: 0, name: Tesla V100-PCIE-16GB, pci bus id: 0000:d8:00.0, compute capability: 7.0)
WARNING:tensorflow:
The TensorFlow contrib module will not be included in TensorFlow 2.0.
For more information, please see:
  * https://github.com/tensorflow/community/blob/master/rfcs/20180907-contrib-sunset.md
  * https://github.com/tensorflow/addons
  * https://github.com/tensorflow/io (for I/O related ops)
If you depend on functionality not listed there, please file an issue.

2022-07-11 03:21:48.208022: I tensorflow/stream_executor/platform/default/dso_loader.cc:44] Successfully opened dynamic library libcublas.so.10.0
WARNING:tensorflow:From /users/PAS0027/xiong336/project/nerf-tf/run_nerf_helpers.py:209: where (from tensorflow.python.ops.array_ops) is deprecated and will be removed in a future version.
Instructions for updating:
Use tf.where in 2.0, which has the same broadcast rule as np.where
WARNING:tensorflow:From /users/PAS0027/xiong336/project/nerf-tf/run_nerf_helpers.py:14: The name tf.log is deprecated. Please use tf.math.log instead.

fov <HDF5 dataset "fov": shape (), type "<i4">
mv <HDF5 dataset "mv": shape (120, 4, 4), type "<f4">
mvInvs <HDF5 dataset "mvInvs": shape (120, 4, 4), type "<f4">
hwf: [256, 256, 955.4050067376327] near far: 2.739838 9.424596
MODEL 63 27 <class 'int'> <class 'int'> True
(?, 90) (?, 63) (?, 27)
MODEL 63 27 <class 'int'> <class 'int'> True
(?, 90) (?, 63) (?, 27)
Not ndc!
Found ckpts ['./log/nyx256-500/model_000000.npy', './log/nyx256-500/model_010000.npy', './log/nyx256-500/model_020000.npy', './log/nyx256-500/model_030000.npy', './log/nyx256-500/model_040000.npy', './log/nyx256-500/model_050000.npy', './log/nyx256-500/model_060000.npy', './log/nyx256-500/model_070000.npy', './log/nyx256-500/model_080000.npy', './log/nyx256-500/model_090000.npy', './log/nyx256-500/model_097524.npy']
Reloading from ./log/nyx256-500/model_097524.npy
Resetting step to 97525
Reloading fine from ./log/nyx256-500/model_fine_097524.npy
Begin
TRAIN views are [406  84 371 388 495  30 316 408 490 491 280 356  76 461 497 211 101 334
 475 336 440 173   2 333 409  70 209  63 384  93 485 185  33  77   0  11
 415  22  72 182 131 410 193  55 148  18 204  78 494 262 323 483  79  39
 451  46 238 391 352 341 277 290 317 304 268  69 455 465 154  82 477 172
 321  90 180 414 312 278 381 472 362 324 431 347  86  75 438  15 249 433
  19 322 332  56 301 229 331 132 137 423 335  25 464 281 247 237 117  42
 220 176 320 153 231 227 417 203 126 329  31 113 470 271 140  57 192  24
  17 265  66 208 479  94 253 266  23 222 261 426   5 116  45  16 462 357
   3 218 405  60 110 318 428  29 437 471  26   7 453 108  37 157 489 118
 114 175 373 181 144 369 390 195 404 275 454 141 365  67 210 168 493 375
 400 272 109 248 145  92 152 367 467  83 245 165 163 199 228  74 478 358
 250 119 310 299 255 354 399 225 353 234 382 274  36 196 139 364 244 439
 286  59 111  89 436   6 360 346 338 158 150 177 393 184 449  10 380 103
  81  38 314 167 469 296 474 198 297 416 146 392 147 447 287 123 368  96
 143 239 442  97 407 122 183 202 246 305 298 351 386 395 284 125 302 223
 418 219 129 420 289 444 376 291 355 294 396 340 112 179 307 432 487 481
 422 233 311 164 136 197 258 232 115 120 349 224 402 397 127 285 411 107
 370 325 133 452  44 460  65 283  85 242 186 383 159  12  35  28 170 142
 398 342 221  95  51 240 484 378 178  41 498 421 206 282 254 412   4 256
 448 100 226 429 213 171  98 292 215  61  47  32 267 327 200 446  27 424
 230 260 288 162 425 138  62 135 128 476   8 326 463  64 300  14 156  40
 379 468 403 216 279 434 430 337 236 207 212 295 457 251 488 486 303 350
 269 201 161  43 217 401 190 309 259 105  53 389   1 441 482  49 419  80
 205  34 263 427 366  91 339 473  52 345 264 241  13 315  88 387 273 166
 328 492 134 306 480 319 243  54 363  50 456 174 445 189 496 187 169  58
  48 344 235 252  21 313 459 160 276 443 191 385 293 413 343 257 308 149
 130 151 359  99 372  87 458 330 214 466 121 499  20 188  71 106 270 348
 435 102]
TEST views are [361  73 374 155 104 394 377 124  68 450   9 194]
VAL views are [361  73 374 155 104 394 377 124  68 450   9 194]
[TRAIN] Iter: 98000 Loss: 0.001737177837640047  PSNR: 32.34663391113281  Global Step: 98000  Time 0.58794
[TRAIN] Iter: 98500 Loss: 0.0025208191946148872  PSNR: 30.51341438293457  Global Step: 98500  Time 0.58136
[TRAIN] Iter: 99000 Loss: 0.002597913146018982  PSNR: 30.14682388305664  Global Step: 99000  Time 0.59175
[TRAIN] Iter: 99500 Loss: 0.0028562857769429684  PSNR: 30.17176055908203  Global Step: 99500  Time 0.58741
saved weights at ./log/nyx256-500/model_100000.npy
saved weights at ./log/nyx256-500/model_fine_100000.npy
saved weights at ./log/nyx256-500/optimizer_100000.npy
test poses shape (12, 4, 4)
render time img 0: 6.9141387939453125e-06  RGB and Disp Map Shape: (256, 256, 3) (256, 256)
  test img 0 PSNR: 31.731019020080566
render time img 1: 3.1534781455993652  test img 1 PSNR: 30.68376064300537
render time img 2: 3.2214317321777344  test img 2 PSNR: 32.25552320480347
render time img 3: 3.1839447021484375  test img 3 PSNR: 32.40168571472168
render time img 4: 3.19852352142334  test img 4 PSNR: 30.721075534820557
render time img 5: 3.1819918155670166  test img 5 PSNR: 30.9269118309021
render time img 6: 3.1596338748931885  test img 6 PSNR: 31.986334323883057
render time img 7: 3.181155204772949  test img 7 PSNR: 31.642115116119385
render time img 8: 3.205488681793213  test img 8 PSNR: 29.899075031280518
render time img 9: 3.1780824661254883  test img 9 PSNR: 30.062568187713623
render time img 10: 3.2100374698638916  test img 10 PSNR: 30.96004009246826
render time img 11: 3.2261440753936768  test img 11 PSNR: 29.725821018218994
Saved test set
[TRAIN] Iter: 100000 Loss: 0.002175679197534919  PSNR: 31.280059814453125  Global Step: 100000  Time 0.58673
[TRAIN] Iter: 100500 Loss: 0.002687330124899745  PSNR: 30.478017807006836  Global Step: 100500  Time 0.58361
[TRAIN] Iter: 101000 Loss: 0.00314201507717371  PSNR: 29.71352195739746  Global Step: 101000  Time 0.58885
[TRAIN] Iter: 101500 Loss: 0.0018399425316601992  PSNR: 32.016029357910156  Global Step: 101500  Time 0.58707
[TRAIN] Iter: 102000 Loss: 0.0021400032564997673  PSNR: 31.451416015625  Global Step: 102000  Time 0.58608
[TRAIN] Iter: 102500 Loss: 0.0024103925097733736  PSNR: 30.97783851623535  Global Step: 102500  Time 0.58687
[TRAIN] Iter: 103000 Loss: 0.0028083696961402893  PSNR: 29.9437255859375  Global Step: 103000  Time 0.58749
[TRAIN] Iter: 103500 Loss: 0.002417218405753374  PSNR: 31.16693115234375  Global Step: 103500  Time 0.59074
[TRAIN] Iter: 104000 Loss: 0.0020996290259063244  PSNR: 31.053125381469727  Global Step: 104000  Time 0.59019
[TRAIN] Iter: 104500 Loss: 0.003166858572512865  PSNR: 30.013444900512695  Global Step: 104500  Time 0.58894
[TRAIN] Iter: 105000 Loss: 0.00271816598251462  PSNR: 30.298646926879883  Global Step: 105000  Time 0.58742
[TRAIN] Iter: 105500 Loss: 0.0022590383887290955  PSNR: 31.07160758972168  Global Step: 105500  Time 0.58525
[TRAIN] Iter: 106000 Loss: 0.002646086271852255  PSNR: 30.483617782592773  Global Step: 106000  Time 0.58716
[TRAIN] Iter: 106500 Loss: 0.002623964101076126  PSNR: 30.93960189819336  Global Step: 106500  Time 0.57065
[TRAIN] Iter: 107000 Loss: 0.002058115554973483  PSNR: 31.747617721557617  Global Step: 107000  Time 0.58774
[TRAIN] Iter: 107500 Loss: 0.0016543096862733364  PSNR: 32.240726470947266  Global Step: 107500  Time 0.58336
[TRAIN] Iter: 108000 Loss: 0.0025995043106377125  PSNR: 30.94925308227539  Global Step: 108000  Time 0.58863
[TRAIN] Iter: 108500 Loss: 0.0018861459102481604  PSNR: 31.305522918701172  Global Step: 108500  Time 0.58624
[TRAIN] Iter: 109000 Loss: 0.0021596592850983143  PSNR: 31.519344329833984  Global Step: 109000  Time 0.58514
[TRAIN] Iter: 109500 Loss: 0.0023523904383182526  PSNR: 31.36566162109375  Global Step: 109500  Time 0.58581
saved weights at ./log/nyx256-500/model_110000.npy
saved weights at ./log/nyx256-500/model_fine_110000.npy
saved weights at ./log/nyx256-500/optimizer_110000.npy
test poses shape (12, 4, 4)
render time img 0: 7.62939453125e-06  RGB and Disp Map Shape: (256, 256, 3) (256, 256)
  test img 0 PSNR: 31.736984252929688
render time img 1: 3.0958423614501953  test img 1 PSNR: 30.71108341217041
render time img 2: 3.2164840698242188  test img 2 PSNR: 31.9248366355896
render time img 3: 3.171875476837158  test img 3 PSNR: 32.58257865905762
render time img 4: 3.1955173015594482  test img 4 PSNR: 30.6766676902771
render time img 5: 3.245687484741211  test img 5 PSNR: 31.328153610229492
render time img 6: 3.205315351486206  test img 6 PSNR: 31.734542846679688
render time img 7: 3.1877059936523438  test img 7 PSNR: 31.69595241546631
render time img 8: 3.2136847972869873  test img 8 PSNR: 30.64903736114502
render time img 9: 3.203538179397583  test img 9 PSNR: 30.48699378967285
render time img 10: 3.187401056289673  test img 10 PSNR: 31.22251272201538
render time img 11: 3.1704394817352295  test img 11 PSNR: 30.365595817565918
Saved test set
[TRAIN] Iter: 110000 Loss: 0.0024430544581264257  PSNR: 30.324739456176758  Global Step: 110000  Time 0.58854
[TRAIN] Iter: 110500 Loss: 0.0020184095483273268  PSNR: 31.67563819885254  Global Step: 110500  Time 0.58979
[TRAIN] Iter: 111000 Loss: 0.0021547572687268257  PSNR: 31.10874366760254  Global Step: 111000  Time 0.58553
[TRAIN] Iter: 111500 Loss: 0.0024288445711135864  PSNR: 31.076541900634766  Global Step: 111500  Time 0.58290
[TRAIN] Iter: 112000 Loss: 0.0016709589399397373  PSNR: 32.486106872558594  Global Step: 112000  Time 0.59080
[TRAIN] Iter: 112500 Loss: 0.001541385892778635  PSNR: 32.39520263671875  Global Step: 112500  Time 0.58507
[TRAIN] Iter: 113000 Loss: 0.0016869883984327316  PSNR: 32.0693244934082  Global Step: 113000  Time 0.58624
[TRAIN] Iter: 113500 Loss: 0.002515264553949237  PSNR: 30.44718360900879  Global Step: 113500  Time 0.58089
[TRAIN] Iter: 114000 Loss: 0.0025310348719358444  PSNR: 30.94647979736328  Global Step: 114000  Time 0.58502
[TRAIN] Iter: 114500 Loss: 0.0019203608389943838  PSNR: 31.73366928100586  Global Step: 114500  Time 0.58685
[TRAIN] Iter: 115000 Loss: 0.0018621699418872595  PSNR: 32.3492317199707  Global Step: 115000  Time 0.59104
[TRAIN] Iter: 115500 Loss: 0.0021450044587254524  PSNR: 31.362564086914062  Global Step: 115500  Time 0.58636
[TRAIN] Iter: 116000 Loss: 0.0014763843500986695  PSNR: 32.309696197509766  Global Step: 116000  Time 0.59090
[TRAIN] Iter: 116500 Loss: 0.0025417914148420095  PSNR: 31.05971908569336  Global Step: 116500  Time 0.58667
[TRAIN] Iter: 117000 Loss: 0.0022230593021959066  PSNR: 30.9423770904541  Global Step: 117000  Time 0.58613
[TRAIN] Iter: 117500 Loss: 0.0026552174240350723  PSNR: 30.274394989013672  Global Step: 117500  Time 0.58233
[TRAIN] Iter: 118000 Loss: 0.0021191334817558527  PSNR: 31.592607498168945  Global Step: 118000  Time 0.58637
[TRAIN] Iter: 118500 Loss: 0.001795132295228541  PSNR: 32.31104278564453  Global Step: 118500  Time 0.56610
[TRAIN] Iter: 119000 Loss: 0.0024744796101003885  PSNR: 30.506807327270508  Global Step: 119000  Time 0.58262
[TRAIN] Iter: 119500 Loss: 0.0023958731908351183  PSNR: 30.411500930786133  Global Step: 119500  Time 0.58575
saved weights at ./log/nyx256-500/model_120000.npy
saved weights at ./log/nyx256-500/model_fine_120000.npy
saved weights at ./log/nyx256-500/optimizer_120000.npy
test poses shape (12, 4, 4)
render time img 0: 8.106231689453125e-06  RGB and Disp Map Shape: (256, 256, 3) (256, 256)
  test img 0 PSNR: 32.13699817657471
render time img 1: 3.1559040546417236  test img 1 PSNR: 31.002507209777832
render time img 2: 3.2380893230438232  test img 2 PSNR: 32.916972637176514
render time img 3: 3.191906213760376  test img 3 PSNR: 32.678890228271484
render time img 4: 3.1987874507904053  test img 4 PSNR: 31.110880374908447
render time img 5: 3.1960926055908203  test img 5 PSNR: 31.714463233947754
render time img 6: 3.19423508644104  test img 6 PSNR: 32.38215923309326
render time img 7: 3.1354146003723145  test img 7 PSNR: 31.724209785461426
render time img 8: 3.2100110054016113  test img 8 PSNR: 31.32150411605835
render time img 9: 3.184997320175171  test img 9 PSNR: 30.9190034866333
render time img 10: 3.205409049987793  test img 10 PSNR: 31.380126476287842
render time img 11: 3.214592933654785  test img 11 PSNR: 31.026344299316406
Saved test set
[TRAIN] Iter: 120000 Loss: 0.0026203710585832596  PSNR: 30.489748001098633  Global Step: 120000  Time 0.56314
[TRAIN] Iter: 120500 Loss: 0.0024264801759272814  PSNR: 31.13364028930664  Global Step: 120500  Time 0.58509
[TRAIN] Iter: 121000 Loss: 0.0024167883675545454  PSNR: 31.173931121826172  Global Step: 121000  Time 0.58544
[TRAIN] Iter: 121500 Loss: 0.0013637403026223183  PSNR: 32.50461959838867  Global Step: 121500  Time 0.58654
[TRAIN] Iter: 122000 Loss: 0.0021183514036238194  PSNR: 31.755146026611328  Global Step: 122000  Time 0.58958
[TRAIN] Iter: 122500 Loss: 0.0019334749085828662  PSNR: 31.823501586914062  Global Step: 122500  Time 0.58560
[TRAIN] Iter: 123000 Loss: 0.0019917122554033995  PSNR: 31.56354522705078  Global Step: 123000  Time 0.58959
[TRAIN] Iter: 123500 Loss: 0.002714176196604967  PSNR: 30.1804141998291  Global Step: 123500  Time 0.58425
[TRAIN] Iter: 124000 Loss: 0.0021198377944529057  PSNR: 31.6024112701416  Global Step: 124000  Time 0.58869
[TRAIN] Iter: 124500 Loss: 0.00246008881367743  PSNR: 30.77733039855957  Global Step: 124500  Time 0.58740
[TRAIN] Iter: 125000 Loss: 0.0025964733213186264  PSNR: 30.41727638244629  Global Step: 125000  Time 0.58548
[TRAIN] Iter: 125500 Loss: 0.0017563416622579098  PSNR: 32.26802062988281  Global Step: 125500  Time 0.58874
[TRAIN] Iter: 126000 Loss: 0.001796001335605979  PSNR: 32.300437927246094  Global Step: 126000  Time 0.59067
[TRAIN] Iter: 126500 Loss: 0.0016249557957053185  PSNR: 32.01589584350586  Global Step: 126500  Time 0.56391
[TRAIN] Iter: 127000 Loss: 0.002135553164407611  PSNR: 31.423221588134766  Global Step: 127000  Time 0.58994
[TRAIN] Iter: 127500 Loss: 0.001629497273825109  PSNR: 32.50391387939453  Global Step: 127500  Time 0.58790
[TRAIN] Iter: 128000 Loss: 0.0030534008983522654  PSNR: 29.904335021972656  Global Step: 128000  Time 0.58575
[TRAIN] Iter: 128500 Loss: 0.002341838553547859  PSNR: 30.374032974243164  Global Step: 128500  Time 0.58417
[TRAIN] Iter: 129000 Loss: 0.0022603394463658333  PSNR: 31.274396896362305  Global Step: 129000  Time 0.59003
[TRAIN] Iter: 129500 Loss: 0.002315856283530593  PSNR: 31.39064598083496  Global Step: 129500  Time 0.58467
saved weights at ./log/nyx256-500/model_130000.npy
saved weights at ./log/nyx256-500/model_fine_130000.npy
saved weights at ./log/nyx256-500/optimizer_130000.npy
test poses shape (12, 4, 4)
render time img 0: 7.62939453125e-06  RGB and Disp Map Shape: (256, 256, 3) (256, 256)
  test img 0 PSNR: 32.23759651184082
render time img 1: 3.155029058456421  test img 1 PSNR: 30.995163917541504
render time img 2: 3.227118730545044  test img 2 PSNR: 32.93775796890259
render time img 3: 3.1936752796173096  test img 3 PSNR: 32.51605272293091
render time img 4: 3.1940743923187256  test img 4 PSNR: 31.12600803375244
render time img 5: 3.200317621231079  test img 5 PSNR: 31.911287307739258
render time img 6: 3.2048563957214355  test img 6 PSNR: 32.02511787414551
render time img 7: 3.1991875171661377  test img 7 PSNR: 32.184386253356934
render time img 8: 3.2116572856903076  test img 8 PSNR: 31.46418333053589
render time img 9: 3.203282117843628  test img 9 PSNR: 30.991332530975342
render time img 10: 3.211294651031494  test img 10 PSNR: 31.346030235290527
render time img 11: 3.2263331413269043  test img 11 PSNR: 31.16081714630127
Saved test set
[TRAIN] Iter: 130000 Loss: 0.0018157628364861012  PSNR: 32.24102783203125  Global Step: 130000  Time 0.58649
[TRAIN] Iter: 130500 Loss: 0.0024063237942755222  PSNR: 30.682941436767578  Global Step: 130500  Time 0.58795
[TRAIN] Iter: 131000 Loss: 0.0026434168685227633  PSNR: 31.002519607543945  Global Step: 131000  Time 0.58511
[TRAIN] Iter: 131500 Loss: 0.0018382810521870852  PSNR: 32.3726692199707  Global Step: 131500  Time 0.58908
[TRAIN] Iter: 132000 Loss: 0.002429142128676176  PSNR: 30.894485473632812  Global Step: 132000  Time 0.58136
[TRAIN] Iter: 132500 Loss: 0.0022455742582678795  PSNR: 31.57123565673828  Global Step: 132500  Time 0.58999
[TRAIN] Iter: 133000 Loss: 0.001446866779588163  PSNR: 33.264747619628906  Global Step: 133000  Time 0.54540
[TRAIN] Iter: 133500 Loss: 0.0021168608218431473  PSNR: 31.23477554321289  Global Step: 133500  Time 0.58490
[TRAIN] Iter: 134000 Loss: 0.0015160078182816505  PSNR: 32.72873306274414  Global Step: 134000  Time 0.57864
[TRAIN] Iter: 134500 Loss: 0.0018844467122107744  PSNR: 32.0753173828125  Global Step: 134500  Time 0.58914
[TRAIN] Iter: 135000 Loss: 0.0022848257794976234  PSNR: 31.05414581298828  Global Step: 135000  Time 0.58567
[TRAIN] Iter: 135500 Loss: 0.002362375846132636  PSNR: 30.834625244140625  Global Step: 135500  Time 0.58798
[TRAIN] Iter: 136000 Loss: 0.0015701985685154796  PSNR: 32.6206169128418  Global Step: 136000  Time 0.58164
[TRAIN] Iter: 136500 Loss: 0.0024321223609149456  PSNR: 30.629390716552734  Global Step: 136500  Time 0.58735
[TRAIN] Iter: 137000 Loss: 0.0019312759395688772  PSNR: 31.915485382080078  Global Step: 137000  Time 0.58600
[TRAIN] Iter: 137500 Loss: 0.0021614995785057545  PSNR: 31.272764205932617  Global Step: 137500  Time 0.59050
[TRAIN] Iter: 138000 Loss: 0.0015898559940978885  PSNR: 32.47804641723633  Global Step: 138000  Time 0.58549
[TRAIN] Iter: 138500 Loss: 0.0016514126909896731  PSNR: 32.58650207519531  Global Step: 138500  Time 0.58080
[TRAIN] Iter: 139000 Loss: 0.001823202590458095  PSNR: 32.04274368286133  Global Step: 139000  Time 0.57601
[TRAIN] Iter: 139500 Loss: 0.002375854179263115  PSNR: 30.981887817382812  Global Step: 139500  Time 0.58151
saved weights at ./log/nyx256-500/model_140000.npy
saved weights at ./log/nyx256-500/model_fine_140000.npy
saved weights at ./log/nyx256-500/optimizer_140000.npy
test poses shape (12, 4, 4)
render time img 0: 7.3909759521484375e-06  RGB and Disp Map Shape: (256, 256, 3) (256, 256)
  test img 0 PSNR: 32.46497631072998
render time img 1: 3.17816424369812  test img 1 PSNR: 31.21981143951416
render time img 2: 3.1648447513580322  test img 2 PSNR: 33.055408000946045
render time img 3: 3.1825857162475586  test img 3 PSNR: 33.06803226470947
render time img 4: 3.2010176181793213  test img 4 PSNR: 31.199951171875
render time img 5: 3.1665308475494385  test img 5 PSNR: 31.714966297149658
render time img 6: 3.150240659713745  test img 6 PSNR: 32.46003866195679
render time img 7: 3.1888697147369385  test img 7 PSNR: 32.05963134765625
render time img 8: 3.21891188621521  test img 8 PSNR: 31.50035858154297
render time img 9: 3.1750309467315674  test img 9 PSNR: 30.84221839904785
render time img 10: 3.2155356407165527  test img 10 PSNR: 31.345648765563965
render time img 11: 3.213120937347412  test img 11 PSNR: 31.284303665161133
Saved test set
[TRAIN] Iter: 140000 Loss: 0.002452210057526827  PSNR: 30.857452392578125  Global Step: 140000  Time 0.58619
[TRAIN] Iter: 140500 Loss: 0.002180365612730384  PSNR: 31.605953216552734  Global Step: 140500  Time 0.58983
[TRAIN] Iter: 141000 Loss: 0.0019695786759257317  PSNR: 32.13307189941406  Global Step: 141000  Time 0.57328
[TRAIN] Iter: 141500 Loss: 0.002254253486171365  PSNR: 31.096179962158203  Global Step: 141500  Time 0.58149
[TRAIN] Iter: 142000 Loss: 0.001491660950705409  PSNR: 32.95549011230469  Global Step: 142000  Time 0.58535
[TRAIN] Iter: 142500 Loss: 0.001473856857046485  PSNR: 33.23809051513672  Global Step: 142500  Time 0.58729
[TRAIN] Iter: 143000 Loss: 0.0023568221367895603  PSNR: 31.387569427490234  Global Step: 143000  Time 0.58588
[TRAIN] Iter: 143500 Loss: 0.0022605103440582752  PSNR: 31.303926467895508  Global Step: 143500  Time 0.58737
[TRAIN] Iter: 144000 Loss: 0.001778965350240469  PSNR: 31.643583297729492  Global Step: 144000  Time 0.58743
[TRAIN] Iter: 144500 Loss: 0.0013351618545129895  PSNR: 33.31645965576172  Global Step: 144500  Time 0.58315
[TRAIN] Iter: 145000 Loss: 0.0017804328817874193  PSNR: 32.213539123535156  Global Step: 145000  Time 0.58474
[TRAIN] Iter: 145500 Loss: 0.0025428812950849533  PSNR: 30.912763595581055  Global Step: 145500  Time 0.58570
[TRAIN] Iter: 146000 Loss: 0.002304662484675646  PSNR: 30.940826416015625  Global Step: 146000  Time 0.59010
[TRAIN] Iter: 146500 Loss: 0.001703424728475511  PSNR: 32.10136413574219  Global Step: 146500  Time 0.58626
[TRAIN] Iter: 147000 Loss: 0.0018176811281591654  PSNR: 32.30902099609375  Global Step: 147000  Time 0.58720
[TRAIN] Iter: 147500 Loss: 0.0017431129235774279  PSNR: 31.923580169677734  Global Step: 147500  Time 0.58565
[TRAIN] Iter: 148000 Loss: 0.002182507887482643  PSNR: 31.415206909179688  Global Step: 148000  Time 0.62028
[TRAIN] Iter: 148500 Loss: 0.0020598520059138536  PSNR: 31.40226936340332  Global Step: 148500  Time 0.58238
[TRAIN] Iter: 149000 Loss: 0.0022296556271612644  PSNR: 31.37035369873047  Global Step: 149000  Time 0.56437
[TRAIN] Iter: 149500 Loss: 0.002442140830680728  PSNR: 30.7218074798584  Global Step: 149500  Time 0.58424
saved weights at ./log/nyx256-500/model_150000.npy
saved weights at ./log/nyx256-500/model_fine_150000.npy
saved weights at ./log/nyx256-500/optimizer_150000.npy
test poses shape (12, 4, 4)
render time img 0: 8.106231689453125e-06  RGB and Disp Map Shape: (256, 256, 3) (256, 256)
  test img 0 PSNR: 32.41144895553589
render time img 1: 3.1568984985351562  test img 1 PSNR: 31.246836185455322
render time img 2: 3.2245607376098633  test img 2 PSNR: 33.31765174865723
render time img 3: 3.1792705059051514  test img 3 PSNR: 33.21951150894165
render time img 4: 3.1865971088409424  test img 4 PSNR: 31.331305503845215
render time img 5: 3.2097668647766113  test img 5 PSNR: 31.99342966079712
render time img 6: 3.2014901638031006  test img 6 PSNR: 32.7390193939209
render time img 7: 3.1919665336608887  test img 7 PSNR: 32.25017786026001
render time img 8: 3.1976985931396484  test img 8 PSNR: 31.57989501953125
render time img 9: 3.2027175426483154  test img 9 PSNR: 31.215691566467285
render time img 10: 3.2092771530151367  test img 10 PSNR: 31.60414695739746
render time img 11: 3.202670097351074  test img 11 PSNR: 31.339948177337646
Saved test set
[TRAIN] Iter: 150000 Loss: 0.0018660263158380985  PSNR: 31.945417404174805  Global Step: 150000  Time 0.58579
[TRAIN] Iter: 150500 Loss: 0.0015948694199323654  PSNR: 32.567970275878906  Global Step: 150500  Time 0.59035
[TRAIN] Iter: 151000 Loss: 0.0022643522825092077  PSNR: 31.225317001342773  Global Step: 151000  Time 0.58915
[TRAIN] Iter: 151500 Loss: 0.0012999841710552573  PSNR: 33.23297882080078  Global Step: 151500  Time 0.58721
[TRAIN] Iter: 152000 Loss: 0.0022470380645245314  PSNR: 31.401588439941406  Global Step: 152000  Time 0.58721
[TRAIN] Iter: 152500 Loss: 0.0021458291448652744  PSNR: 31.84328842163086  Global Step: 152500  Time 0.58158
[TRAIN] Iter: 153000 Loss: 0.0020461222156882286  PSNR: 31.5574951171875  Global Step: 153000  Time 0.58377
[TRAIN] Iter: 153500 Loss: 0.002639252692461014  PSNR: 30.880937576293945  Global Step: 153500  Time 0.58630
[TRAIN] Iter: 154000 Loss: 0.0016819273587316275  PSNR: 32.46427917480469  Global Step: 154000  Time 0.58921
[TRAIN] Iter: 154500 Loss: 0.0025389008224010468  PSNR: 31.236909866333008  Global Step: 154500  Time 0.58906
[TRAIN] Iter: 155000 Loss: 0.002045317552983761  PSNR: 31.672204971313477  Global Step: 155000  Time 0.58514
[TRAIN] Iter: 155500 Loss: 0.0023532724007964134  PSNR: 31.005489349365234  Global Step: 155500  Time 0.58752
[TRAIN] Iter: 156000 Loss: 0.0017256331630051136  PSNR: 32.905540466308594  Global Step: 156000  Time 0.58816
[TRAIN] Iter: 156500 Loss: 0.0027611544355750084  PSNR: 30.09295654296875  Global Step: 156500  Time 0.58777
[TRAIN] Iter: 157000 Loss: 0.0014522051205858588  PSNR: 33.262569427490234  Global Step: 157000  Time 0.59002
[TRAIN] Iter: 157500 Loss: 0.0017959955148398876  PSNR: 32.47498321533203  Global Step: 157500  Time 0.58826
[TRAIN] Iter: 158000 Loss: 0.0016601205570623279  PSNR: 32.75239181518555  Global Step: 158000  Time 0.58957
[TRAIN] Iter: 158500 Loss: 0.0020604280289262533  PSNR: 31.901975631713867  Global Step: 158500  Time 0.58928
[TRAIN] Iter: 159000 Loss: 0.0018065515905618668  PSNR: 32.296443939208984  Global Step: 159000  Time 0.58645
[TRAIN] Iter: 159500 Loss: 0.0023800311610102654  PSNR: 30.91253089904785  Global Step: 159500  Time 0.58546
saved weights at ./log/nyx256-500/model_160000.npy
saved weights at ./log/nyx256-500/model_fine_160000.npy
saved weights at ./log/nyx256-500/optimizer_160000.npy
test poses shape (12, 4, 4)
render time img 0: 8.58306884765625e-06  RGB and Disp Map Shape: (256, 256, 3) (256, 256)
  test img 0 PSNR: 32.387447357177734
render time img 1: 3.146245241165161  test img 1 PSNR: 31.25044345855713
render time img 2: 3.208097457885742  test img 2 PSNR: 33.20751905441284
render time img 3: 3.1732397079467773  test img 3 PSNR: 33.47498655319214
render time img 4: 3.1794354915618896  test img 4 PSNR: 31.27807378768921
render time img 5: 3.190077304840088  test img 5 PSNR: 31.92549467086792
render time img 6: 3.186652660369873  test img 6 PSNR: 32.860774993896484
render time img 7: 3.1885504722595215  test img 7 PSNR: 32.33342409133911
render time img 8: 3.1758546829223633  test img 8 PSNR: 31.543443202972412
render time img 9: 3.1818690299987793  test img 9 PSNR: 31.012697219848633
render time img 10: 3.1411168575286865  test img 10 PSNR: 31.58975124359131
render time img 11: 3.1843421459198  test img 11 PSNR: 31.19182586669922
Saved test set
[TRAIN] Iter: 160000 Loss: 0.001537148142233491  PSNR: 32.895965576171875  Global Step: 160000  Time 0.58794
[TRAIN] Iter: 160500 Loss: 0.001892879605293274  PSNR: 31.937095642089844  Global Step: 160500  Time 0.57236
[TRAIN] Iter: 161000 Loss: 0.0018765581771731377  PSNR: 31.78927993774414  Global Step: 161000  Time 0.59035
[TRAIN] Iter: 161500 Loss: 0.00278394459746778  PSNR: 30.921096801757812  Global Step: 161500  Time 0.58491
[TRAIN] Iter: 162000 Loss: 0.0017429994186386466  PSNR: 31.952760696411133  Global Step: 162000  Time 0.58907
[TRAIN] Iter: 162500 Loss: 0.0025610774755477905  PSNR: 30.56085205078125  Global Step: 162500  Time 0.58861
[TRAIN] Iter: 163000 Loss: 0.002219281392171979  PSNR: 31.079015731811523  Global Step: 163000  Time 0.58574
[TRAIN] Iter: 163500 Loss: 0.0023390764836221933  PSNR: 31.356613159179688  Global Step: 163500  Time 0.58813
[TRAIN] Iter: 164000 Loss: 0.0022503328509628773  PSNR: 31.005319595336914  Global Step: 164000  Time 0.59226
[TRAIN] Iter: 164500 Loss: 0.0023942110128700733  PSNR: 31.080902099609375  Global Step: 164500  Time 0.58429
[TRAIN] Iter: 165000 Loss: 0.0021139064338058233  PSNR: 31.196346282958984  Global Step: 165000  Time 0.58716
[TRAIN] Iter: 165500 Loss: 0.0024126283824443817  PSNR: 30.962678909301758  Global Step: 165500  Time 0.58888
[TRAIN] Iter: 166000 Loss: 0.0025526555255055428  PSNR: 30.69898796081543  Global Step: 166000  Time 0.58744
[TRAIN] Iter: 166500 Loss: 0.0012318195076659322  PSNR: 33.47393035888672  Global Step: 166500  Time 0.61745
[TRAIN] Iter: 167000 Loss: 0.001306647900491953  PSNR: 33.10986328125  Global Step: 167000  Time 0.58618
[TRAIN] Iter: 167500 Loss: 0.0020585269667208195  PSNR: 32.170166015625  Global Step: 167500  Time 0.58990
[TRAIN] Iter: 168000 Loss: 0.0020498367957770824  PSNR: 31.732473373413086  Global Step: 168000  Time 0.58278
[TRAIN] Iter: 168500 Loss: 0.001642458257265389  PSNR: 32.5172119140625  Global Step: 168500  Time 0.59103
[TRAIN] Iter: 169000 Loss: 0.0020250852685421705  PSNR: 31.85708999633789  Global Step: 169000  Time 0.58586
[TRAIN] Iter: 169500 Loss: 0.002051904331892729  PSNR: 31.874372482299805  Global Step: 169500  Time 0.58814
saved weights at ./log/nyx256-500/model_170000.npy
saved weights at ./log/nyx256-500/model_fine_170000.npy
saved weights at ./log/nyx256-500/optimizer_170000.npy
test poses shape (12, 4, 4)
render time img 0: 8.106231689453125e-06  RGB and Disp Map Shape: (256, 256, 3) (256, 256)
  test img 0 PSNR: 32.81380891799927
render time img 1: 3.141866683959961  test img 1 PSNR: 31.454060077667236
render time img 2: 3.1928625106811523  test img 2 PSNR: 33.59262228012085
render time img 3: 3.1777167320251465  test img 3 PSNR: 33.408708572387695
render time img 4: 3.1804659366607666  test img 4 PSNR: 31.550559997558594
render time img 5: 3.179077386856079  test img 5 PSNR: 32.12658882141113
render time img 6: 3.180957794189453  test img 6 PSNR: 33.06621074676514
render time img 7: 3.1836013793945312  test img 7 PSNR: 32.659289836883545
render time img 8: 3.1847097873687744  test img 8 PSNR: 31.73095941543579
render time img 9: 3.187222957611084  test img 9 PSNR: 31.237170696258545
render time img 10: 3.184701681137085  test img 10 PSNR: 31.76741600036621
render time img 11: 3.1992313861846924  test img 11 PSNR: 31.5970778465271
Saved test set
[TRAIN] Iter: 170000 Loss: 0.0015282295644283295  PSNR: 33.05244827270508  Global Step: 170000  Time 0.58717
[TRAIN] Iter: 170500 Loss: 0.0021256757900118828  PSNR: 31.508817672729492  Global Step: 170500  Time 0.58467
[TRAIN] Iter: 171000 Loss: 0.0017152810469269753  PSNR: 32.38081741333008  Global Step: 171000  Time 0.58615
[TRAIN] Iter: 171500 Loss: 0.002408497966825962  PSNR: 31.30501937866211  Global Step: 171500  Time 0.59344
[TRAIN] Iter: 172000 Loss: 0.00228338991291821  PSNR: 31.295719146728516  Global Step: 172000  Time 0.58737
[TRAIN] Iter: 172500 Loss: 0.002649156143888831  PSNR: 30.885112762451172  Global Step: 172500  Time 0.58686
[TRAIN] Iter: 173000 Loss: 0.0019302207510918379  PSNR: 32.49992370605469  Global Step: 173000  Time 0.58522
[TRAIN] Iter: 173500 Loss: 0.002536236308515072  PSNR: 30.811567306518555  Global Step: 173500  Time 0.58572
[TRAIN] Iter: 174000 Loss: 0.0017675990238785744  PSNR: 32.27909469604492  Global Step: 174000  Time 0.53620
[TRAIN] Iter: 174500 Loss: 0.0016146053094416857  PSNR: 32.763343811035156  Global Step: 174500  Time 0.58937
[TRAIN] Iter: 175000 Loss: 0.0020197986159473658  PSNR: 31.471227645874023  Global Step: 175000  Time 0.58741
[TRAIN] Iter: 175500 Loss: 0.0016037002205848694  PSNR: 32.7542610168457  Global Step: 175500  Time 0.58851
[TRAIN] Iter: 176000 Loss: 0.0012568189995363355  PSNR: 33.4482536315918  Global Step: 176000  Time 0.58446
[TRAIN] Iter: 176500 Loss: 0.001732410630211234  PSNR: 32.47565460205078  Global Step: 176500  Time 0.58802
[TRAIN] Iter: 177000 Loss: 0.0020530996844172478  PSNR: 31.48166847229004  Global Step: 177000  Time 0.58744
[TRAIN] Iter: 177500 Loss: 0.0012633532751351595  PSNR: 33.70408248901367  Global Step: 177500  Time 0.58414
[TRAIN] Iter: 178000 Loss: 0.0022395793348550797  PSNR: 31.7374267578125  Global Step: 178000  Time 0.58523
[TRAIN] Iter: 178500 Loss: 0.0014967217575758696  PSNR: 32.89103698730469  Global Step: 178500  Time 0.58703
[TRAIN] Iter: 179000 Loss: 0.002149285050109029  PSNR: 31.52815055847168  Global Step: 179000  Time 0.58448
[TRAIN] Iter: 179500 Loss: 0.0017528985626995564  PSNR: 32.219547271728516  Global Step: 179500  Time 0.58841
saved weights at ./log/nyx256-500/model_180000.npy
saved weights at ./log/nyx256-500/model_fine_180000.npy
saved weights at ./log/nyx256-500/optimizer_180000.npy
test poses shape (12, 4, 4)
render time img 0: 7.867813110351562e-06  RGB and Disp Map Shape: (256, 256, 3) (256, 256)
  test img 0 PSNR: 32.36887216567993
render time img 1: 3.0529916286468506  test img 1 PSNR: 31.34563684463501
render time img 2: 3.153388023376465  test img 2 PSNR: 33.481905460357666
render time img 3: 3.169883966445923  test img 3 PSNR: 33.40758800506592
render time img 4: 3.166698455810547  test img 4 PSNR: 31.30533456802368
render time img 5: 3.1964454650878906  test img 5 PSNR: 32.2683048248291
render time img 6: 3.1872005462646484  test img 6 PSNR: 32.79113531112671
render time img 7: 3.1861677169799805  test img 7 PSNR: 32.34448194503784
render time img 8: 3.1991519927978516  test img 8 PSNR: 31.758909225463867
render time img 9: 3.1767237186431885  test img 9 PSNR: 31.230144500732422
render time img 10: 3.195178508758545  test img 10 PSNR: 31.5844464302063
render time img 11: 3.187948703765869  test img 11 PSNR: 31.46415948867798
Saved test set
[TRAIN] Iter: 180000 Loss: 0.0017953463830053806  PSNR: 32.15974807739258  Global Step: 180000  Time 0.58615
[TRAIN] Iter: 180500 Loss: 0.00206530699506402  PSNR: 31.551454544067383  Global Step: 180500  Time 0.58629
[TRAIN] Iter: 181000 Loss: 0.0022182271350175142  PSNR: 31.19680404663086  Global Step: 181000  Time 0.57759
[TRAIN] Iter: 181500 Loss: 0.002084095263853669  PSNR: 31.46567726135254  Global Step: 181500  Time 0.58749
[TRAIN] Iter: 182000 Loss: 0.0016244659200310707  PSNR: 32.83091735839844  Global Step: 182000  Time 0.58629
[TRAIN] Iter: 182500 Loss: 0.001769296359270811  PSNR: 32.054988861083984  Global Step: 182500  Time 0.58750
[TRAIN] Iter: 183000 Loss: 0.0012710252776741982  PSNR: 33.237491607666016  Global Step: 183000  Time 0.58803
[TRAIN] Iter: 183500 Loss: 0.0016430206596851349  PSNR: 32.51072692871094  Global Step: 183500  Time 0.58694
[TRAIN] Iter: 184000 Loss: 0.0014784757513552904  PSNR: 32.006141662597656  Global Step: 184000  Time 0.58662
[TRAIN] Iter: 184500 Loss: 0.0022220744285732508  PSNR: 31.65648651123047  Global Step: 184500  Time 0.58343
[TRAIN] Iter: 185000 Loss: 0.002074234653264284  PSNR: 31.465633392333984  Global Step: 185000  Time 0.61450
[TRAIN] Iter: 185500 Loss: 0.0019116407493129373  PSNR: 32.15754318237305  Global Step: 185500  Time 0.58877
[TRAIN] Iter: 186000 Loss: 0.0019398215226829052  PSNR: 31.890644073486328  Global Step: 186000  Time 0.59036
[TRAIN] Iter: 186500 Loss: 0.002449115039780736  PSNR: 31.0161075592041  Global Step: 186500  Time 0.59090
[TRAIN] Iter: 187000 Loss: 0.002648328896611929  PSNR: 30.954620361328125  Global Step: 187000  Time 0.58647
[TRAIN] Iter: 187500 Loss: 0.002039587590843439  PSNR: 31.62899398803711  Global Step: 187500  Time 0.58369
[TRAIN] Iter: 188000 Loss: 0.001991665456444025  PSNR: 32.20901107788086  Global Step: 188000  Time 0.58719
[TRAIN] Iter: 188500 Loss: 0.0024932855740189552  PSNR: 30.994722366333008  Global Step: 188500  Time 0.58667
[TRAIN] Iter: 189000 Loss: 0.0017934534698724747  PSNR: 32.67371368408203  Global Step: 189000  Time 0.59046
[TRAIN] Iter: 189500 Loss: 0.002081823069602251  PSNR: 31.219911575317383  Global Step: 189500  Time 0.58509
saved weights at ./log/nyx256-500/model_190000.npy
saved weights at ./log/nyx256-500/model_fine_190000.npy
saved weights at ./log/nyx256-500/optimizer_190000.npy
test poses shape (12, 4, 4)
render time img 0: 8.344650268554688e-06  RGB and Disp Map Shape: (256, 256, 3) (256, 256)
  test img 0 PSNR: 32.8354811668396
render time img 1: 3.2148687839508057  test img 1 PSNR: 31.670944690704346
render time img 2: 3.2242555618286133  test img 2 PSNR: 33.70276689529419
render time img 3: 3.162308931350708  test img 3 PSNR: 33.65140438079834
render time img 4: 3.144843339920044  test img 4 PSNR: 31.578409671783447
render time img 5: 3.1749074459075928  test img 5 PSNR: 32.43783712387085
render time img 6: 3.2011163234710693  test img 6 PSNR: 33.17410469055176
render time img 7: 3.179342746734619  test img 7 PSNR: 32.75717258453369
render time img 8: 3.153390645980835  test img 8 PSNR: 32.0996356010437
render time img 9: 3.186629295349121  test img 9 PSNR: 31.369242668151855
render time img 10: 3.2093679904937744  test img 10 PSNR: 31.8141770362854
render time img 11: 3.2168736457824707  test img 11 PSNR: 31.737096309661865
Saved test set
[TRAIN] Iter: 190000 Loss: 0.0018885224126279354  PSNR: 32.07987594604492  Global Step: 190000  Time 0.58872
[TRAIN] Iter: 190500 Loss: 0.0016038805479183793  PSNR: 32.895809173583984  Global Step: 190500  Time 0.58424
[TRAIN] Iter: 191000 Loss: 0.001785510452464223  PSNR: 32.314231872558594  Global Step: 191000  Time 0.58906
[TRAIN] Iter: 191500 Loss: 0.001443873974494636  PSNR: 33.008365631103516  Global Step: 191500  Time 0.58685
[TRAIN] Iter: 192000 Loss: 0.0019397935830056667  PSNR: 31.95879364013672  Global Step: 192000  Time 0.58597
[TRAIN] Iter: 192500 Loss: 0.0015323415864259005  PSNR: 32.75565719604492  Global Step: 192500  Time 0.58614
[TRAIN] Iter: 193000 Loss: 0.002447020960971713  PSNR: 31.174823760986328  Global Step: 193000  Time 0.58645
[TRAIN] Iter: 193500 Loss: 0.001443314366042614  PSNR: 32.74005889892578  Global Step: 193500  Time 0.57568
[TRAIN] Iter: 194000 Loss: 0.0016267311293631792  PSNR: 32.67321014404297  Global Step: 194000  Time 0.58704
[TRAIN] Iter: 194500 Loss: 0.002081878948956728  PSNR: 31.813982009887695  Global Step: 194500  Time 0.58618
[TRAIN] Iter: 195000 Loss: 0.0018041462171822786  PSNR: 32.27354049682617  Global Step: 195000  Time 0.56694
[TRAIN] Iter: 195500 Loss: 0.001293044537305832  PSNR: 33.158023834228516  Global Step: 195500  Time 0.58524
[TRAIN] Iter: 196000 Loss: 0.0019302226137369871  PSNR: 32.036808013916016  Global Step: 196000  Time 0.58371
[TRAIN] Iter: 196500 Loss: 0.002198766218498349  PSNR: 31.517559051513672  Global Step: 196500  Time 0.58798
[TRAIN] Iter: 197000 Loss: 0.001933390973135829  PSNR: 31.585966110229492  Global Step: 197000  Time 0.58696
[TRAIN] Iter: 197500 Loss: 0.0018122619949281216  PSNR: 32.092506408691406  Global Step: 197500  Time 0.58981
[TRAIN] Iter: 198000 Loss: 0.0022335578687489033  PSNR: 31.516040802001953  Global Step: 198000  Time 0.59069
[TRAIN] Iter: 198500 Loss: 0.002081664279103279  PSNR: 31.703781127929688  Global Step: 198500  Time 0.58820
[TRAIN] Iter: 199000 Loss: 0.002005754504352808  PSNR: 31.590227127075195  Global Step: 199000  Time 0.58979
[TRAIN] Iter: 199500 Loss: 0.0016827038489282131  PSNR: 32.813053131103516  Global Step: 199500  Time 0.58132
saved weights at ./log/nyx256-500/model_200000.npy
saved weights at ./log/nyx256-500/model_fine_200000.npy
saved weights at ./log/nyx256-500/optimizer_200000.npy
test poses shape (12, 4, 4)
render time img 0: 1.0967254638671875e-05  RGB and Disp Map Shape: (256, 256, 3) (256, 256)
  test img 0 PSNR: 32.779011726379395
render time img 1: 3.200193405151367  test img 1 PSNR: 31.69654130935669
render time img 2: 3.1944687366485596  test img 2 PSNR: 33.76946449279785
render time img 3: 3.1688547134399414  test img 3 PSNR: 33.759663105010986
render time img 4: 3.18462872505188  test img 4 PSNR: 31.50712013244629
render time img 5: 3.1963391304016113  test img 5 PSNR: 32.349209785461426
render time img 6: 3.179553747177124  test img 6 PSNR: 33.04377555847168
render time img 7: 3.177809715270996  test img 7 PSNR: 32.801523208618164
render time img 8: 3.1982438564300537  test img 8 PSNR: 31.946752071380615
render time img 9: 3.1953794956207275  test img 9 PSNR: 31.386570930480957
render time img 10: 3.189803123474121  test img 10 PSNR: 31.769962310791016
render time img 11: 3.2122604846954346  test img 11 PSNR: 31.613798141479492
Saved test set
[TRAIN] Iter: 200000 Loss: 0.0015440835850313306  PSNR: 32.977752685546875  Global Step: 200000  Time 0.58893
[TRAIN] Iter: 200500 Loss: 0.002030482981353998  PSNR: 31.88349151611328  Global Step: 200500  Time 0.59265
[TRAIN] Iter: 201000 Loss: 0.001719944179058075  PSNR: 32.616600036621094  Global Step: 201000  Time 0.58700
[TRAIN] Iter: 201500 Loss: 0.0015085404738783836  PSNR: 31.986642837524414  Global Step: 201500  Time 0.58770
[TRAIN] Iter: 202000 Loss: 0.002505003707483411  PSNR: 31.120628356933594  Global Step: 202000  Time 0.58712
[TRAIN] Iter: 202500 Loss: 0.0013773097889497876  PSNR: 33.274654388427734  Global Step: 202500  Time 0.58454
[TRAIN] Iter: 203000 Loss: 0.001990503165870905  PSNR: 32.39500427246094  Global Step: 203000  Time 0.58635
[TRAIN] Iter: 203500 Loss: 0.002320050960406661  PSNR: 31.294343948364258  Global Step: 203500  Time 0.58677
[TRAIN] Iter: 204000 Loss: 0.002473999746143818  PSNR: 30.867219924926758  Global Step: 204000  Time 0.55565
[TRAIN] Iter: 204500 Loss: 0.0023412092123180628  PSNR: 30.698898315429688  Global Step: 204500  Time 0.58642
[TRAIN] Iter: 205000 Loss: 0.0012775323120877147  PSNR: 33.46935272216797  Global Step: 205000  Time 0.59131
[TRAIN] Iter: 205500 Loss: 0.001162653206847608  PSNR: 33.833587646484375  Global Step: 205500  Time 0.58559
[TRAIN] Iter: 206000 Loss: 0.0012713066535070539  PSNR: 32.98624801635742  Global Step: 206000  Time 0.57593
[TRAIN] Iter: 206500 Loss: 0.0022047488018870354  PSNR: 31.43317222595215  Global Step: 206500  Time 0.58698
[TRAIN] Iter: 207000 Loss: 0.0016913670115172863  PSNR: 32.633155822753906  Global Step: 207000  Time 0.58502
[TRAIN] Iter: 207500 Loss: 0.0023844430688768625  PSNR: 31.612510681152344  Global Step: 207500  Time 0.58921
[TRAIN] Iter: 208000 Loss: 0.002428187057375908  PSNR: 31.31532859802246  Global Step: 208000  Time 0.58680
[TRAIN] Iter: 208500 Loss: 0.0016063943039625883  PSNR: 33.17352294921875  Global Step: 208500  Time 0.58850
[TRAIN] Iter: 209000 Loss: 0.0013362298486754298  PSNR: 33.58992385864258  Global Step: 209000  Time 0.58411
[TRAIN] Iter: 209500 Loss: 0.0015369481407105923  PSNR: 32.958412170410156  Global Step: 209500  Time 0.59020
saved weights at ./log/nyx256-500/model_210000.npy
saved weights at ./log/nyx256-500/model_fine_210000.npy
saved weights at ./log/nyx256-500/optimizer_210000.npy
test poses shape (12, 4, 4)
render time img 0: 8.58306884765625e-06  RGB and Disp Map Shape: (256, 256, 3) (256, 256)
  test img 0 PSNR: 32.993385791778564
render time img 1: 3.1937263011932373  test img 1 PSNR: 31.752078533172607
render time img 2: 3.1977314949035645  test img 2 PSNR: 33.920369148254395
render time img 3: 3.176557779312134  test img 3 PSNR: 33.686604499816895
render time img 4: 3.1772348880767822  test img 4 PSNR: 31.725449562072754
render time img 5: 3.1382079124450684  test img 5 PSNR: 32.5095796585083
render time img 6: 3.179593324661255  test img 6 PSNR: 33.395090103149414
render time img 7: 3.1848509311676025  test img 7 PSNR: 33.02986145019531
render time img 8: 3.1861565113067627  test img 8 PSNR: 32.01772451400757
render time img 9: 3.172837018966675  test img 9 PSNR: 31.42277240753174
render time img 10: 3.136704921722412  test img 10 PSNR: 31.870317459106445
render time img 11: 3.187596321105957  test img 11 PSNR: 31.560232639312744
Saved test set
[TRAIN] Iter: 210000 Loss: 0.0012890383368358016  PSNR: 33.87726974487305  Global Step: 210000  Time 0.57141
[TRAIN] Iter: 210500 Loss: 0.0015946815256029367  PSNR: 32.78440475463867  Global Step: 210500  Time 0.58726
[TRAIN] Iter: 211000 Loss: 0.0021000865381211042  PSNR: 31.588733673095703  Global Step: 211000  Time 0.58560
[TRAIN] Iter: 211500 Loss: 0.0013840756146237254  PSNR: 33.845977783203125  Global Step: 211500  Time 0.58856
[TRAIN] Iter: 212000 Loss: 0.0016531427390873432  PSNR: 32.536590576171875  Global Step: 212000  Time 0.58372
[TRAIN] Iter: 212500 Loss: 0.0023933122865855694  PSNR: 31.363162994384766  Global Step: 212500  Time 0.58702
[TRAIN] Iter: 213000 Loss: 0.0019554393365979195  PSNR: 31.667795181274414  Global Step: 213000  Time 0.58923
[TRAIN] Iter: 213500 Loss: 0.0020640213042497635  PSNR: 31.48638343811035  Global Step: 213500  Time 0.58703
[TRAIN] Iter: 214000 Loss: 0.0020974220242351294  PSNR: 31.670713424682617  Global Step: 214000  Time 0.58526
[TRAIN] Iter: 214500 Loss: 0.0021614704746752977  PSNR: 31.561458587646484  Global Step: 214500  Time 0.58809
[TRAIN] Iter: 215000 Loss: 0.0019053444266319275  PSNR: 32.33939743041992  Global Step: 215000  Time 0.58664
[TRAIN] Iter: 215500 Loss: 0.001930429833009839  PSNR: 32.30384063720703  Global Step: 215500  Time 0.58953
[TRAIN] Iter: 216000 Loss: 0.0023023029789328575  PSNR: 31.805248260498047  Global Step: 216000  Time 0.54433
[TRAIN] Iter: 216500 Loss: 0.0018097329884767532  PSNR: 32.248207092285156  Global Step: 216500  Time 0.58794
[TRAIN] Iter: 217000 Loss: 0.0016272984212264419  PSNR: 32.50446319580078  Global Step: 217000  Time 0.58380
[TRAIN] Iter: 217500 Loss: 0.0018875054083764553  PSNR: 32.005531311035156  Global Step: 217500  Time 0.58374
[TRAIN] Iter: 218000 Loss: 0.0013164234114810824  PSNR: 32.81114959716797  Global Step: 218000  Time 0.58753
[TRAIN] Iter: 218500 Loss: 0.0020774805452674627  PSNR: 32.043453216552734  Global Step: 218500  Time 0.58843
[TRAIN] Iter: 219000 Loss: 0.002199233276769519  PSNR: 31.35283660888672  Global Step: 219000  Time 0.58613


****** TIME LIMIT APPROACHING, saving model.... ****** 10
saved weights at ./log/nyx256-500/model_219495.npy
saved weights at ./log/nyx256-500/model_fine_219495.npy
saved weights at ./log/nyx256-500/optimizer_219495.npy
[TRAIN] Iter: 219500 Loss: 0.0014980038395151496  PSNR: 33.311134338378906  Global Step: 219500  Time 0.58924
srun: Job step aborted: Waiting up to 32 seconds for job step to finish.
slurmstepd: error: *** JOB 11987109 ON p0237 CANCELLED AT 2022-07-11T23:20:39 DUE TO TIME LIMIT ***
slurmstepd: error: *** STEP 11987109.0 ON p0237 CANCELLED AT 2022-07-11T23:20:39 DUE TO TIME LIMIT ***
