
Lmod is automatically replacing "intel/19.0.5" with "gnu/8.4.0".


Due to MODULEPATH changes, the following have been reloaded:
  1) mvapich2/2.3.3

2022-07-10 11:15:12.889584: I tensorflow/stream_executor/platform/default/dso_loader.cc:44] Successfully opened dynamic library libcuda.so.1
2022-07-10 11:15:12.914751: I tensorflow/core/common_runtime/gpu/gpu_device.cc:1618] Found device 0 with properties: 
name: Tesla V100-PCIE-16GB major: 7 minor: 0 memoryClockRate(GHz): 1.38
pciBusID: 0000:d8:00.0
2022-07-10 11:15:12.915672: I tensorflow/stream_executor/platform/default/dso_loader.cc:44] Successfully opened dynamic library libcudart.so.10.0
2022-07-10 11:15:12.917507: I tensorflow/stream_executor/platform/default/dso_loader.cc:44] Successfully opened dynamic library libcublas.so.10.0
2022-07-10 11:15:12.919895: I tensorflow/stream_executor/platform/default/dso_loader.cc:44] Successfully opened dynamic library libcufft.so.10.0
2022-07-10 11:15:12.921239: I tensorflow/stream_executor/platform/default/dso_loader.cc:44] Successfully opened dynamic library libcurand.so.10.0
2022-07-10 11:15:12.923531: I tensorflow/stream_executor/platform/default/dso_loader.cc:44] Successfully opened dynamic library libcusolver.so.10.0
2022-07-10 11:15:12.925494: I tensorflow/stream_executor/platform/default/dso_loader.cc:44] Successfully opened dynamic library libcusparse.so.10.0
2022-07-10 11:15:12.930110: I tensorflow/stream_executor/platform/default/dso_loader.cc:44] Successfully opened dynamic library libcudnn.so.7
2022-07-10 11:15:12.930555: I tensorflow/core/common_runtime/gpu/gpu_device.cc:1746] Adding visible gpu devices: 0
2022-07-10 11:15:12.931037: I tensorflow/core/platform/cpu_feature_guard.cc:142] Your CPU supports instructions that this TensorFlow binary was not compiled to use: SSE4.1 SSE4.2 AVX AVX2 AVX512F FMA
2022-07-10 11:15:12.940191: I tensorflow/core/platform/profile_utils/cpu_utils.cc:94] CPU Frequency: 2400000000 Hz
2022-07-10 11:15:12.940340: I tensorflow/compiler/xla/service/service.cc:168] XLA service 0x558410708e70 initialized for platform Host (this does not guarantee that XLA will be used). Devices:
2022-07-10 11:15:12.940390: I tensorflow/compiler/xla/service/service.cc:176]   StreamExecutor device (0): Host, Default Version
2022-07-10 11:15:13.049398: I tensorflow/compiler/xla/service/service.cc:168] XLA service 0x55841070a9c0 initialized for platform CUDA (this does not guarantee that XLA will be used). Devices:
2022-07-10 11:15:13.049537: I tensorflow/compiler/xla/service/service.cc:176]   StreamExecutor device (0): Tesla V100-PCIE-16GB, Compute Capability 7.0
2022-07-10 11:15:13.049897: I tensorflow/core/common_runtime/gpu/gpu_device.cc:1618] Found device 0 with properties: 
name: Tesla V100-PCIE-16GB major: 7 minor: 0 memoryClockRate(GHz): 1.38
pciBusID: 0000:d8:00.0
2022-07-10 11:15:13.049998: I tensorflow/stream_executor/platform/default/dso_loader.cc:44] Successfully opened dynamic library libcudart.so.10.0
2022-07-10 11:15:13.050040: I tensorflow/stream_executor/platform/default/dso_loader.cc:44] Successfully opened dynamic library libcublas.so.10.0
2022-07-10 11:15:13.050077: I tensorflow/stream_executor/platform/default/dso_loader.cc:44] Successfully opened dynamic library libcufft.so.10.0
2022-07-10 11:15:13.050117: I tensorflow/stream_executor/platform/default/dso_loader.cc:44] Successfully opened dynamic library libcurand.so.10.0
2022-07-10 11:15:13.050157: I tensorflow/stream_executor/platform/default/dso_loader.cc:44] Successfully opened dynamic library libcusolver.so.10.0
2022-07-10 11:15:13.050193: I tensorflow/stream_executor/platform/default/dso_loader.cc:44] Successfully opened dynamic library libcusparse.so.10.0
2022-07-10 11:15:13.050230: I tensorflow/stream_executor/platform/default/dso_loader.cc:44] Successfully opened dynamic library libcudnn.so.7
2022-07-10 11:15:13.050577: I tensorflow/core/common_runtime/gpu/gpu_device.cc:1746] Adding visible gpu devices: 0
2022-07-10 11:15:13.050670: I tensorflow/stream_executor/platform/default/dso_loader.cc:44] Successfully opened dynamic library libcudart.so.10.0
2022-07-10 11:15:13.051180: I tensorflow/core/common_runtime/gpu/gpu_device.cc:1159] Device interconnect StreamExecutor with strength 1 edge matrix:
2022-07-10 11:15:13.051232: I tensorflow/core/common_runtime/gpu/gpu_device.cc:1165]      0 
2022-07-10 11:15:13.051271: I tensorflow/core/common_runtime/gpu/gpu_device.cc:1178] 0:   N 
2022-07-10 11:15:13.051669: W tensorflow/core/common_runtime/gpu/gpu_bfc_allocator.cc:39] Overriding allow_growth setting because the TF_FORCE_GPU_ALLOW_GROWTH environment variable is set. Original config value was 0.
2022-07-10 11:15:13.051756: I tensorflow/core/common_runtime/gpu/gpu_device.cc:1304] Created TensorFlow device (/job:localhost/replica:0/task:0/device:GPU:0 with 15061 MB memory) -> physical GPU (device: 0, name: Tesla V100-PCIE-16GB, pci bus id: 0000:d8:00.0, compute capability: 7.0)
WARNING:tensorflow:
The TensorFlow contrib module will not be included in TensorFlow 2.0.
For more information, please see:
  * https://github.com/tensorflow/community/blob/master/rfcs/20180907-contrib-sunset.md
  * https://github.com/tensorflow/addons
  * https://github.com/tensorflow/io (for I/O related ops)
If you depend on functionality not listed there, please file an issue.

2022-07-10 11:15:15.466480: I tensorflow/stream_executor/platform/default/dso_loader.cc:44] Successfully opened dynamic library libcublas.so.10.0
WARNING:tensorflow:From /users/PAS0027/xiong336/project/nerf-tf/run_nerf_helpers.py:14: The name tf.log is deprecated. Please use tf.math.log instead.

fov <HDF5 dataset "fov": shape (), type "<i4">
mv <HDF5 dataset "mv": shape (120, 4, 4), type "<f4">
mvInvs <HDF5 dataset "mvInvs": shape (120, 4, 4), type "<f4">
hwf: [256, 256, 955.4050067376327] near far: 2.739838 9.424596
MODEL 63 27 <class 'int'> <class 'int'> True
(?, 90) (?, 63) (?, 27)
Not ndc!
Found ckpts []
Begin
TRAIN views are [406  84 371 388 495  30 316 408 490 491 280 356  76 461 497 211 101 334
 475 336 440 173   2 333 409  70 209  63 384  93 485 185  33  77   0  11
 415  22  72 182 131 410 193  55 148  18 204  78 494 262 323 483  79  39
 451  46 238 391 352 341 277 290 317 304 268  69 455 465 154  82 477 172
 321  90 180 414 312 278 381 472 362 324 431 347  86  75 438  15 249 433
  19 322 332  56 301 229 331 132 137 423 335  25 464 281 247 237 117  42
 220 176 320 153 231 227 417 203 126 329  31 113 470 271 140  57 192  24
  17 265  66 208 479  94 253 266  23 222 261 426   5 116  45  16 462 357
   3 218 405  60 110 318 428  29 437 471  26   7 453 108  37 157 489 118
 114 175 373 181 144 369 390 195 404 275 454 141 365  67 210 168 493 375
 400 272 109 248 145  92 152 367 467  83 245 165 163 199 228  74 478 358
 250 119 310 299 255 354 399 225 353 234 382 274  36 196 139 364 244 439
 286  59 111  89 436   6 360 346 338 158 150 177 393 184 449  10 380 103
  81  38 314 167 469 296 474 198 297 416 146 392 147 447 287 123 368  96
 143 239 442  97 407 122 183 202 246 305 298 351 386 395 284 125 302 223
 418 219 129 420 289 444 376 291 355 294 396 340 112 179 307 432 487 481
 422 233 311 164 136 197 258 232 115 120 349 224 402 397 127 285 411 107
 370 325 133 452  44 460  65 283  85 242 186 383 159  12  35  28 170 142
 398 342 221  95  51 240 484 378 178  41 498 421 206 282 254 412   4 256
 448 100 226 429 213 171  98 292 215  61  47  32 267 327 200 446  27 424
 230 260 288 162 425 138  62 135 128 476   8 326 463  64 300  14 156  40
 379 468 403 216 279 434 430 337 236 207 212 295 457 251 488 486 303 350
 269 201 161  43 217 401 190 309 259 105  53 389   1 441 482  49 419  80
 205  34 263 427 366  91 339 473  52 345 264 241  13 315  88 387 273 166
 328 492 134 306 480 319 243  54 363  50 456 174 445 189 496 187 169  58
  48 344 235 252  21 313 459 160 276 443 191 385 293 413 343 257 308 149
 130 151 359  99 372  87 458 330 214 466 121 499  20 188  71 106 270 348
 435 102]
TEST views are [361  73 374 155 104 394 377 124  68 450   9 194]
VAL views are [361  73 374 155 104 394 377 124  68 450   9 194]
saved weights at ./log/nyx256-500-coarse/model_000000.npy
saved weights at ./log/nyx256-500-coarse/optimizer_000000.npy
[TRAIN] Iter: 0 Loss: 0.17878217995166779  PSNR: 7.476757049560547  Global Step: 0  Time 0.76736
[TRAIN] Iter: 1 Loss: 0.15320013463497162  PSNR: 8.147408485412598  Global Step: 1  Time 0.25709
[TRAIN] Iter: 2 Loss: 0.11475948244333267  PSNR: 9.402113914489746  Global Step: 2  Time 0.25376
[TRAIN] Iter: 3 Loss: 0.08547257632017136  PSNR: 10.681731224060059  Global Step: 3  Time 0.25362
[TRAIN] Iter: 4 Loss: 0.07886747270822525  PSNR: 11.031021118164062  Global Step: 4  Time 0.25409
[TRAIN] Iter: 5 Loss: 0.05160323902964592  PSNR: 12.87322998046875  Global Step: 5  Time 0.25334
[TRAIN] Iter: 6 Loss: 0.05268733203411102  PSNR: 12.782938003540039  Global Step: 6  Time 0.27613
[TRAIN] Iter: 7 Loss: 0.05617058649659157  PSNR: 12.504910469055176  Global Step: 7  Time 0.25929
[TRAIN] Iter: 8 Loss: 0.05882105603814125  PSNR: 12.304671287536621  Global Step: 8  Time 0.28277
[TRAIN] Iter: 9 Loss: 0.05820488929748535  PSNR: 12.3504056930542  Global Step: 9  Time 0.28088
[TRAIN] Iter: 500 Loss: 0.0035953710321336985  PSNR: 24.442564010620117  Global Step: 500  Time 0.28493
[TRAIN] Iter: 1000 Loss: 0.0032193101942539215  PSNR: 24.922372817993164  Global Step: 1000  Time 0.28540
[TRAIN] Iter: 1500 Loss: 0.0029069490265101194  PSNR: 25.365623474121094  Global Step: 1500  Time 0.27854
[TRAIN] Iter: 2000 Loss: 0.002579675056040287  PSNR: 25.88435173034668  Global Step: 2000  Time 0.27958
[TRAIN] Iter: 2500 Loss: 0.003514457494020462  PSNR: 24.541418075561523  Global Step: 2500  Time 0.28252
[TRAIN] Iter: 3000 Loss: 0.0018710180884227157  PSNR: 27.279218673706055  Global Step: 3000  Time 0.28007
[TRAIN] Iter: 3500 Loss: 0.0028966283425688744  PSNR: 25.381071090698242  Global Step: 3500  Time 0.27957
[TRAIN] Iter: 4000 Loss: 0.002241521142423153  PSNR: 26.494571685791016  Global Step: 4000  Time 0.27999
[TRAIN] Iter: 4500 Loss: 0.002500853268429637  PSNR: 26.01911735534668  Global Step: 4500  Time 0.28389
[TRAIN] Iter: 5000 Loss: 0.0023970308247953653  PSNR: 26.203262329101562  Global Step: 5000  Time 0.28447
[TRAIN] Iter: 5500 Loss: 0.0023381600622087717  PSNR: 26.31125831604004  Global Step: 5500  Time 0.28653
[TRAIN] Iter: 6000 Loss: 0.0018905792385339737  PSNR: 27.234050750732422  Global Step: 6000  Time 0.28342
[TRAIN] Iter: 6500 Loss: 0.001585866673849523  PSNR: 27.997331619262695  Global Step: 6500  Time 0.28281
[TRAIN] Iter: 7000 Loss: 0.0017401090590283275  PSNR: 27.594234466552734  Global Step: 7000  Time 0.28191
[TRAIN] Iter: 7500 Loss: 0.0019040480256080627  PSNR: 27.20322036743164  Global Step: 7500  Time 0.28337
[TRAIN] Iter: 8000 Loss: 0.0017504642019048333  PSNR: 27.568466186523438  Global Step: 8000  Time 0.28402
[TRAIN] Iter: 8500 Loss: 0.0013298038393259048  PSNR: 28.76212501525879  Global Step: 8500  Time 0.28212
[TRAIN] Iter: 9000 Loss: 0.0018352066399529576  PSNR: 27.363149642944336  Global Step: 9000  Time 0.28415
[TRAIN] Iter: 9500 Loss: 0.001993911573663354  PSNR: 27.002941131591797  Global Step: 9500  Time 0.28387
saved weights at ./log/nyx256-500-coarse/model_010000.npy
saved weights at ./log/nyx256-500-coarse/optimizer_010000.npy
test poses shape (12, 4, 4)
render time img 0: 6.198883056640625e-06  RGB and Disp Map Shape: (256, 256, 3) (256, 256)
  test img 0 PSNR: 28.41360330581665
render time img 1: 1.5758090019226074  test img 1 PSNR: 27.314281463623047
render time img 2: 1.580014705657959  test img 2 PSNR: 29.052491188049316
render time img 3: 1.5415167808532715  test img 3 PSNR: 27.748849391937256
render time img 4: 1.5528833866119385  test img 4 PSNR: 27.671282291412354
render time img 5: 1.5884778499603271  test img 5 PSNR: 27.11059331893921
render time img 6: 1.5488464832305908  test img 6 PSNR: 28.7868332862854
render time img 7: 1.5368690490722656  test img 7 PSNR: 27.82294988632202
render time img 8: 1.554459810256958  test img 8 PSNR: 26.61421537399292
render time img 9: 1.5584185123443604  test img 9 PSNR: 26.753811836242676
render time img 10: 1.5688655376434326  test img 10 PSNR: 26.983046531677246
render time img 11: 1.5695557594299316  test img 11 PSNR: 26.261041164398193
Saved test set
[TRAIN] Iter: 10000 Loss: 0.0016425857320427895  PSNR: 27.84471893310547  Global Step: 10000  Time 0.28119
[TRAIN] Iter: 10500 Loss: 0.0021667543333023787  PSNR: 26.641902923583984  Global Step: 10500  Time 0.28238
[TRAIN] Iter: 11000 Loss: 0.0017267889343202114  PSNR: 27.627607345581055  Global Step: 11000  Time 0.28299
[TRAIN] Iter: 11500 Loss: 0.0013254127698019147  PSNR: 28.7764892578125  Global Step: 11500  Time 0.28310
[TRAIN] Iter: 12000 Loss: 0.0017224414041265845  PSNR: 27.63855743408203  Global Step: 12000  Time 0.28289
[TRAIN] Iter: 12500 Loss: 0.0012735258787870407  PSNR: 28.949922561645508  Global Step: 12500  Time 0.28369
[TRAIN] Iter: 13000 Loss: 0.00199878285638988  PSNR: 26.99234390258789  Global Step: 13000  Time 0.26112
[TRAIN] Iter: 13500 Loss: 0.0014002863317728043  PSNR: 28.537830352783203  Global Step: 13500  Time 0.28108
[TRAIN] Iter: 14000 Loss: 0.0013640919933095574  PSNR: 28.65156364440918  Global Step: 14000  Time 0.28370
[TRAIN] Iter: 14500 Loss: 0.0019378134747967124  PSNR: 27.12687873840332  Global Step: 14500  Time 0.28361
[TRAIN] Iter: 15000 Loss: 0.0013870062539353967  PSNR: 28.57921600341797  Global Step: 15000  Time 0.28521
[TRAIN] Iter: 15500 Loss: 0.0012475193943828344  PSNR: 29.039525985717773  Global Step: 15500  Time 0.28365
[TRAIN] Iter: 16000 Loss: 0.0012608511606231332  PSNR: 28.99336051940918  Global Step: 16000  Time 0.28358
[TRAIN] Iter: 16500 Loss: 0.001552315428853035  PSNR: 28.090200424194336  Global Step: 16500  Time 0.28170
[TRAIN] Iter: 17000 Loss: 0.0016903119394555688  PSNR: 27.7203311920166  Global Step: 17000  Time 0.28467
[TRAIN] Iter: 17500 Loss: 0.0017481030663475394  PSNR: 27.574329376220703  Global Step: 17500  Time 0.28744
[TRAIN] Iter: 18000 Loss: 0.0016257161041721702  PSNR: 27.88955307006836  Global Step: 18000  Time 0.28346
[TRAIN] Iter: 18500 Loss: 0.0014270475367084146  PSNR: 28.455615997314453  Global Step: 18500  Time 0.28282
[TRAIN] Iter: 19000 Loss: 0.001162051223218441  PSNR: 29.347745895385742  Global Step: 19000  Time 0.28081
[TRAIN] Iter: 19500 Loss: 0.0012860167771577835  PSNR: 28.907533645629883  Global Step: 19500  Time 0.28322
saved weights at ./log/nyx256-500-coarse/model_020000.npy
saved weights at ./log/nyx256-500-coarse/optimizer_020000.npy
test poses shape (12, 4, 4)
render time img 0: 7.152557373046875e-06  RGB and Disp Map Shape: (256, 256, 3) (256, 256)
  test img 0 PSNR: 28.65776538848877
render time img 1: 1.5462071895599365  test img 1 PSNR: 28.020825386047363
render time img 2: 1.5648443698883057  test img 2 PSNR: 29.65153932571411
render time img 3: 1.4784703254699707  test img 3 PSNR: 29.38241720199585
render time img 4: 1.5339550971984863  test img 4 PSNR: 28.43290090560913
render time img 5: 1.5647103786468506  test img 5 PSNR: 28.29578161239624
render time img 6: 1.5275239944458008  test img 6 PSNR: 29.246597290039062
render time img 7: 1.524153470993042  test img 7 PSNR: 28.355884552001953
render time img 8: 1.5434613227844238  test img 8 PSNR: 27.96163558959961
render time img 9: 1.543055772781372  test img 9 PSNR: 27.73360252380371
render time img 10: 1.5421926975250244  test img 10 PSNR: 28.309662342071533
render time img 11: 1.5545456409454346  test img 11 PSNR: 27.773418426513672
Saved test set
[TRAIN] Iter: 20000 Loss: 0.0016770827351137996  PSNR: 27.754453659057617  Global Step: 20000  Time 0.28711
[TRAIN] Iter: 20500 Loss: 0.0013580084778368473  PSNR: 28.670976638793945  Global Step: 20500  Time 0.28153
[TRAIN] Iter: 21000 Loss: 0.0015327474102377892  PSNR: 28.145292282104492  Global Step: 21000  Time 0.28308
[TRAIN] Iter: 21500 Loss: 0.001417172490619123  PSNR: 28.48577117919922  Global Step: 21500  Time 0.28045
[TRAIN] Iter: 22000 Loss: 0.0016696517122909427  PSNR: 27.773740768432617  Global Step: 22000  Time 0.28381
[TRAIN] Iter: 22500 Loss: 0.0012566199293360114  PSNR: 29.007959365844727  Global Step: 22500  Time 0.27134
[TRAIN] Iter: 23000 Loss: 0.0013560820370912552  PSNR: 28.677139282226562  Global Step: 23000  Time 0.28445
[TRAIN] Iter: 23500 Loss: 0.0013844020431861281  PSNR: 28.587379455566406  Global Step: 23500  Time 0.28477
[TRAIN] Iter: 24000 Loss: 0.0018063979223370552  PSNR: 27.431865692138672  Global Step: 24000  Time 0.28282
[TRAIN] Iter: 24500 Loss: 0.00143743259832263  PSNR: 28.42412567138672  Global Step: 24500  Time 0.28395
[TRAIN] Iter: 25000 Loss: 0.0017355307936668396  PSNR: 27.605676651000977  Global Step: 25000  Time 0.28218
[TRAIN] Iter: 25500 Loss: 0.001673739985562861  PSNR: 27.763118743896484  Global Step: 25500  Time 0.28191
[TRAIN] Iter: 26000 Loss: 0.0008849212899804115  PSNR: 30.53095245361328  Global Step: 26000  Time 0.27759
[TRAIN] Iter: 26500 Loss: 0.0015429292107000947  PSNR: 28.116539001464844  Global Step: 26500  Time 0.28082
[TRAIN] Iter: 27000 Loss: 0.0011039901291951537  PSNR: 29.57034683227539  Global Step: 27000  Time 0.28497
[TRAIN] Iter: 27500 Loss: 0.0011595197720453143  PSNR: 29.357219696044922  Global Step: 27500  Time 0.28278
[TRAIN] Iter: 28000 Loss: 0.0015836767852306366  PSNR: 28.00333595275879  Global Step: 28000  Time 0.28325
[TRAIN] Iter: 28500 Loss: 0.001530647394247353  PSNR: 28.151248931884766  Global Step: 28500  Time 0.28262
[TRAIN] Iter: 29000 Loss: 0.0012116964207962155  PSNR: 29.166061401367188  Global Step: 29000  Time 0.28703
[TRAIN] Iter: 29500 Loss: 0.0012754847994074225  PSNR: 28.94324493408203  Global Step: 29500  Time 0.28358
saved weights at ./log/nyx256-500-coarse/model_030000.npy
saved weights at ./log/nyx256-500-coarse/optimizer_030000.npy
test poses shape (12, 4, 4)
render time img 0: 7.62939453125e-06  RGB and Disp Map Shape: (256, 256, 3) (256, 256)
  test img 0 PSNR: 29.56296682357788
render time img 1: 1.5361604690551758  test img 1 PSNR: 28.70277166366577
render time img 2: 1.5636675357818604  test img 2 PSNR: 30.15195608139038
render time img 3: 1.5149884223937988  test img 3 PSNR: 29.958887100219727
render time img 4: 1.533416748046875  test img 4 PSNR: 29.012110233306885
render time img 5: 1.5612859725952148  test img 5 PSNR: 28.786816596984863
render time img 6: 1.530442714691162  test img 6 PSNR: 29.717507362365723
render time img 7: 1.514017105102539  test img 7 PSNR: 29.28457736968994
render time img 8: 1.533299207687378  test img 8 PSNR: 28.226165771484375
render time img 9: 1.534834861755371  test img 9 PSNR: 28.12886953353882
render time img 10: 1.533733606338501  test img 10 PSNR: 28.79737138748169
render time img 11: 1.5498113632202148  test img 11 PSNR: 28.137099742889404
Saved test set
[TRAIN] Iter: 30000 Loss: 0.001274464069865644  PSNR: 28.94672203063965  Global Step: 30000  Time 0.28308
[TRAIN] Iter: 30500 Loss: 0.0016789821675047278  PSNR: 27.74953842163086  Global Step: 30500  Time 0.27112
[TRAIN] Iter: 31000 Loss: 0.0017051334725692868  PSNR: 27.682416915893555  Global Step: 31000  Time 0.28188
[TRAIN] Iter: 31500 Loss: 0.0011669573141261935  PSNR: 29.329448699951172  Global Step: 31500  Time 0.28334
[TRAIN] Iter: 32000 Loss: 0.0010748145869001746  PSNR: 29.686664581298828  Global Step: 32000  Time 0.28122
[TRAIN] Iter: 32500 Loss: 0.0014071129262447357  PSNR: 28.516708374023438  Global Step: 32500  Time 0.28305
[TRAIN] Iter: 33000 Loss: 0.0016393862897530198  PSNR: 27.85318946838379  Global Step: 33000  Time 0.28479
[TRAIN] Iter: 33500 Loss: 0.0008927768212743104  PSNR: 30.492570877075195  Global Step: 33500  Time 0.28476
[TRAIN] Iter: 34000 Loss: 0.001435664831660688  PSNR: 28.42947006225586  Global Step: 34000  Time 0.28147
[TRAIN] Iter: 34500 Loss: 0.0014707777881994843  PSNR: 28.32452964782715  Global Step: 34500  Time 0.28606
[TRAIN] Iter: 35000 Loss: 0.001547157415188849  PSNR: 28.104652404785156  Global Step: 35000  Time 0.28606
[TRAIN] Iter: 35500 Loss: 0.0013283748412504792  PSNR: 28.766794204711914  Global Step: 35500  Time 0.28078
[TRAIN] Iter: 36000 Loss: 0.0009677281486801803  PSNR: 30.142465591430664  Global Step: 36000  Time 0.28358
[TRAIN] Iter: 36500 Loss: 0.0010625330032780766  PSNR: 29.7365779876709  Global Step: 36500  Time 0.28603
[TRAIN] Iter: 37000 Loss: 0.0013622930273413658  PSNR: 28.65729522705078  Global Step: 37000  Time 0.28424
[TRAIN] Iter: 37500 Loss: 0.0008713955176062882  PSNR: 30.59784698486328  Global Step: 37500  Time 0.25471
[TRAIN] Iter: 38000 Loss: 0.001218590303324163  PSNR: 29.14142417907715  Global Step: 38000  Time 0.28266
[TRAIN] Iter: 38500 Loss: 0.0013347648782655597  PSNR: 28.745952606201172  Global Step: 38500  Time 0.28026
[TRAIN] Iter: 39000 Loss: 0.0013920931378379464  PSNR: 28.563318252563477  Global Step: 39000  Time 0.28436
[TRAIN] Iter: 39500 Loss: 0.0014020120725035667  PSNR: 28.532482147216797  Global Step: 39500  Time 0.28244
saved weights at ./log/nyx256-500-coarse/model_040000.npy
saved weights at ./log/nyx256-500-coarse/optimizer_040000.npy
test poses shape (12, 4, 4)
render time img 0: 8.106231689453125e-06  RGB and Disp Map Shape: (256, 256, 3) (256, 256)
  test img 0 PSNR: 29.97753143310547
render time img 1: 1.5366342067718506  test img 1 PSNR: 28.97430658340454
render time img 2: 1.5721714496612549  test img 2 PSNR: 30.89998722076416
render time img 3: 1.4991264343261719  test img 3 PSNR: 30.22709369659424
render time img 4: 1.5172343254089355  test img 4 PSNR: 29.29947853088379
render time img 5: 1.5481939315795898  test img 5 PSNR: 29.148495197296143
render time img 6: 1.5259697437286377  test img 6 PSNR: 30.1741886138916
render time img 7: 1.5133960247039795  test img 7 PSNR: 29.762756824493408
render time img 8: 1.5385229587554932  test img 8 PSNR: 28.70838165283203
render time img 9: 1.532973289489746  test img 9 PSNR: 28.449740409851074
render time img 10: 1.5362060070037842  test img 10 PSNR: 29.248242378234863
render time img 11: 1.5456132888793945  test img 11 PSNR: 28.628230094909668
Saved test set
[TRAIN] Iter: 40000 Loss: 0.0013946356484666467  PSNR: 28.555391311645508  Global Step: 40000  Time 0.28363
[TRAIN] Iter: 40500 Loss: 0.001068483921699226  PSNR: 29.71232032775879  Global Step: 40500  Time 0.28167
[TRAIN] Iter: 41000 Loss: 0.001029669656418264  PSNR: 29.87302017211914  Global Step: 41000  Time 0.28104
[TRAIN] Iter: 41500 Loss: 0.0012321235844865441  PSNR: 29.093456268310547  Global Step: 41500  Time 0.27495
[TRAIN] Iter: 42000 Loss: 0.0014883255353197455  PSNR: 28.273019790649414  Global Step: 42000  Time 0.28466
[TRAIN] Iter: 42500 Loss: 0.0015184307703748345  PSNR: 28.186050415039062  Global Step: 42500  Time 0.28038
[TRAIN] Iter: 43000 Loss: 0.001333807478658855  PSNR: 28.749067306518555  Global Step: 43000  Time 0.28139
[TRAIN] Iter: 43500 Loss: 0.0009588414686731994  PSNR: 30.182531356811523  Global Step: 43500  Time 0.27508
[TRAIN] Iter: 44000 Loss: 0.0016645407304167747  PSNR: 27.78705596923828  Global Step: 44000  Time 0.28435
[TRAIN] Iter: 44500 Loss: 0.0013585967244580388  PSNR: 28.66909408569336  Global Step: 44500  Time 0.28284
[TRAIN] Iter: 45000 Loss: 0.0013300295686349273  PSNR: 28.76138687133789  Global Step: 45000  Time 0.28340
[TRAIN] Iter: 45500 Loss: 0.0009870193898677826  PSNR: 30.05674171447754  Global Step: 45500  Time 0.27754
[TRAIN] Iter: 46000 Loss: 0.0016688195755705237  PSNR: 27.775907516479492  Global Step: 46000  Time 0.28385
[TRAIN] Iter: 46500 Loss: 0.001357527100481093  PSNR: 28.672513961791992  Global Step: 46500  Time 0.27979
[TRAIN] Iter: 47000 Loss: 0.0011602509766817093  PSNR: 29.35447883605957  Global Step: 47000  Time 0.27974
[TRAIN] Iter: 47500 Loss: 0.001140229869633913  PSNR: 29.430076599121094  Global Step: 47500  Time 0.28379
[TRAIN] Iter: 48000 Loss: 0.001304931822232902  PSNR: 28.8441219329834  Global Step: 48000  Time 0.28381
[TRAIN] Iter: 48500 Loss: 0.0008645104244351387  PSNR: 30.632295608520508  Global Step: 48500  Time 0.28500
[TRAIN] Iter: 49000 Loss: 0.0013273219810798764  PSNR: 28.77023696899414  Global Step: 49000  Time 0.28397
[TRAIN] Iter: 49500 Loss: 0.001312525593675673  PSNR: 28.818923950195312  Global Step: 49500  Time 0.28116
saved weights at ./log/nyx256-500-coarse/model_050000.npy
saved weights at ./log/nyx256-500-coarse/optimizer_050000.npy
test poses shape (12, 4, 4)
render time img 0: 7.867813110351562e-06  RGB and Disp Map Shape: (256, 256, 3) (256, 256)
  test img 0 PSNR: 30.192124843597412
render time img 1: 1.5183475017547607  test img 1 PSNR: 29.168272018432617
render time img 2: 1.5567553043365479  test img 2 PSNR: 30.952913761138916
render time img 3: 1.5088534355163574  test img 3 PSNR: 30.437510013580322
render time img 4: 1.5181467533111572  test img 4 PSNR: 29.434199333190918
render time img 5: 1.544950246810913  test img 5 PSNR: 29.509916305541992
render time img 6: 1.5296969413757324  test img 6 PSNR: 30.292775630950928
render time img 7: 1.5124015808105469  test img 7 PSNR: 29.86323833465576
render time img 8: 1.5356841087341309  test img 8 PSNR: 28.64727020263672
render time img 9: 1.5303599834442139  test img 9 PSNR: 28.76394271850586
render time img 10: 1.5316414833068848  test img 10 PSNR: 29.13048267364502
render time img 11: 1.5510163307189941  test img 11 PSNR: 28.530752658843994
Saved test set
[TRAIN] Iter: 50000 Loss: 0.0011749020777642727  PSNR: 29.299983978271484  Global Step: 50000  Time 0.28244
[TRAIN] Iter: 50500 Loss: 0.0010786711936816573  PSNR: 29.67110824584961  Global Step: 50500  Time 0.28252
[TRAIN] Iter: 51000 Loss: 0.001019966322928667  PSNR: 29.914142608642578  Global Step: 51000  Time 0.28774
[TRAIN] Iter: 51500 Loss: 0.0007305025937967002  PSNR: 31.36378288269043  Global Step: 51500  Time 0.28122
[TRAIN] Iter: 52000 Loss: 0.0012466517509892583  PSNR: 29.04254913330078  Global Step: 52000  Time 0.28291
[TRAIN] Iter: 52500 Loss: 0.0013155235210433602  PSNR: 28.80901336669922  Global Step: 52500  Time 0.28007
[TRAIN] Iter: 53000 Loss: 0.0010553073370829225  PSNR: 29.76620864868164  Global Step: 53000  Time 0.28315
[TRAIN] Iter: 53500 Loss: 0.0012969993986189365  PSNR: 28.870603561401367  Global Step: 53500  Time 0.28231
[TRAIN] Iter: 54000 Loss: 0.0014622987946495414  PSNR: 28.349639892578125  Global Step: 54000  Time 0.28048
[TRAIN] Iter: 54500 Loss: 0.0008056734804995358  PSNR: 30.93840789794922  Global Step: 54500  Time 0.28578
[TRAIN] Iter: 55000 Loss: 0.0012285482371225953  PSNR: 29.106077194213867  Global Step: 55000  Time 0.28016
[TRAIN] Iter: 55500 Loss: 0.0013556549092754722  PSNR: 28.678508758544922  Global Step: 55500  Time 0.28302
[TRAIN] Iter: 56000 Loss: 0.00078359036706388  PSNR: 31.05910873413086  Global Step: 56000  Time 0.27401
[TRAIN] Iter: 56500 Loss: 0.001382417045533657  PSNR: 28.593608856201172  Global Step: 56500  Time 0.27235
[TRAIN] Iter: 57000 Loss: 0.0009324128623120487  PSNR: 30.303918838500977  Global Step: 57000  Time 0.28520
[TRAIN] Iter: 57500 Loss: 0.0011303096543997526  PSNR: 29.46802520751953  Global Step: 57500  Time 0.27999
[TRAIN] Iter: 58000 Loss: 0.0011803361121565104  PSNR: 29.279943466186523  Global Step: 58000  Time 0.28427
[TRAIN] Iter: 58500 Loss: 0.0011681732721626759  PSNR: 29.324926376342773  Global Step: 58500  Time 0.28202
[TRAIN] Iter: 59000 Loss: 0.0012493786634877324  PSNR: 29.033058166503906  Global Step: 59000  Time 0.28217
[TRAIN] Iter: 59500 Loss: 0.001608234946615994  PSNR: 27.936504364013672  Global Step: 59500  Time 0.28525
saved weights at ./log/nyx256-500-coarse/model_060000.npy
saved weights at ./log/nyx256-500-coarse/optimizer_060000.npy
test poses shape (12, 4, 4)
render time img 0: 6.198883056640625e-06  RGB and Disp Map Shape: (256, 256, 3) (256, 256)
  test img 0 PSNR: 30.03246307373047
render time img 1: 1.5283856391906738  test img 1 PSNR: 29.138450622558594
render time img 2: 1.5501022338867188  test img 2 PSNR: 30.79014778137207
render time img 3: 1.508281946182251  test img 3 PSNR: 30.79277276992798
render time img 4: 1.5225870609283447  test img 4 PSNR: 29.18128252029419
render time img 5: 1.5414631366729736  test img 5 PSNR: 29.31724786758423
render time img 6: 1.5724492073059082  test img 6 PSNR: 30.53311824798584
render time img 7: 1.5299992561340332  test img 7 PSNR: 29.60735321044922
render time img 8: 1.537351131439209  test img 8 PSNR: 28.943183422088623
render time img 9: 1.5277061462402344  test img 9 PSNR: 28.73676061630249
render time img 10: 1.5342025756835938  test img 10 PSNR: 29.335317611694336
render time img 11: 1.5484509468078613  test img 11 PSNR: 28.82524013519287
Saved test set
[TRAIN] Iter: 60000 Loss: 0.0009756135405041277  PSNR: 30.107221603393555  Global Step: 60000  Time 0.28593
[TRAIN] Iter: 60500 Loss: 0.0013944804668426514  PSNR: 28.555875778198242  Global Step: 60500  Time 0.28331
[TRAIN] Iter: 61000 Loss: 0.0015289013972505927  PSNR: 28.156206130981445  Global Step: 61000  Time 0.28012
[TRAIN] Iter: 61500 Loss: 0.0013333414681255817  PSNR: 28.75058364868164  Global Step: 61500  Time 0.28172
[TRAIN] Iter: 62000 Loss: 0.001542206504382193  PSNR: 28.118576049804688  Global Step: 62000  Time 0.28274
[TRAIN] Iter: 62500 Loss: 0.0012851818464696407  PSNR: 28.91035270690918  Global Step: 62500  Time 0.27979
[TRAIN] Iter: 63000 Loss: 0.001012049033306539  PSNR: 29.947982788085938  Global Step: 63000  Time 0.28020
[TRAIN] Iter: 63500 Loss: 0.0008699964382685721  PSNR: 30.604825973510742  Global Step: 63500  Time 0.28695
[TRAIN] Iter: 64000 Loss: 0.0014195317635312676  PSNR: 28.478548049926758  Global Step: 64000  Time 0.28493
[TRAIN] Iter: 64500 Loss: 0.0008553198422305286  PSNR: 30.678714752197266  Global Step: 64500  Time 0.27653
[TRAIN] Iter: 65000 Loss: 0.0007680295384489  PSNR: 31.146221160888672  Global Step: 65000  Time 0.28106
[TRAIN] Iter: 65500 Loss: 0.0012764534913003445  PSNR: 28.93994903564453  Global Step: 65500  Time 0.27997
[TRAIN] Iter: 66000 Loss: 0.0013447850942611694  PSNR: 28.713470458984375  Global Step: 66000  Time 0.28193
[TRAIN] Iter: 66500 Loss: 0.0015232902951538563  PSNR: 28.17217445373535  Global Step: 66500  Time 0.28462
[TRAIN] Iter: 67000 Loss: 0.0011531496420502663  PSNR: 29.381141662597656  Global Step: 67000  Time 0.28479
[TRAIN] Iter: 67500 Loss: 0.0015581902116537094  PSNR: 28.073795318603516  Global Step: 67500  Time 0.28373
[TRAIN] Iter: 68000 Loss: 0.0015018032863736153  PSNR: 28.233869552612305  Global Step: 68000  Time 0.28093
[TRAIN] Iter: 68500 Loss: 0.001385810668580234  PSNR: 28.58296012878418  Global Step: 68500  Time 0.27928
[TRAIN] Iter: 69000 Loss: 0.0014367817202582955  PSNR: 28.42609214782715  Global Step: 69000  Time 0.28420
[TRAIN] Iter: 69500 Loss: 0.0009084846242330968  PSNR: 30.41682243347168  Global Step: 69500  Time 0.28230
saved weights at ./log/nyx256-500-coarse/model_070000.npy
saved weights at ./log/nyx256-500-coarse/optimizer_070000.npy
test poses shape (12, 4, 4)
render time img 0: 8.344650268554688e-06  RGB and Disp Map Shape: (256, 256, 3) (256, 256)
  test img 0 PSNR: 30.34289836883545
render time img 1: 1.5308353900909424  test img 1 PSNR: 29.414374828338623
render time img 2: 1.5465896129608154  test img 2 PSNR: 31.236979961395264
render time img 3: 1.5073816776275635  test img 3 PSNR: 31.158623695373535
render time img 4: 1.5139482021331787  test img 4 PSNR: 29.58001136779785
render time img 5: 1.541553020477295  test img 5 PSNR: 29.836406707763672
render time img 6: 1.5193393230438232  test img 6 PSNR: 31.056618690490723
render time img 7: 1.512284755706787  test img 7 PSNR: 29.95516538619995
render time img 8: 1.5325443744659424  test img 8 PSNR: 29.094581604003906
render time img 9: 1.5193321704864502  test img 9 PSNR: 28.938782215118408
render time img 10: 1.5261032581329346  test img 10 PSNR: 29.563252925872803
render time img 11: 1.534095048904419  test img 11 PSNR: 28.86162042617798
Saved test set
[TRAIN] Iter: 70000 Loss: 0.0013680924894288182  PSNR: 28.63884735107422  Global Step: 70000  Time 0.28490
[TRAIN] Iter: 70500 Loss: 0.001191231538541615  PSNR: 29.24003791809082  Global Step: 70500  Time 0.28361
[TRAIN] Iter: 71000 Loss: 0.0014049269957467914  PSNR: 28.52346420288086  Global Step: 71000  Time 0.28054
[TRAIN] Iter: 71500 Loss: 0.0013123656390234828  PSNR: 28.81945037841797  Global Step: 71500  Time 0.28409
[TRAIN] Iter: 72000 Loss: 0.000849713571369648  PSNR: 30.707275390625  Global Step: 72000  Time 0.28482
[TRAIN] Iter: 72500 Loss: 0.0013860282488167286  PSNR: 28.5822811126709  Global Step: 72500  Time 0.28441
[TRAIN] Iter: 73000 Loss: 0.0010820262832567096  PSNR: 29.657621383666992  Global Step: 73000  Time 0.28366
[TRAIN] Iter: 73500 Loss: 0.0009816490346565843  PSNR: 30.08043670654297  Global Step: 73500  Time 0.28508
[TRAIN] Iter: 74000 Loss: 0.001878864481113851  PSNR: 27.261045455932617  Global Step: 74000  Time 0.28335
[TRAIN] Iter: 74500 Loss: 0.0011273330310359597  PSNR: 29.479476928710938  Global Step: 74500  Time 0.28189
[TRAIN] Iter: 75000 Loss: 0.0008100324193947017  PSNR: 30.914976119995117  Global Step: 75000  Time 0.28361
[TRAIN] Iter: 75500 Loss: 0.0013517733896151185  PSNR: 28.690959930419922  Global Step: 75500  Time 0.28340
[TRAIN] Iter: 76000 Loss: 0.0014335656305775046  PSNR: 28.43582534790039  Global Step: 76000  Time 0.28621
[TRAIN] Iter: 76500 Loss: 0.001281491480767727  PSNR: 28.922842025756836  Global Step: 76500  Time 0.28182
[TRAIN] Iter: 77000 Loss: 0.00123973551671952  PSNR: 29.066709518432617  Global Step: 77000  Time 0.28392
[TRAIN] Iter: 77500 Loss: 0.0009356411173939705  PSNR: 30.28890609741211  Global Step: 77500  Time 0.28356
[TRAIN] Iter: 78000 Loss: 0.0010124483378604054  PSNR: 29.946271896362305  Global Step: 78000  Time 0.28309
[TRAIN] Iter: 78500 Loss: 0.0007232410716824234  PSNR: 31.407169342041016  Global Step: 78500  Time 0.28134
[TRAIN] Iter: 79000 Loss: 0.0012661464279517531  PSNR: 28.975160598754883  Global Step: 79000  Time 0.28329
[TRAIN] Iter: 79500 Loss: 0.0011724823853000998  PSNR: 29.308937072753906  Global Step: 79500  Time 0.28307
saved weights at ./log/nyx256-500-coarse/model_080000.npy
saved weights at ./log/nyx256-500-coarse/optimizer_080000.npy
test poses shape (12, 4, 4)
render time img 0: 8.106231689453125e-06  RGB and Disp Map Shape: (256, 256, 3) (256, 256)
  test img 0 PSNR: 30.570309162139893
render time img 1: 1.5133247375488281  test img 1 PSNR: 29.457931518554688
render time img 2: 1.5296850204467773  test img 2 PSNR: 31.089673042297363
render time img 3: 1.5028572082519531  test img 3 PSNR: 31.22697353363037
render time img 4: 1.5160107612609863  test img 4 PSNR: 29.830992221832275
render time img 5: 1.5322504043579102  test img 5 PSNR: 29.718353748321533
render time img 6: 1.5155267715454102  test img 6 PSNR: 30.870275497436523
render time img 7: 1.514437198638916  test img 7 PSNR: 30.288665294647217
render time img 8: 1.5297801494598389  test img 8 PSNR: 29.13123369216919
render time img 9: 1.5143961906433105  test img 9 PSNR: 28.894002437591553
render time img 10: 1.528883695602417  test img 10 PSNR: 29.62758779525757
render time img 11: 1.5313377380371094  test img 11 PSNR: 28.984408378601074
Saved test set
[TRAIN] Iter: 80000 Loss: 0.0011205965420231223  PSNR: 29.50550651550293  Global Step: 80000  Time 0.26060
[TRAIN] Iter: 80500 Loss: 0.0013690186897292733  PSNR: 28.635908126831055  Global Step: 80500  Time 0.28056
[TRAIN] Iter: 81000 Loss: 0.001316180801950395  PSNR: 28.806842803955078  Global Step: 81000  Time 0.27787
[TRAIN] Iter: 81500 Loss: 0.0011839125072583556  PSNR: 29.266803741455078  Global Step: 81500  Time 0.28452
[TRAIN] Iter: 82000 Loss: 0.0009687002166174352  PSNR: 30.138105392456055  Global Step: 82000  Time 0.26078
[TRAIN] Iter: 82500 Loss: 0.0009557630983181298  PSNR: 30.196496963500977  Global Step: 82500  Time 0.28364
[TRAIN] Iter: 83000 Loss: 0.0012709838338196278  PSNR: 28.958600997924805  Global Step: 83000  Time 0.28033
[TRAIN] Iter: 83500 Loss: 0.0007414594292640686  PSNR: 31.29912567138672  Global Step: 83500  Time 0.28545
[TRAIN] Iter: 84000 Loss: 0.0008799561182968318  PSNR: 30.555389404296875  Global Step: 84000  Time 0.28230
[TRAIN] Iter: 84500 Loss: 0.0009592920541763306  PSNR: 30.180490493774414  Global Step: 84500  Time 0.28338
[TRAIN] Iter: 85000 Loss: 0.0010608601151034236  PSNR: 29.743419647216797  Global Step: 85000  Time 0.28364
[TRAIN] Iter: 85500 Loss: 0.0009731558966450393  PSNR: 30.118175506591797  Global Step: 85500  Time 0.28217
[TRAIN] Iter: 86000 Loss: 0.0007640559342689812  PSNR: 31.168746948242188  Global Step: 86000  Time 0.28069
[TRAIN] Iter: 86500 Loss: 0.0007514867465943098  PSNR: 31.240785598754883  Global Step: 86500  Time 0.28442
[TRAIN] Iter: 87000 Loss: 0.0012978982413187623  PSNR: 28.86759376525879  Global Step: 87000  Time 0.28344
[TRAIN] Iter: 87500 Loss: 0.001141489832662046  PSNR: 29.42527961730957  Global Step: 87500  Time 0.28044
[TRAIN] Iter: 88000 Loss: 0.0009423126466572285  PSNR: 30.2580509185791  Global Step: 88000  Time 0.28488
[TRAIN] Iter: 88500 Loss: 0.0007109050638973713  PSNR: 31.481882095336914  Global Step: 88500  Time 0.28481
[TRAIN] Iter: 89000 Loss: 0.0008594370447099209  PSNR: 30.657859802246094  Global Step: 89000  Time 0.28237
[TRAIN] Iter: 89500 Loss: 0.0008080148254521191  PSNR: 30.92580795288086  Global Step: 89500  Time 0.27682
saved weights at ./log/nyx256-500-coarse/model_090000.npy
saved weights at ./log/nyx256-500-coarse/optimizer_090000.npy
test poses shape (12, 4, 4)
render time img 0: 7.3909759521484375e-06  RGB and Disp Map Shape: (256, 256, 3) (256, 256)
  test img 0 PSNR: 30.799026489257812
render time img 1: 1.5189895629882812  test img 1 PSNR: 29.609689712524414
render time img 2: 1.531486988067627  test img 2 PSNR: 31.461215019226074
render time img 3: 1.4999046325683594  test img 3 PSNR: 31.338634490966797
render time img 4: 1.509058952331543  test img 4 PSNR: 29.959726333618164
render time img 5: 1.5290820598602295  test img 5 PSNR: 29.98680353164673
render time img 6: 1.514331340789795  test img 6 PSNR: 31.231441497802734
render time img 7: 1.5040123462677002  test img 7 PSNR: 30.441584587097168
render time img 8: 1.514991283416748  test img 8 PSNR: 29.362175464630127
render time img 9: 1.5120749473571777  test img 9 PSNR: 29.051177501678467
render time img 10: 1.5152246952056885  test img 10 PSNR: 29.662494659423828
render time img 11: 1.529951810836792  test img 11 PSNR: 29.107799530029297
Saved test set
[TRAIN] Iter: 90000 Loss: 0.0010936917969956994  PSNR: 29.61104965209961  Global Step: 90000  Time 0.28083
[TRAIN] Iter: 90500 Loss: 0.0009492808021605015  PSNR: 30.22605323791504  Global Step: 90500  Time 0.26143
[TRAIN] Iter: 91000 Loss: 0.0012288647703826427  PSNR: 29.10495948791504  Global Step: 91000  Time 0.28045
[TRAIN] Iter: 91500 Loss: 0.0013975437032058835  PSNR: 28.54634666442871  Global Step: 91500  Time 0.28377
[TRAIN] Iter: 92000 Loss: 0.000770792190451175  PSNR: 31.130626678466797  Global Step: 92000  Time 0.28518
[TRAIN] Iter: 92500 Loss: 0.0009317244403064251  PSNR: 30.307125091552734  Global Step: 92500  Time 0.28478
[TRAIN] Iter: 93000 Loss: 0.0010851171100512147  PSNR: 29.645233154296875  Global Step: 93000  Time 0.28372
[TRAIN] Iter: 93500 Loss: 0.0007200734107755125  PSNR: 31.426231384277344  Global Step: 93500  Time 0.28481
[TRAIN] Iter: 94000 Loss: 0.0015312338946387172  PSNR: 28.149581909179688  Global Step: 94000  Time 0.28197
[TRAIN] Iter: 94500 Loss: 0.0013162088580429554  PSNR: 28.806753158569336  Global Step: 94500  Time 0.28370
[TRAIN] Iter: 95000 Loss: 0.0013356251874938607  PSNR: 28.743152618408203  Global Step: 95000  Time 0.27029
[TRAIN] Iter: 95500 Loss: 0.0011368851410225034  PSNR: 29.442834854125977  Global Step: 95500  Time 0.28478
[TRAIN] Iter: 96000 Loss: 0.0009233308373950422  PSNR: 30.346426010131836  Global Step: 96000  Time 0.28448
[TRAIN] Iter: 96500 Loss: 0.0013199817622080445  PSNR: 28.794321060180664  Global Step: 96500  Time 0.28643
[TRAIN] Iter: 97000 Loss: 0.001025242730975151  PSNR: 29.891733169555664  Global Step: 97000  Time 0.28130
[TRAIN] Iter: 97500 Loss: 0.0010241044219583273  PSNR: 29.89655876159668  Global Step: 97500  Time 0.28002
[TRAIN] Iter: 98000 Loss: 0.0011098800459876657  PSNR: 29.547239303588867  Global Step: 98000  Time 0.28555
[TRAIN] Iter: 98500 Loss: 0.0011946731247007847  PSNR: 29.227508544921875  Global Step: 98500  Time 0.28082
[TRAIN] Iter: 99000 Loss: 0.000924525607842952  PSNR: 30.340808868408203  Global Step: 99000  Time 0.28392
[TRAIN] Iter: 99500 Loss: 0.0009734989143908024  PSNR: 30.11664390563965  Global Step: 99500  Time 0.28075
saved weights at ./log/nyx256-500-coarse/model_100000.npy
saved weights at ./log/nyx256-500-coarse/optimizer_100000.npy
test poses shape (12, 4, 4)
render time img 0: 6.67572021484375e-06  RGB and Disp Map Shape: (256, 256, 3) (256, 256)
  test img 0 PSNR: 30.79918622970581
render time img 1: 1.5169172286987305  test img 1 PSNR: 29.665226936340332
render time img 2: 1.5409812927246094  test img 2 PSNR: 31.516661643981934
render time img 3: 1.4999067783355713  test img 3 PSNR: 31.376633644104004
render time img 4: 1.5060713291168213  test img 4 PSNR: 29.838292598724365
render time img 5: 1.530561923980713  test img 5 PSNR: 29.851012229919434
render time img 6: 1.5060482025146484  test img 6 PSNR: 31.239254474639893
render time img 7: 1.4952092170715332  test img 7 PSNR: 30.49870491027832
render time img 8: 1.5215835571289062  test img 8 PSNR: 29.267590045928955
render time img 9: 1.512986183166504  test img 9 PSNR: 29.001076221466064
render time img 10: 1.5312471389770508  test img 10 PSNR: 29.824674129486084
render time img 11: 1.5334444046020508  test img 11 PSNR: 29.1750168800354
Saved test set
[TRAIN] Iter: 100000 Loss: 0.0007815337739884853  PSNR: 31.070520401000977  Global Step: 100000  Time 0.28402
[TRAIN] Iter: 100500 Loss: 0.0008020714740268886  PSNR: 30.957868576049805  Global Step: 100500  Time 0.28353
[TRAIN] Iter: 101000 Loss: 0.0009853303199633956  PSNR: 30.064180374145508  Global Step: 101000  Time 0.28191
[TRAIN] Iter: 101500 Loss: 0.0006251040031202137  PSNR: 32.04047775268555  Global Step: 101500  Time 0.28355
[TRAIN] Iter: 102000 Loss: 0.0009049134678207338  PSNR: 30.433929443359375  Global Step: 102000  Time 0.28306
[TRAIN] Iter: 102500 Loss: 0.0008917927625589073  PSNR: 30.49736213684082  Global Step: 102500  Time 0.28229
[TRAIN] Iter: 103000 Loss: 0.0012485940242186189  PSNR: 29.035785675048828  Global Step: 103000  Time 0.28307
[TRAIN] Iter: 103500 Loss: 0.0011436758795753121  PSNR: 29.416969299316406  Global Step: 103500  Time 0.27977
[TRAIN] Iter: 104000 Loss: 0.000993250054307282  PSNR: 30.0294132232666  Global Step: 104000  Time 0.28342
[TRAIN] Iter: 104500 Loss: 0.0007830162649042904  PSNR: 31.062294006347656  Global Step: 104500  Time 0.27994
[TRAIN] Iter: 105000 Loss: 0.0008900092798285186  PSNR: 30.506052017211914  Global Step: 105000  Time 0.28390
[TRAIN] Iter: 105500 Loss: 0.0008191957604140043  PSNR: 30.866119384765625  Global Step: 105500  Time 0.28029
[TRAIN] Iter: 106000 Loss: 0.0011054174974560738  PSNR: 29.56473731994629  Global Step: 106000  Time 0.28284
[TRAIN] Iter: 106500 Loss: 0.000987876788713038  PSNR: 30.05297088623047  Global Step: 106500  Time 0.28098
[TRAIN] Iter: 107000 Loss: 0.001100849942304194  PSNR: 29.582719802856445  Global Step: 107000  Time 0.28766
[TRAIN] Iter: 107500 Loss: 0.0006244527758099139  PSNR: 32.04500198364258  Global Step: 107500  Time 0.28265
[TRAIN] Iter: 108000 Loss: 0.001185766770504415  PSNR: 29.260007858276367  Global Step: 108000  Time 0.28046
[TRAIN] Iter: 108500 Loss: 0.001042030518874526  PSNR: 29.821195602416992  Global Step: 108500  Time 0.28460
[TRAIN] Iter: 109000 Loss: 0.0012085471535101533  PSNR: 29.177364349365234  Global Step: 109000  Time 0.28286
[TRAIN] Iter: 109500 Loss: 0.0011674552224576473  PSNR: 29.32759666442871  Global Step: 109500  Time 0.28539
saved weights at ./log/nyx256-500-coarse/model_110000.npy
saved weights at ./log/nyx256-500-coarse/optimizer_110000.npy
test poses shape (12, 4, 4)
render time img 0: 6.4373016357421875e-06  RGB and Disp Map Shape: (256, 256, 3) (256, 256)
  test img 0 PSNR: 30.89292287826538
render time img 1: 1.5169868469238281  test img 1 PSNR: 29.852845668792725
render time img 2: 1.5364749431610107  test img 2 PSNR: 31.551377773284912
render time img 3: 1.497426986694336  test img 3 PSNR: 31.416819095611572
render time img 4: 1.5120892524719238  test img 4 PSNR: 29.88952398300171
render time img 5: 1.5320212841033936  test img 5 PSNR: 30.1779842376709
render time img 6: 1.5567383766174316  test img 6 PSNR: 31.409883499145508
render time img 7: 1.5011866092681885  test img 7 PSNR: 30.531463623046875
render time img 8: 1.5131077766418457  test img 8 PSNR: 29.495925903320312
render time img 9: 1.518294334411621  test img 9 PSNR: 29.246833324432373
render time img 10: 1.5242879390716553  test img 10 PSNR: 29.885168075561523
render time img 11: 1.5332343578338623  test img 11 PSNR: 29.27478313446045
Saved test set
[TRAIN] Iter: 110000 Loss: 0.0012649873970076442  PSNR: 28.979137420654297  Global Step: 110000  Time 0.28390
[TRAIN] Iter: 110500 Loss: 0.0011865616543218493  PSNR: 29.257097244262695  Global Step: 110500  Time 0.28006
[TRAIN] Iter: 111000 Loss: 0.0011866355780512094  PSNR: 29.256826400756836  Global Step: 111000  Time 0.28151
[TRAIN] Iter: 111500 Loss: 0.0007793954573571682  PSNR: 31.08241844177246  Global Step: 111500  Time 0.28654
[TRAIN] Iter: 112000 Loss: 0.0006843546289019287  PSNR: 31.647188186645508  Global Step: 112000  Time 0.28568
[TRAIN] Iter: 112500 Loss: 0.0010102911619469523  PSNR: 29.955533981323242  Global Step: 112500  Time 0.28333
[TRAIN] Iter: 113000 Loss: 0.0009213931043632329  PSNR: 30.35555076599121  Global Step: 113000  Time 0.28627
[TRAIN] Iter: 113500 Loss: 0.0008894496713764966  PSNR: 30.508785247802734  Global Step: 113500  Time 0.28084
[TRAIN] Iter: 114000 Loss: 0.0008313334546983242  PSNR: 30.802248001098633  Global Step: 114000  Time 0.28324
[TRAIN] Iter: 114500 Loss: 0.001045955577865243  PSNR: 29.804866790771484  Global Step: 114500  Time 0.28577
[TRAIN] Iter: 115000 Loss: 0.0009972519474104047  PSNR: 30.011951446533203  Global Step: 115000  Time 0.28471
[TRAIN] Iter: 115500 Loss: 0.0013448480749502778  PSNR: 28.713266372680664  Global Step: 115500  Time 0.28057
[TRAIN] Iter: 116000 Loss: 0.0008014923078007996  PSNR: 30.96100616455078  Global Step: 116000  Time 0.28210
[TRAIN] Iter: 116500 Loss: 0.0010206704027950764  PSNR: 29.911144256591797  Global Step: 116500  Time 0.28358
[TRAIN] Iter: 117000 Loss: 0.0010253869695588946  PSNR: 29.89112091064453  Global Step: 117000  Time 0.28488
[TRAIN] Iter: 117500 Loss: 0.0010956348851323128  PSNR: 29.603342056274414  Global Step: 117500  Time 0.28444
[TRAIN] Iter: 118000 Loss: 0.0012412469368427992  PSNR: 29.061418533325195  Global Step: 118000  Time 0.28431
[TRAIN] Iter: 118500 Loss: 0.0011267693480476737  PSNR: 29.481647491455078  Global Step: 118500  Time 0.28197
[TRAIN] Iter: 119000 Loss: 0.0007350635714828968  PSNR: 31.33675193786621  Global Step: 119000  Time 0.28540
[TRAIN] Iter: 119500 Loss: 0.0007188704330474138  PSNR: 31.433494567871094  Global Step: 119500  Time 0.28422
saved weights at ./log/nyx256-500-coarse/model_120000.npy
saved weights at ./log/nyx256-500-coarse/optimizer_120000.npy
test poses shape (12, 4, 4)
render time img 0: 6.198883056640625e-06  RGB and Disp Map Shape: (256, 256, 3) (256, 256)
  test img 0 PSNR: 30.999855995178223
render time img 1: 1.5145764350891113  test img 1 PSNR: 29.813942909240723
render time img 2: 1.5378992557525635  test img 2 PSNR: 31.602935791015625
render time img 3: 1.4902725219726562  test img 3 PSNR: 31.560423374176025
render time img 4: 1.506899356842041  test img 4 PSNR: 30.05908489227295
render time img 5: 1.5239694118499756  test img 5 PSNR: 30.185530185699463
render time img 6: 1.5050325393676758  test img 6 PSNR: 31.254444122314453
render time img 7: 1.4577069282531738  test img 7 PSNR: 30.65305233001709
render time img 8: 1.520327091217041  test img 8 PSNR: 29.276950359344482
render time img 9: 1.5133697986602783  test img 9 PSNR: 29.19461727142334
render time img 10: 1.5179784297943115  test img 10 PSNR: 29.97934103012085
render time img 11: 1.5311555862426758  test img 11 PSNR: 29.195098876953125
Saved test set
[TRAIN] Iter: 120000 Loss: 0.0010214188368991017  PSNR: 29.907962799072266  Global Step: 120000  Time 0.28008
[TRAIN] Iter: 120500 Loss: 0.0011650669621303678  PSNR: 29.336490631103516  Global Step: 120500  Time 0.28338
[TRAIN] Iter: 121000 Loss: 0.0008121530991047621  PSNR: 30.903621673583984  Global Step: 121000  Time 0.28520
[TRAIN] Iter: 121500 Loss: 0.0012502301251515746  PSNR: 29.030099868774414  Global Step: 121500  Time 0.28357
[TRAIN] Iter: 122000 Loss: 0.0011630364460870624  PSNR: 29.344064712524414  Global Step: 122000  Time 0.28027
[TRAIN] Iter: 122500 Loss: 0.0009530432871542871  PSNR: 30.208873748779297  Global Step: 122500  Time 0.28352
[TRAIN] Iter: 123000 Loss: 0.000975149217993021  PSNR: 30.109289169311523  Global Step: 123000  Time 0.28567
[TRAIN] Iter: 123500 Loss: 0.0013367347419261932  PSNR: 28.739547729492188  Global Step: 123500  Time 0.28442
[TRAIN] Iter: 124000 Loss: 0.0007007212261669338  PSNR: 31.544546127319336  Global Step: 124000  Time 0.25376
[TRAIN] Iter: 124500 Loss: 0.0009929105872288346  PSNR: 30.03089714050293  Global Step: 124500  Time 0.27965
[TRAIN] Iter: 125000 Loss: 0.0008114859811030328  PSNR: 30.907190322875977  Global Step: 125000  Time 0.28005
[TRAIN] Iter: 125500 Loss: 0.0012396440142765641  PSNR: 29.067031860351562  Global Step: 125500  Time 0.28314
[TRAIN] Iter: 126000 Loss: 0.0008477792143821716  PSNR: 30.717172622680664  Global Step: 126000  Time 0.27988
[TRAIN] Iter: 126500 Loss: 0.0009846482425928116  PSNR: 30.067188262939453  Global Step: 126500  Time 0.28704
[TRAIN] Iter: 127000 Loss: 0.0009836953831836581  PSNR: 30.071393966674805  Global Step: 127000  Time 0.28402
[TRAIN] Iter: 127500 Loss: 0.0011971367057412863  PSNR: 29.218563079833984  Global Step: 127500  Time 0.28356
[TRAIN] Iter: 128000 Loss: 0.0007739481516182423  PSNR: 31.112882614135742  Global Step: 128000  Time 0.28601
[TRAIN] Iter: 128500 Loss: 0.0008296025334857404  PSNR: 30.81130027770996  Global Step: 128500  Time 0.28079
[TRAIN] Iter: 129000 Loss: 0.0012423563748598099  PSNR: 29.057538986206055  Global Step: 129000  Time 0.28204
[TRAIN] Iter: 129500 Loss: 0.0011393931927159429  PSNR: 29.43326187133789  Global Step: 129500  Time 0.28601
saved weights at ./log/nyx256-500-coarse/model_130000.npy
saved weights at ./log/nyx256-500-coarse/optimizer_130000.npy
test poses shape (12, 4, 4)
render time img 0: 7.3909759521484375e-06  RGB and Disp Map Shape: (256, 256, 3) (256, 256)
  test img 0 PSNR: 31.028447151184082
render time img 1: 1.5110933780670166  test img 1 PSNR: 29.961698055267334
render time img 2: 1.536855697631836  test img 2 PSNR: 31.794278621673584
render time img 3: 1.499361276626587  test img 3 PSNR: 31.508924961090088
render time img 4: 1.5069515705108643  test img 4 PSNR: 30.081124305725098
render time img 5: 1.530461072921753  test img 5 PSNR: 30.103323459625244
render time img 6: 1.5091400146484375  test img 6 PSNR: 31.517159938812256
render time img 7: 1.4930377006530762  test img 7 PSNR: 30.63218116760254
render time img 8: 1.5220746994018555  test img 8 PSNR: 29.492273330688477
render time img 9: 1.5172109603881836  test img 9 PSNR: 29.206533432006836
render time img 10: 1.5084178447723389  test img 10 PSNR: 29.880504608154297
render time img 11: 1.5229339599609375  test img 11 PSNR: 29.34359073638916
Saved test set
[TRAIN] Iter: 130000 Loss: 0.000684912025462836  PSNR: 31.64365005493164  Global Step: 130000  Time 0.28217
[TRAIN] Iter: 130500 Loss: 0.0010896420571953058  PSNR: 29.62716293334961  Global Step: 130500  Time 0.28355
[TRAIN] Iter: 131000 Loss: 0.0008534123189747334  PSNR: 30.688411712646484  Global Step: 131000  Time 0.28121
[TRAIN] Iter: 131500 Loss: 0.001004954450763762  PSNR: 29.978534698486328  Global Step: 131500  Time 0.28387
[TRAIN] Iter: 132000 Loss: 0.0008612391538918018  PSNR: 30.648759841918945  Global Step: 132000  Time 0.28517
[TRAIN] Iter: 132500 Loss: 0.0007282983860932291  PSNR: 31.376903533935547  Global Step: 132500  Time 0.28560
[TRAIN] Iter: 133000 Loss: 0.001076074200682342  PSNR: 29.681577682495117  Global Step: 133000  Time 0.28516
[TRAIN] Iter: 133500 Loss: 0.0008383007370866835  PSNR: 30.766002655029297  Global Step: 133500  Time 0.28371
[TRAIN] Iter: 134000 Loss: 0.0007727455231361091  PSNR: 31.1196346282959  Global Step: 134000  Time 0.28397
[TRAIN] Iter: 134500 Loss: 0.0009267269633710384  PSNR: 30.330482482910156  Global Step: 134500  Time 0.27928
[TRAIN] Iter: 135000 Loss: 0.001225432613864541  PSNR: 29.117107391357422  Global Step: 135000  Time 0.28274
[TRAIN] Iter: 135500 Loss: 0.00087491370504722  PSNR: 30.580345153808594  Global Step: 135500  Time 0.28208
[TRAIN] Iter: 136000 Loss: 0.0010364707559347153  PSNR: 29.84442901611328  Global Step: 136000  Time 0.28349
[TRAIN] Iter: 136500 Loss: 0.00136849086266011  PSNR: 28.63758087158203  Global Step: 136500  Time 0.28029
[TRAIN] Iter: 137000 Loss: 0.0009580555488355458  PSNR: 30.186094284057617  Global Step: 137000  Time 0.28541
[TRAIN] Iter: 137500 Loss: 0.001118265907280147  PSNR: 29.514549255371094  Global Step: 137500  Time 0.28214
[TRAIN] Iter: 138000 Loss: 0.0006174060981720686  PSNR: 32.09428787231445  Global Step: 138000  Time 0.28148
[TRAIN] Iter: 138500 Loss: 0.0008417884237132967  PSNR: 30.747970581054688  Global Step: 138500  Time 0.28517
[TRAIN] Iter: 139000 Loss: 0.0010796008864417672  PSNR: 29.66736602783203  Global Step: 139000  Time 0.28421
[TRAIN] Iter: 139500 Loss: 0.0011253367410972714  PSNR: 29.48717498779297  Global Step: 139500  Time 0.28639
saved weights at ./log/nyx256-500-coarse/model_140000.npy
saved weights at ./log/nyx256-500-coarse/optimizer_140000.npy
test poses shape (12, 4, 4)
render time img 0: 1.0967254638671875e-05  RGB and Disp Map Shape: (256, 256, 3) (256, 256)
  test img 0 PSNR: 31.15262508392334
render time img 1: 1.507136583328247  test img 1 PSNR: 29.897918701171875
render time img 2: 1.5421926975250244  test img 2 PSNR: 31.948230266571045
render time img 3: 1.4951138496398926  test img 3 PSNR: 31.704113483428955
render time img 4: 1.509946584701538  test img 4 PSNR: 30.043394565582275
render time img 5: 1.5324337482452393  test img 5 PSNR: 30.24493932723999
render time img 6: 1.5132651329040527  test img 6 PSNR: 31.541168689727783
render time img 7: 1.5072903633117676  test img 7 PSNR: 30.764269828796387
render time img 8: 1.5297529697418213  test img 8 PSNR: 29.71566915512085
render time img 9: 1.5057737827301025  test img 9 PSNR: 29.398488998413086
render time img 10: 1.518486738204956  test img 10 PSNR: 30.02277135848999
render time img 11: 1.5258769989013672  test img 11 PSNR: 29.496119022369385
Saved test set
[TRAIN] Iter: 140000 Loss: 0.001066693221218884  PSNR: 29.719606399536133  Global Step: 140000  Time 0.27992
[TRAIN] Iter: 140500 Loss: 0.001035504974424839  PSNR: 29.848478317260742  Global Step: 140500  Time 0.28277
[TRAIN] Iter: 141000 Loss: 0.0007401265320368111  PSNR: 31.30693817138672  Global Step: 141000  Time 0.26165
[TRAIN] Iter: 141500 Loss: 0.001073993626050651  PSNR: 29.689983367919922  Global Step: 141500  Time 0.28328
[TRAIN] Iter: 142000 Loss: 0.0006590094417333603  PSNR: 31.81108283996582  Global Step: 142000  Time 0.28267
[TRAIN] Iter: 142500 Loss: 0.0007568247965537012  PSNR: 31.21004867553711  Global Step: 142500  Time 0.28313
[TRAIN] Iter: 143000 Loss: 0.0008343757945112884  PSNR: 30.7863826751709  Global Step: 143000  Time 0.25544
[TRAIN] Iter: 143500 Loss: 0.0006502160103991628  PSNR: 31.869422912597656  Global Step: 143500  Time 0.28028
[TRAIN] Iter: 144000 Loss: 0.0009007307817228138  PSNR: 30.454051971435547  Global Step: 144000  Time 0.28214
[TRAIN] Iter: 144500 Loss: 0.001001944881863892  PSNR: 29.991559982299805  Global Step: 144500  Time 0.28010
[TRAIN] Iter: 145000 Loss: 0.0011808121344074607  PSNR: 29.27819061279297  Global Step: 145000  Time 0.28130
[TRAIN] Iter: 145500 Loss: 0.0011321346974000335  PSNR: 29.461017608642578  Global Step: 145500  Time 0.28533
[TRAIN] Iter: 146000 Loss: 0.0011059502139687538  PSNR: 29.56264305114746  Global Step: 146000  Time 0.28291
[TRAIN] Iter: 146500 Loss: 0.0011569774942472577  PSNR: 29.36675262451172  Global Step: 146500  Time 0.28282
[TRAIN] Iter: 147000 Loss: 0.0009548347443342209  PSNR: 30.200719833374023  Global Step: 147000  Time 0.28419
[TRAIN] Iter: 147500 Loss: 0.0007309230859391391  PSNR: 31.361282348632812  Global Step: 147500  Time 0.28458
[TRAIN] Iter: 148000 Loss: 0.0010964536340907216  PSNR: 29.60009765625  Global Step: 148000  Time 0.28358
[TRAIN] Iter: 148500 Loss: 0.001366093405522406  PSNR: 28.645198822021484  Global Step: 148500  Time 0.28409
[TRAIN] Iter: 149000 Loss: 0.0009855089010670781  PSNR: 30.06339454650879  Global Step: 149000  Time 0.28193
[TRAIN] Iter: 149500 Loss: 0.0006242941599339247  PSNR: 32.04610824584961  Global Step: 149500  Time 0.28192
saved weights at ./log/nyx256-500-coarse/model_150000.npy
saved weights at ./log/nyx256-500-coarse/optimizer_150000.npy
test poses shape (12, 4, 4)
render time img 0: 7.867813110351562e-06  RGB and Disp Map Shape: (256, 256, 3) (256, 256)
  test img 0 PSNR: 31.13828420639038
render time img 1: 1.4604160785675049  test img 1 PSNR: 30.05488634109497
render time img 2: 1.4648795127868652  test img 2 PSNR: 31.915340423583984
render time img 3: 1.4884138107299805  test img 3 PSNR: 31.78469181060791
render time img 4: 1.506596326828003  test img 4 PSNR: 30.058257579803467
render time img 5: 1.5230529308319092  test img 5 PSNR: 30.365099906921387
render time img 6: 1.5166091918945312  test img 6 PSNR: 31.516969203948975
render time img 7: 1.5091204643249512  test img 7 PSNR: 30.80308198928833
render time img 8: 1.4881927967071533  test img 8 PSNR: 29.71851110458374
render time img 9: 1.5100104808807373  test img 9 PSNR: 29.42615032196045
render time img 10: 1.5236809253692627  test img 10 PSNR: 30.044784545898438
render time img 11: 1.5282187461853027  test img 11 PSNR: 29.569082260131836
Saved test set
[TRAIN] Iter: 150000 Loss: 0.000984707847237587  PSNR: 30.066926956176758  Global Step: 150000  Time 0.28309
[TRAIN] Iter: 150500 Loss: 0.0009753513149917126  PSNR: 30.10839080810547  Global Step: 150500  Time 0.28438
[TRAIN] Iter: 151000 Loss: 0.0006118002929724753  PSNR: 32.1338996887207  Global Step: 151000  Time 0.28542
[TRAIN] Iter: 151500 Loss: 0.0010396860307082534  PSNR: 29.830976486206055  Global Step: 151500  Time 0.28253
[TRAIN] Iter: 152000 Loss: 0.0007276579272001982  PSNR: 31.38072395324707  Global Step: 152000  Time 0.27680
[TRAIN] Iter: 152500 Loss: 0.0008949227631092072  PSNR: 30.48214340209961  Global Step: 152500  Time 0.28065
[TRAIN] Iter: 153000 Loss: 0.0007651195046491921  PSNR: 31.16270637512207  Global Step: 153000  Time 0.28315
[TRAIN] Iter: 153500 Loss: 0.001059098867699504  PSNR: 29.75063705444336  Global Step: 153500  Time 0.28180
[TRAIN] Iter: 154000 Loss: 0.001266135135665536  PSNR: 28.975200653076172  Global Step: 154000  Time 0.28232
[TRAIN] Iter: 154500 Loss: 0.000905702356249094  PSNR: 30.43014144897461  Global Step: 154500  Time 0.28383
[TRAIN] Iter: 155000 Loss: 0.0010022623464465141  PSNR: 29.990184783935547  Global Step: 155000  Time 0.28358
[TRAIN] Iter: 155500 Loss: 0.0010242135031148791  PSNR: 29.896095275878906  Global Step: 155500  Time 0.28063
[TRAIN] Iter: 156000 Loss: 0.0010614297352731228  PSNR: 29.741086959838867  Global Step: 156000  Time 0.28443
[TRAIN] Iter: 156500 Loss: 0.0008892632904462516  PSNR: 30.50969696044922  Global Step: 156500  Time 0.28072
[TRAIN] Iter: 157000 Loss: 0.0009664627723395824  PSNR: 30.148147583007812  Global Step: 157000  Time 0.27960
[TRAIN] Iter: 157500 Loss: 0.0007246672175824642  PSNR: 31.39861297607422  Global Step: 157500  Time 0.28387
[TRAIN] Iter: 158000 Loss: 0.000989035819657147  PSNR: 30.04787826538086  Global Step: 158000  Time 0.28028
[TRAIN] Iter: 158500 Loss: 0.0009310925379395485  PSNR: 30.31007194519043  Global Step: 158500  Time 0.28659
[TRAIN] Iter: 159000 Loss: 0.0010004759533330798  PSNR: 29.99793243408203  Global Step: 159000  Time 0.28442
[TRAIN] Iter: 159500 Loss: 0.0010955516481772065  PSNR: 29.603670120239258  Global Step: 159500  Time 0.28027
saved weights at ./log/nyx256-500-coarse/model_160000.npy
saved weights at ./log/nyx256-500-coarse/optimizer_160000.npy
test poses shape (12, 4, 4)
render time img 0: 7.62939453125e-06  RGB and Disp Map Shape: (256, 256, 3) (256, 256)
  test img 0 PSNR: 31.24276638031006
render time img 1: 1.501605749130249  test img 1 PSNR: 30.101072788238525
render time img 2: 1.5332601070404053  test img 2 PSNR: 32.038066387176514
render time img 3: 1.4967024326324463  test img 3 PSNR: 31.867196559906006
render time img 4: 1.5016679763793945  test img 4 PSNR: 30.222043991088867
render time img 5: 1.5349533557891846  test img 5 PSNR: 30.489952564239502
render time img 6: 1.5080671310424805  test img 6 PSNR: 31.645443439483643
render time img 7: 1.5078840255737305  test img 7 PSNR: 30.880444049835205
render time img 8: 1.5206668376922607  test img 8 PSNR: 29.819018840789795
render time img 9: 1.509002923965454  test img 9 PSNR: 29.541709423065186
render time img 10: 1.5129549503326416  test img 10 PSNR: 30.154526233673096
render time img 11: 1.5333986282348633  test img 11 PSNR: 29.66179847717285
Saved test set
[TRAIN] Iter: 160000 Loss: 0.000629848800599575  PSNR: 32.00763702392578  Global Step: 160000  Time 0.28224
[TRAIN] Iter: 160500 Loss: 0.0010382273467257619  PSNR: 29.83707618713379  Global Step: 160500  Time 0.28333
[TRAIN] Iter: 161000 Loss: 0.0007343089673668146  PSNR: 31.34121322631836  Global Step: 161000  Time 0.27960
[TRAIN] Iter: 161500 Loss: 0.0008397792116738856  PSNR: 30.75834846496582  Global Step: 161500  Time 0.26144
[TRAIN] Iter: 162000 Loss: 0.0008851851453073323  PSNR: 30.5296573638916  Global Step: 162000  Time 0.28351
[TRAIN] Iter: 162500 Loss: 0.0009426901233382523  PSNR: 30.256311416625977  Global Step: 162500  Time 0.28102
[TRAIN] Iter: 163000 Loss: 0.001110906363464892  PSNR: 29.543224334716797  Global Step: 163000  Time 0.28496
[TRAIN] Iter: 163500 Loss: 0.0009219197672791779  PSNR: 30.353069305419922  Global Step: 163500  Time 0.28100
[TRAIN] Iter: 164000 Loss: 0.0007914374582469463  PSNR: 31.015832901000977  Global Step: 164000  Time 0.28395
[TRAIN] Iter: 164500 Loss: 0.0008849101141095161  PSNR: 30.531009674072266  Global Step: 164500  Time 0.28275
[TRAIN] Iter: 165000 Loss: 0.0010806660866364837  PSNR: 29.6630859375  Global Step: 165000  Time 0.28509
[TRAIN] Iter: 165500 Loss: 0.0010307846823707223  PSNR: 29.868318557739258  Global Step: 165500  Time 0.28324
[TRAIN] Iter: 166000 Loss: 0.0008281008340418339  PSNR: 30.81916618347168  Global Step: 166000  Time 0.27993
[TRAIN] Iter: 166500 Loss: 0.0007008062675595284  PSNR: 31.54401969909668  Global Step: 166500  Time 0.27338
[TRAIN] Iter: 167000 Loss: 0.0010995439952239394  PSNR: 29.587871551513672  Global Step: 167000  Time 0.28161
[TRAIN] Iter: 167500 Loss: 0.0010756785050034523  PSNR: 29.683176040649414  Global Step: 167500  Time 0.28279
[TRAIN] Iter: 168000 Loss: 0.0007499793427996337  PSNR: 31.249507904052734  Global Step: 168000  Time 0.28388
[TRAIN] Iter: 168500 Loss: 0.0010222893906757236  PSNR: 29.90426254272461  Global Step: 168500  Time 0.28314
[TRAIN] Iter: 169000 Loss: 0.0006825895980000496  PSNR: 31.658401489257812  Global Step: 169000  Time 0.28557
[TRAIN] Iter: 169500 Loss: 0.0009409648482687771  PSNR: 30.264263153076172  Global Step: 169500  Time 0.28300
saved weights at ./log/nyx256-500-coarse/model_170000.npy
saved weights at ./log/nyx256-500-coarse/optimizer_170000.npy
test poses shape (12, 4, 4)
render time img 0: 6.67572021484375e-06  RGB and Disp Map Shape: (256, 256, 3) (256, 256)
  test img 0 PSNR: 31.298019886016846
render time img 1: 1.512049913406372  test img 1 PSNR: 30.102312564849854
render time img 2: 1.5409579277038574  test img 2 PSNR: 32.019617557525635
render time img 3: 1.4946060180664062  test img 3 PSNR: 31.918928623199463
render time img 4: 1.520193338394165  test img 4 PSNR: 30.142529010772705
render time img 5: 1.5236914157867432  test img 5 PSNR: 30.531816482543945
render time img 6: 1.5166008472442627  test img 6 PSNR: 31.697511672973633
render time img 7: 1.5014169216156006  test img 7 PSNR: 30.822362899780273
render time img 8: 1.5231475830078125  test img 8 PSNR: 29.833297729492188
render time img 9: 1.5117337703704834  test img 9 PSNR: 29.602034091949463
render time img 10: 1.522402286529541  test img 10 PSNR: 30.304572582244873
render time img 11: 1.5240466594696045  test img 11 PSNR: 29.602210521697998
Saved test set
[TRAIN] Iter: 170000 Loss: 0.0011955340160056949  PSNR: 29.224380493164062  Global Step: 170000  Time 0.28508
[TRAIN] Iter: 170500 Loss: 0.0009687735582701862  PSNR: 30.13777732849121  Global Step: 170500  Time 0.28363
[TRAIN] Iter: 171000 Loss: 0.0009375876397825778  PSNR: 30.279878616333008  Global Step: 171000  Time 0.28600
[TRAIN] Iter: 171500 Loss: 0.001041626208461821  PSNR: 29.8228816986084  Global Step: 171500  Time 0.28167
[TRAIN] Iter: 172000 Loss: 0.0011370428837835789  PSNR: 29.442230224609375  Global Step: 172000  Time 0.28363
[TRAIN] Iter: 172500 Loss: 0.0010932093719020486  PSNR: 29.612964630126953  Global Step: 172500  Time 0.28288
[TRAIN] Iter: 173000 Loss: 0.0006871507503092289  PSNR: 31.62948226928711  Global Step: 173000  Time 0.28353
[TRAIN] Iter: 173500 Loss: 0.0010272432118654251  PSNR: 29.883264541625977  Global Step: 173500  Time 0.28042
[TRAIN] Iter: 174000 Loss: 0.0007642018026672304  PSNR: 31.167917251586914  Global Step: 174000  Time 0.28436
[TRAIN] Iter: 174500 Loss: 0.0010676790261641145  PSNR: 29.715593338012695  Global Step: 174500  Time 0.28466
[TRAIN] Iter: 175000 Loss: 0.0010157882934436202  PSNR: 29.931968688964844  Global Step: 175000  Time 0.28382
[TRAIN] Iter: 175500 Loss: 0.0006030865479260683  PSNR: 32.19620132446289  Global Step: 175500  Time 0.27968
[TRAIN] Iter: 176000 Loss: 0.0009134500869549811  PSNR: 30.393152236938477  Global Step: 176000  Time 0.28263
[TRAIN] Iter: 176500 Loss: 0.0007739047869108617  PSNR: 31.11312484741211  Global Step: 176500  Time 0.28206
[TRAIN] Iter: 177000 Loss: 0.0011674546403810382  PSNR: 29.32759666442871  Global Step: 177000  Time 0.28161
[TRAIN] Iter: 177500 Loss: 0.0008729455876164138  PSNR: 30.590126037597656  Global Step: 177500  Time 0.28392
[TRAIN] Iter: 178000 Loss: 0.0009240554645657539  PSNR: 30.343019485473633  Global Step: 178000  Time 0.28472
[TRAIN] Iter: 178500 Loss: 0.000721631629858166  PSNR: 31.41684341430664  Global Step: 178500  Time 0.26166
[TRAIN] Iter: 179000 Loss: 0.0006535213906317949  PSNR: 31.847400665283203  Global Step: 179000  Time 0.28326
[TRAIN] Iter: 179500 Loss: 0.0008866043644957244  PSNR: 30.522703170776367  Global Step: 179500  Time 0.28218
saved weights at ./log/nyx256-500-coarse/model_180000.npy
saved weights at ./log/nyx256-500-coarse/optimizer_180000.npy
test poses shape (12, 4, 4)
render time img 0: 7.62939453125e-06  RGB and Disp Map Shape: (256, 256, 3) (256, 256)
  test img 0 PSNR: 31.26542329788208
render time img 1: 1.4604661464691162  test img 1 PSNR: 30.103600025177002
render time img 2: 1.4633753299713135  test img 2 PSNR: 32.064998149871826
render time img 3: 1.4439849853515625  test img 3 PSNR: 31.938867568969727
render time img 4: 1.4482054710388184  test img 4 PSNR: 30.038137435913086
render time img 5: 1.4586207866668701  test img 5 PSNR: 30.587317943572998
render time img 6: 1.4545657634735107  test img 6 PSNR: 31.578388214111328
render time img 7: 1.489912509918213  test img 7 PSNR: 30.935652256011963
render time img 8: 1.5265684127807617  test img 8 PSNR: 29.817922115325928
render time img 9: 1.511854648590088  test img 9 PSNR: 29.634761810302734
render time img 10: 1.514488697052002  test img 10 PSNR: 30.072407722473145
render time img 11: 1.5242457389831543  test img 11 PSNR: 29.577746391296387
Saved test set
[TRAIN] Iter: 180000 Loss: 0.0011365731479600072  PSNR: 29.444026947021484  Global Step: 180000  Time 0.28278
[TRAIN] Iter: 180500 Loss: 0.000963621074333787  PSNR: 30.160934448242188  Global Step: 180500  Time 0.28054
[TRAIN] Iter: 181000 Loss: 0.0007241894491016865  PSNR: 31.40147590637207  Global Step: 181000  Time 0.28529
[TRAIN] Iter: 181500 Loss: 0.0009302871185354888  PSNR: 30.31382942199707  Global Step: 181500  Time 0.28123
[TRAIN] Iter: 182000 Loss: 0.001028786413371563  PSNR: 29.876747131347656  Global Step: 182000  Time 0.28313
[TRAIN] Iter: 182500 Loss: 0.0007529871072620153  PSNR: 31.23212432861328  Global Step: 182500  Time 0.28265
[TRAIN] Iter: 183000 Loss: 0.0009540944010950625  PSNR: 30.20408821105957  Global Step: 183000  Time 0.28701
[TRAIN] Iter: 183500 Loss: 0.0009197352919727564  PSNR: 30.363370895385742  Global Step: 183500  Time 0.28195
[TRAIN] Iter: 184000 Loss: 0.0009670833242125809  PSNR: 30.145362854003906  Global Step: 184000  Time 0.28360
[TRAIN] Iter: 184500 Loss: 0.0008597701671533287  PSNR: 30.65617561340332  Global Step: 184500  Time 0.28363
[TRAIN] Iter: 185000 Loss: 0.0007305326871573925  PSNR: 31.363601684570312  Global Step: 185000  Time 0.28281
[TRAIN] Iter: 185500 Loss: 0.0012157164746895432  PSNR: 29.15167808532715  Global Step: 185500  Time 0.28500
[TRAIN] Iter: 186000 Loss: 0.0010200857650488615  PSNR: 29.913633346557617  Global Step: 186000  Time 0.28138
[TRAIN] Iter: 186500 Loss: 0.0010099825449287891  PSNR: 29.95686149597168  Global Step: 186500  Time 0.27993
[TRAIN] Iter: 187000 Loss: 0.000824405811727047  PSNR: 30.83858871459961  Global Step: 187000  Time 0.27969
[TRAIN] Iter: 187500 Loss: 0.0008933923090808094  PSNR: 30.489578247070312  Global Step: 187500  Time 0.28020
[TRAIN] Iter: 188000 Loss: 0.0009156715241260827  PSNR: 30.382600784301758  Global Step: 188000  Time 0.28303
[TRAIN] Iter: 188500 Loss: 0.0010908617405220866  PSNR: 29.62230110168457  Global Step: 188500  Time 0.28382
[TRAIN] Iter: 189000 Loss: 0.0012597646564245224  PSNR: 28.99710464477539  Global Step: 189000  Time 0.28587
[TRAIN] Iter: 189500 Loss: 0.0011627975618466735  PSNR: 29.344959259033203  Global Step: 189500  Time 0.28339
saved weights at ./log/nyx256-500-coarse/model_190000.npy
saved weights at ./log/nyx256-500-coarse/optimizer_190000.npy
test poses shape (12, 4, 4)
render time img 0: 6.67572021484375e-06  RGB and Disp Map Shape: (256, 256, 3) (256, 256)
  test img 0 PSNR: 31.359703540802002
render time img 1: 1.4578158855438232  test img 1 PSNR: 30.1249098777771
render time img 2: 1.5271949768066406  test img 2 PSNR: 32.0462703704834
render time img 3: 1.4957435131072998  test img 3 PSNR: 31.932084560394287
render time img 4: 1.5037298202514648  test img 4 PSNR: 30.199697017669678
render time img 5: 1.525874376296997  test img 5 PSNR: 30.635974407196045
render time img 6: 1.5090348720550537  test img 6 PSNR: 31.61475896835327
render time img 7: 1.4979815483093262  test img 7 PSNR: 31.10553503036499
render time img 8: 1.5176851749420166  test img 8 PSNR: 29.944074153900146
render time img 9: 1.505462646484375  test img 9 PSNR: 29.67113494873047
render time img 10: 1.5135865211486816  test img 10 PSNR: 30.257163047790527
render time img 11: 1.5282559394836426  test img 11 PSNR: 29.756529331207275
Saved test set
[TRAIN] Iter: 190000 Loss: 0.0009414031519554555  PSNR: 30.26224136352539  Global Step: 190000  Time 0.28220
[TRAIN] Iter: 190500 Loss: 0.0005695920553989708  PSNR: 32.444358825683594  Global Step: 190500  Time 0.28400
[TRAIN] Iter: 191000 Loss: 0.0008246711804531515  PSNR: 30.837190628051758  Global Step: 191000  Time 0.28191
[TRAIN] Iter: 191500 Loss: 0.0007070599240250885  PSNR: 31.50543785095215  Global Step: 191500  Time 0.26066
[TRAIN] Iter: 192000 Loss: 0.0012835017405450344  PSNR: 28.91603660583496  Global Step: 192000  Time 0.28079
[TRAIN] Iter: 192500 Loss: 0.0011923479614779353  PSNR: 29.235971450805664  Global Step: 192500  Time 0.28308
[TRAIN] Iter: 193000 Loss: 0.0008184760226868093  PSNR: 30.86993980407715  Global Step: 193000  Time 0.28356
[TRAIN] Iter: 193500 Loss: 0.0010624219430610538  PSNR: 29.737031936645508  Global Step: 193500  Time 0.28278
[TRAIN] Iter: 194000 Loss: 0.0009520031162537634  PSNR: 30.21361541748047  Global Step: 194000  Time 0.28371
[TRAIN] Iter: 194500 Loss: 0.0011786058312281966  PSNR: 29.286312103271484  Global Step: 194500  Time 0.28424
[TRAIN] Iter: 195000 Loss: 0.0010909074917435646  PSNR: 29.622121810913086  Global Step: 195000  Time 0.28149
[TRAIN] Iter: 195500 Loss: 0.000711160188075155  PSNR: 31.48032569885254  Global Step: 195500  Time 0.28303
[TRAIN] Iter: 196000 Loss: 0.0006175685557536781  PSNR: 32.09314727783203  Global Step: 196000  Time 0.28090
[TRAIN] Iter: 196500 Loss: 0.0011768139665946364  PSNR: 29.292922973632812  Global Step: 196500  Time 0.28370
[TRAIN] Iter: 197000 Loss: 0.0006743206176906824  PSNR: 31.711336135864258  Global Step: 197000  Time 0.28094
[TRAIN] Iter: 197500 Loss: 0.0007700574933551252  PSNR: 31.134767532348633  Global Step: 197500  Time 0.28328
[TRAIN] Iter: 198000 Loss: 0.0008670238894410431  PSNR: 30.619688034057617  Global Step: 198000  Time 0.28364
[TRAIN] Iter: 198500 Loss: 0.0010252922074869275  PSNR: 29.891521453857422  Global Step: 198500  Time 0.28371
[TRAIN] Iter: 199000 Loss: 0.0006961853359825909  PSNR: 31.572750091552734  Global Step: 199000  Time 0.28296
[TRAIN] Iter: 199500 Loss: 0.0008761963690631092  PSNR: 30.573984146118164  Global Step: 199500  Time 0.28374
saved weights at ./log/nyx256-500-coarse/model_200000.npy
saved weights at ./log/nyx256-500-coarse/optimizer_200000.npy
test poses shape (12, 4, 4)
render time img 0: 7.62939453125e-06  RGB and Disp Map Shape: (256, 256, 3) (256, 256)
  test img 0 PSNR: 31.37153387069702
render time img 1: 1.4755520820617676  test img 1 PSNR: 30.207812786102295
render time img 2: 1.528709888458252  test img 2 PSNR: 32.037789821624756
render time img 3: 1.4931647777557373  test img 3 PSNR: 31.941354274749756
render time img 4: 1.5023581981658936  test img 4 PSNR: 30.277340412139893
render time img 5: 1.5208837985992432  test img 5 PSNR: 30.58703899383545
render time img 6: 1.5153732299804688  test img 6 PSNR: 31.631605625152588
render time img 7: 1.5076000690460205  test img 7 PSNR: 31.193971633911133
render time img 8: 1.515385627746582  test img 8 PSNR: 29.97565269470215
render time img 9: 1.5041141510009766  test img 9 PSNR: 29.671475887298584
render time img 10: 1.5156424045562744  test img 10 PSNR: 30.3544282913208
render time img 11: 1.5175046920776367  test img 11 PSNR: 29.70798969268799
Saved test set
[TRAIN] Iter: 200000 Loss: 0.0009522956679575145  PSNR: 30.212282180786133  Global Step: 200000  Time 0.28411
[TRAIN] Iter: 200500 Loss: 0.000976799288764596  PSNR: 30.101945877075195  Global Step: 200500  Time 0.28450
[TRAIN] Iter: 201000 Loss: 0.001289640786126256  PSNR: 28.89531135559082  Global Step: 201000  Time 0.28415
[TRAIN] Iter: 201500 Loss: 0.0010810322128236294  PSNR: 29.661611557006836  Global Step: 201500  Time 0.28071
[TRAIN] Iter: 202000 Loss: 0.0010396111756563187  PSNR: 29.83129119873047  Global Step: 202000  Time 0.27465
/users/PAS0027/xiong336/.conda/envs/nerf/lib/python3.7/site-packages/numpy/lib/npyio.py:528: VisibleDeprecationWarning: Creating an ndarray from ragged nested sequences (which is a list-or-tuple of lists-or-tuples-or ndarrays with different lengths or shapes) is deprecated. If you meant to do this, you must specify 'dtype=object' when creating the ndarray.
  arr = np.asanyarray(arr)
/users/PAS0027/xiong336/.conda/envs/nerf/lib/python3.7/site-packages/numpy/lib/npyio.py:528: VisibleDeprecationWarning: Creating an ndarray from ragged nested sequences (which is a list-or-tuple of lists-or-tuples-or ndarrays with different lengths or shapes) is deprecated. If you meant to do this, you must specify 'dtype=object' when creating the ndarray.
  arr = np.asanyarray(arr)
/users/PAS0027/xiong336/.conda/envs/nerf/lib/python3.7/site-packages/numpy/lib/npyio.py:528: VisibleDeprecationWarning: Creating an ndarray from ragged nested sequences (which is a list-or-tuple of lists-or-tuples-or ndarrays with different lengths or shapes) is deprecated. If you meant to do this, you must specify 'dtype=object' when creating the ndarray.
  arr = np.asanyarray(arr)
/users/PAS0027/xiong336/.conda/envs/nerf/lib/python3.7/site-packages/numpy/lib/npyio.py:528: VisibleDeprecationWarning: Creating an ndarray from ragged nested sequences (which is a list-or-tuple of lists-or-tuples-or ndarrays with different lengths or shapes) is deprecated. If you meant to do this, you must specify 'dtype=object' when creating the ndarray.
  arr = np.asanyarray(arr)
/users/PAS0027/xiong336/.conda/envs/nerf/lib/python3.7/site-packages/numpy/lib/npyio.py:528: VisibleDeprecationWarning: Creating an ndarray from ragged nested sequences (which is a list-or-tuple of lists-or-tuples-or ndarrays with different lengths or shapes) is deprecated. If you meant to do this, you must specify 'dtype=object' when creating the ndarray.
  arr = np.asanyarray(arr)
/users/PAS0027/xiong336/.conda/envs/nerf/lib/python3.7/site-packages/numpy/lib/npyio.py:528: VisibleDeprecationWarning: Creating an ndarray from ragged nested sequences (which is a list-or-tuple of lists-or-tuples-or ndarrays with different lengths or shapes) is deprecated. If you meant to do this, you must specify 'dtype=object' when creating the ndarray.
  arr = np.asanyarray(arr)
/users/PAS0027/xiong336/.conda/envs/nerf/lib/python3.7/site-packages/numpy/lib/npyio.py:528: VisibleDeprecationWarning: Creating an ndarray from ragged nested sequences (which is a list-or-tuple of lists-or-tuples-or ndarrays with different lengths or shapes) is deprecated. If you meant to do this, you must specify 'dtype=object' when creating the ndarray.
  arr = np.asanyarray(arr)
/users/PAS0027/xiong336/.conda/envs/nerf/lib/python3.7/site-packages/numpy/lib/npyio.py:528: VisibleDeprecationWarning: Creating an ndarray from ragged nested sequences (which is a list-or-tuple of lists-or-tuples-or ndarrays with different lengths or shapes) is deprecated. If you meant to do this, you must specify 'dtype=object' when creating the ndarray.
  arr = np.asanyarray(arr)
/users/PAS0027/xiong336/.conda/envs/nerf/lib/python3.7/site-packages/numpy/lib/npyio.py:528: VisibleDeprecationWarning: Creating an ndarray from ragged nested sequences (which is a list-or-tuple of lists-or-tuples-or ndarrays with different lengths or shapes) is deprecated. If you meant to do this, you must specify 'dtype=object' when creating the ndarray.
  arr = np.asanyarray(arr)
/users/PAS0027/xiong336/.conda/envs/nerf/lib/python3.7/site-packages/numpy/lib/npyio.py:528: VisibleDeprecationWarning: Creating an ndarray from ragged nested sequences (which is a list-or-tuple of lists-or-tuples-or ndarrays with different lengths or shapes) is deprecated. If you meant to do this, you must specify 'dtype=object' when creating the ndarray.
  arr = np.asanyarray(arr)
/users/PAS0027/xiong336/.conda/envs/nerf/lib/python3.7/site-packages/numpy/lib/npyio.py:528: VisibleDeprecationWarning: Creating an ndarray from ragged nested sequences (which is a list-or-tuple of lists-or-tuples-or ndarrays with different lengths or shapes) is deprecated. If you meant to do this, you must specify 'dtype=object' when creating the ndarray.
  arr = np.asanyarray(arr)
/users/PAS0027/xiong336/.conda/envs/nerf/lib/python3.7/site-packages/numpy/lib/npyio.py:528: VisibleDeprecationWarning: Creating an ndarray from ragged nested sequences (which is a list-or-tuple of lists-or-tuples-or ndarrays with different lengths or shapes) is deprecated. If you meant to do this, you must specify 'dtype=object' when creating the ndarray.
  arr = np.asanyarray(arr)
/users/PAS0027/xiong336/.conda/envs/nerf/lib/python3.7/site-packages/numpy/lib/npyio.py:528: VisibleDeprecationWarning: Creating an ndarray from ragged nested sequences (which is a list-or-tuple of lists-or-tuples-or ndarrays with different lengths or shapes) is deprecated. If you meant to do this, you must specify 'dtype=object' when creating the ndarray.
  arr = np.asanyarray(arr)
/users/PAS0027/xiong336/.conda/envs/nerf/lib/python3.7/site-packages/numpy/lib/npyio.py:528: VisibleDeprecationWarning: Creating an ndarray from ragged nested sequences (which is a list-or-tuple of lists-or-tuples-or ndarrays with different lengths or shapes) is deprecated. If you meant to do this, you must specify 'dtype=object' when creating the ndarray.
  arr = np.asanyarray(arr)
/users/PAS0027/xiong336/.conda/envs/nerf/lib/python3.7/site-packages/numpy/lib/npyio.py:528: VisibleDeprecationWarning: Creating an ndarray from ragged nested sequences (which is a list-or-tuple of lists-or-tuples-or ndarrays with different lengths or shapes) is deprecated. If you meant to do this, you must specify 'dtype=object' when creating the ndarray.
  arr = np.asanyarray(arr)
/users/PAS0027/xiong336/.conda/envs/nerf/lib/python3.7/site-packages/numpy/lib/npyio.py:528: VisibleDeprecationWarning: Creating an ndarray from ragged nested sequences (which is a list-or-tuple of lists-or-tuples-or ndarrays with different lengths or shapes) is deprecated. If you meant to do this, you must specify 'dtype=object' when creating the ndarray.
  arr = np.asanyarray(arr)
/users/PAS0027/xiong336/.conda/envs/nerf/lib/python3.7/site-packages/numpy/lib/npyio.py:528: VisibleDeprecationWarning: Creating an ndarray from ragged nested sequences (which is a list-or-tuple of lists-or-tuples-or ndarrays with different lengths or shapes) is deprecated. If you meant to do this, you must specify 'dtype=object' when creating the ndarray.
  arr = np.asanyarray(arr)
/users/PAS0027/xiong336/.conda/envs/nerf/lib/python3.7/site-packages/numpy/lib/npyio.py:528: VisibleDeprecationWarning: Creating an ndarray from ragged nested sequences (which is a list-or-tuple of lists-or-tuples-or ndarrays with different lengths or shapes) is deprecated. If you meant to do this, you must specify 'dtype=object' when creating the ndarray.
  arr = np.asanyarray(arr)
/users/PAS0027/xiong336/.conda/envs/nerf/lib/python3.7/site-packages/numpy/lib/npyio.py:528: VisibleDeprecationWarning: Creating an ndarray from ragged nested sequences (which is a list-or-tuple of lists-or-tuples-or ndarrays with different lengths or shapes) is deprecated. If you meant to do this, you must specify 'dtype=object' when creating the ndarray.
  arr = np.asanyarray(arr)
/users/PAS0027/xiong336/.conda/envs/nerf/lib/python3.7/site-packages/numpy/lib/npyio.py:528: VisibleDeprecationWarning: Creating an ndarray from ragged nested sequences (which is a list-or-tuple of lists-or-tuples-or ndarrays with different lengths or shapes) is deprecated. If you meant to do this, you must specify 'dtype=object' when creating the ndarray.
  arr = np.asanyarray(arr)
/users/PAS0027/xiong336/.conda/envs/nerf/lib/python3.7/site-packages/numpy/lib/npyio.py:528: VisibleDeprecationWarning: Creating an ndarray from ragged nested sequences (which is a list-or-tuple of lists-or-tuples-or ndarrays with different lengths or shapes) is deprecated. If you meant to do this, you must specify 'dtype=object' when creating the ndarray.
  arr = np.asanyarray(arr)
/users/PAS0027/xiong336/.conda/envs/nerf/lib/python3.7/site-packages/numpy/lib/npyio.py:528: VisibleDeprecationWarning: Creating an ndarray from ragged nested sequences (which is a list-or-tuple of lists-or-tuples-or ndarrays with different lengths or shapes) is deprecated. If you meant to do this, you must specify 'dtype=object' when creating the ndarray.
  arr = np.asanyarray(arr)
slurmstepd: error: *** JOB 11978769 ON p0237 CANCELLED AT 2022-07-11T03:14:29 DUE TO TIME LIMIT ***
slurmstepd: error: *** STEP 11978769.0 ON p0237 CANCELLED AT 2022-07-11T03:14:29 DUE TO TIME LIMIT ***
srun: Job step aborted: Waiting up to 32 seconds for job step to finish.
