
Lmod is automatically replacing "intel/19.0.5" with "gnu/8.4.0".


Due to MODULEPATH changes, the following have been reloaded:
  1) mvapich2/2.3.3

2022-07-10 11:14:26.245995: I tensorflow/stream_executor/platform/default/dso_loader.cc:44] Successfully opened dynamic library libcuda.so.1
2022-07-10 11:14:26.274690: I tensorflow/core/common_runtime/gpu/gpu_device.cc:1618] Found device 0 with properties: 
name: Tesla V100-PCIE-16GB major: 7 minor: 0 memoryClockRate(GHz): 1.38
pciBusID: 0000:3b:00.0
2022-07-10 11:14:26.280122: I tensorflow/stream_executor/platform/default/dso_loader.cc:44] Successfully opened dynamic library libcudart.so.10.0
2022-07-10 11:14:27.004976: I tensorflow/stream_executor/platform/default/dso_loader.cc:44] Successfully opened dynamic library libcublas.so.10.0
2022-07-10 11:14:27.091632: I tensorflow/stream_executor/platform/default/dso_loader.cc:44] Successfully opened dynamic library libcufft.so.10.0
2022-07-10 11:14:27.345583: I tensorflow/stream_executor/platform/default/dso_loader.cc:44] Successfully opened dynamic library libcurand.so.10.0
2022-07-10 11:14:27.774090: I tensorflow/stream_executor/platform/default/dso_loader.cc:44] Successfully opened dynamic library libcusolver.so.10.0
2022-07-10 11:14:27.907069: I tensorflow/stream_executor/platform/default/dso_loader.cc:44] Successfully opened dynamic library libcusparse.so.10.0
2022-07-10 11:14:28.379549: I tensorflow/stream_executor/platform/default/dso_loader.cc:44] Successfully opened dynamic library libcudnn.so.7
2022-07-10 11:14:28.380733: I tensorflow/core/common_runtime/gpu/gpu_device.cc:1746] Adding visible gpu devices: 0
2022-07-10 11:14:28.381794: I tensorflow/core/platform/cpu_feature_guard.cc:142] Your CPU supports instructions that this TensorFlow binary was not compiled to use: SSE4.1 SSE4.2 AVX AVX2 AVX512F FMA
2022-07-10 11:14:28.415893: I tensorflow/core/platform/profile_utils/cpu_utils.cc:94] CPU Frequency: 2400000000 Hz
2022-07-10 11:14:28.416216: I tensorflow/compiler/xla/service/service.cc:168] XLA service 0x563d64128400 initialized for platform Host (this does not guarantee that XLA will be used). Devices:
2022-07-10 11:14:28.416340: I tensorflow/compiler/xla/service/service.cc:176]   StreamExecutor device (0): Host, Default Version
2022-07-10 11:14:28.547772: I tensorflow/compiler/xla/service/service.cc:168] XLA service 0x563d6412a420 initialized for platform CUDA (this does not guarantee that XLA will be used). Devices:
2022-07-10 11:14:28.547919: I tensorflow/compiler/xla/service/service.cc:176]   StreamExecutor device (0): Tesla V100-PCIE-16GB, Compute Capability 7.0
2022-07-10 11:14:28.548327: I tensorflow/core/common_runtime/gpu/gpu_device.cc:1618] Found device 0 with properties: 
name: Tesla V100-PCIE-16GB major: 7 minor: 0 memoryClockRate(GHz): 1.38
pciBusID: 0000:3b:00.0
2022-07-10 11:14:28.548452: I tensorflow/stream_executor/platform/default/dso_loader.cc:44] Successfully opened dynamic library libcudart.so.10.0
2022-07-10 11:14:28.548512: I tensorflow/stream_executor/platform/default/dso_loader.cc:44] Successfully opened dynamic library libcublas.so.10.0
2022-07-10 11:14:28.548568: I tensorflow/stream_executor/platform/default/dso_loader.cc:44] Successfully opened dynamic library libcufft.so.10.0
2022-07-10 11:14:28.548625: I tensorflow/stream_executor/platform/default/dso_loader.cc:44] Successfully opened dynamic library libcurand.so.10.0
2022-07-10 11:14:28.548684: I tensorflow/stream_executor/platform/default/dso_loader.cc:44] Successfully opened dynamic library libcusolver.so.10.0
2022-07-10 11:14:28.548735: I tensorflow/stream_executor/platform/default/dso_loader.cc:44] Successfully opened dynamic library libcusparse.so.10.0
2022-07-10 11:14:28.548786: I tensorflow/stream_executor/platform/default/dso_loader.cc:44] Successfully opened dynamic library libcudnn.so.7
2022-07-10 11:14:28.549218: I tensorflow/core/common_runtime/gpu/gpu_device.cc:1746] Adding visible gpu devices: 0
2022-07-10 11:14:28.550175: I tensorflow/stream_executor/platform/default/dso_loader.cc:44] Successfully opened dynamic library libcudart.so.10.0
2022-07-10 11:14:28.550884: I tensorflow/core/common_runtime/gpu/gpu_device.cc:1159] Device interconnect StreamExecutor with strength 1 edge matrix:
2022-07-10 11:14:28.550954: I tensorflow/core/common_runtime/gpu/gpu_device.cc:1165]      0 
2022-07-10 11:14:28.551008: I tensorflow/core/common_runtime/gpu/gpu_device.cc:1178] 0:   N 
2022-07-10 11:14:28.551511: W tensorflow/core/common_runtime/gpu/gpu_bfc_allocator.cc:39] Overriding allow_growth setting because the TF_FORCE_GPU_ALLOW_GROWTH environment variable is set. Original config value was 0.
2022-07-10 11:14:28.551608: I tensorflow/core/common_runtime/gpu/gpu_device.cc:1304] Created TensorFlow device (/job:localhost/replica:0/task:0/device:GPU:0 with 15061 MB memory) -> physical GPU (device: 0, name: Tesla V100-PCIE-16GB, pci bus id: 0000:3b:00.0, compute capability: 7.0)
WARNING:tensorflow:
The TensorFlow contrib module will not be included in TensorFlow 2.0.
For more information, please see:
  * https://github.com/tensorflow/community/blob/master/rfcs/20180907-contrib-sunset.md
  * https://github.com/tensorflow/addons
  * https://github.com/tensorflow/io (for I/O related ops)
If you depend on functionality not listed there, please file an issue.

2022-07-10 11:14:40.296053: I tensorflow/stream_executor/platform/default/dso_loader.cc:44] Successfully opened dynamic library libcublas.so.10.0
WARNING:tensorflow:From /users/PAS0027/xiong336/project/nerf-tf/run_nerf_helpers.py:209: where (from tensorflow.python.ops.array_ops) is deprecated and will be removed in a future version.
Instructions for updating:
Use tf.where in 2.0, which has the same broadcast rule as np.where
WARNING:tensorflow:From /users/PAS0027/xiong336/project/nerf-tf/run_nerf_helpers.py:14: The name tf.log is deprecated. Please use tf.math.log instead.

fov <HDF5 dataset "fov": shape (), type "<i4">
mv <HDF5 dataset "mv": shape (120, 4, 4), type "<f4">
mvInvs <HDF5 dataset "mvInvs": shape (120, 4, 4), type "<f4">
hwf: [256, 256, 955.4050067376327] near far: 2.739838 9.424596
MODEL 63 27 <class 'int'> <class 'int'> True
(?, 90) (?, 63) (?, 27)
MODEL 63 27 <class 'int'> <class 'int'> True
(?, 90) (?, 63) (?, 27)
Not ndc!
Found ckpts []
Begin
TRAIN views are [406  84 371 388 495  30 316 408 490 491 280 356  76 461 497 211 101 334
 475 336 440 173   2 333 409  70 209  63 384  93 485 185  33  77   0  11
 415  22  72 182 131 410 193  55 148  18 204  78 494 262 323 483  79  39
 451  46 238 391 352 341 277 290 317 304 268  69 455 465 154  82 477 172
 321  90 180 414 312 278 381 472 362 324 431 347  86  75 438  15 249 433
  19 322 332  56 301 229 331 132 137 423 335  25 464 281 247 237 117  42
 220 176 320 153 231 227 417 203 126 329  31 113 470 271 140  57 192  24
  17 265  66 208 479  94 253 266  23 222 261 426   5 116  45  16 462 357
   3 218 405  60 110 318 428  29 437 471  26   7 453 108  37 157 489 118
 114 175 373 181 144 369 390 195 404 275 454 141 365  67 210 168 493 375
 400 272 109 248 145  92 152 367 467  83 245 165 163 199 228  74 478 358
 250 119 310 299 255 354 399 225 353 234 382 274  36 196 139 364 244 439
 286  59 111  89 436   6 360 346 338 158 150 177 393 184 449  10 380 103
  81  38 314 167 469 296 474 198 297 416 146 392 147 447 287 123 368  96
 143 239 442  97 407 122 183 202 246 305 298 351 386 395 284 125 302 223
 418 219 129 420 289 444 376 291 355 294 396 340 112 179 307 432 487 481
 422 233 311 164 136 197 258 232 115 120 349 224 402 397 127 285 411 107
 370 325 133 452  44 460  65 283  85 242 186 383 159  12  35  28 170 142
 398 342 221  95  51 240 484 378 178  41 498 421 206 282 254 412   4 256
 448 100 226 429 213 171  98 292 215  61  47  32 267 327 200 446  27 424
 230 260 288 162 425 138  62 135 128 476   8 326 463  64 300  14 156  40
 379 468 403 216 279 434 430 337 236 207 212 295 457 251 488 486 303 350
 269 201 161  43 217 401 190 309 259 105  53 389   1 441 482  49 419  80
 205  34 263 427 366  91 339 473  52 345 264 241  13 315  88 387 273 166
 328 492 134 306 480 319 243  54 363  50 456 174 445 189 496 187 169  58
  48 344 235 252  21 313 459 160 276 443 191 385 293 413 343 257 308 149
 130 151 359  99 372  87 458 330 214 466 121 499  20 188  71 106 270 348
 435 102]
TEST views are [361  73 374 155 104 394 377 124  68 450   9 194]
VAL views are [361  73 374 155 104 394 377 124  68 450   9 194]
saved weights at ./log/nyx256-500/model_000000.npy
saved weights at ./log/nyx256-500/model_fine_000000.npy
saved weights at ./log/nyx256-500/optimizer_000000.npy
[TRAIN] Iter: 0 Loss: 0.3184890151023865  PSNR: 7.376212120056152  Global Step: 0  Time 2.17539
[TRAIN] Iter: 1 Loss: 0.26539599895477295  PSNR: 8.419048309326172  Global Step: 1  Time 0.60653
[TRAIN] Iter: 2 Loss: 0.15878745913505554  PSNR: 10.442341804504395  Global Step: 2  Time 0.54370
[TRAIN] Iter: 3 Loss: 0.11350025236606598  PSNR: 12.209250450134277  Global Step: 3  Time 0.58687
[TRAIN] Iter: 4 Loss: 0.09840966761112213  PSNR: 12.797813415527344  Global Step: 4  Time 0.55966
[TRAIN] Iter: 5 Loss: 0.09945586323738098  PSNR: 12.796069145202637  Global Step: 5  Time 0.53402
[TRAIN] Iter: 6 Loss: 0.11634637415409088  PSNR: 12.116239547729492  Global Step: 6  Time 0.53443
[TRAIN] Iter: 7 Loss: 0.11375273764133453  PSNR: 12.151789665222168  Global Step: 7  Time 0.53297
[TRAIN] Iter: 8 Loss: 0.1098775714635849  PSNR: 12.234833717346191  Global Step: 8  Time 0.55203
[TRAIN] Iter: 9 Loss: 0.09767068922519684  PSNR: 12.684327125549316  Global Step: 9  Time 0.53449
[TRAIN] Iter: 500 Loss: 0.007852673530578613  PSNR: 24.484832763671875  Global Step: 500  Time 0.58673
[TRAIN] Iter: 1000 Loss: 0.006671241018921137  PSNR: 25.08414649963379  Global Step: 1000  Time 0.59015
[TRAIN] Iter: 1500 Loss: 0.005864291917532682  PSNR: 25.6149959564209  Global Step: 1500  Time 0.58535
[TRAIN] Iter: 2000 Loss: 0.005268043838441372  PSNR: 26.29680061340332  Global Step: 2000  Time 0.58742
[TRAIN] Iter: 2500 Loss: 0.006454914808273315  PSNR: 25.15131378173828  Global Step: 2500  Time 0.58766
[TRAIN] Iter: 3000 Loss: 0.0039052602369338274  PSNR: 27.4636287689209  Global Step: 3000  Time 0.58652
[TRAIN] Iter: 3500 Loss: 0.005658846348524094  PSNR: 25.82133674621582  Global Step: 3500  Time 0.56291
[TRAIN] Iter: 4000 Loss: 0.00452426727861166  PSNR: 26.889312744140625  Global Step: 4000  Time 0.58962
[TRAIN] Iter: 4500 Loss: 0.005029059015214443  PSNR: 26.661008834838867  Global Step: 4500  Time 0.58889
[TRAIN] Iter: 5000 Loss: 0.005199804436415434  PSNR: 26.8768253326416  Global Step: 5000  Time 0.58939
[TRAIN] Iter: 5500 Loss: 0.004540333058685064  PSNR: 27.13886833190918  Global Step: 5500  Time 0.58810
[TRAIN] Iter: 6000 Loss: 0.0038229776546359062  PSNR: 28.064382553100586  Global Step: 6000  Time 0.58852
[TRAIN] Iter: 6500 Loss: 0.0033648344688117504  PSNR: 28.312950134277344  Global Step: 6500  Time 0.58058
[TRAIN] Iter: 7000 Loss: 0.0037828406784683466  PSNR: 28.20991325378418  Global Step: 7000  Time 0.58908
[TRAIN] Iter: 7500 Loss: 0.004104237072169781  PSNR: 27.888263702392578  Global Step: 7500  Time 0.54190
[TRAIN] Iter: 8000 Loss: 0.0035812915302813053  PSNR: 28.32180404663086  Global Step: 8000  Time 0.58938
[TRAIN] Iter: 8500 Loss: 0.0027237534523010254  PSNR: 29.270566940307617  Global Step: 8500  Time 0.58801
[TRAIN] Iter: 9000 Loss: 0.003690695855766535  PSNR: 28.295604705810547  Global Step: 9000  Time 0.58840
[TRAIN] Iter: 9500 Loss: 0.003860494354739785  PSNR: 27.835174560546875  Global Step: 9500  Time 0.58878
saved weights at ./log/nyx256-500/model_010000.npy
saved weights at ./log/nyx256-500/model_fine_010000.npy
saved weights at ./log/nyx256-500/optimizer_010000.npy
test poses shape (12, 4, 4)
render time img 0: 6.4373016357421875e-06  RGB and Disp Map Shape: (256, 256, 3) (256, 256)
  test img 0 PSNR: 29.086694717407227
render time img 1: 3.0722451210021973  test img 1 PSNR: 27.976665496826172
render time img 2: 3.262695550918579  test img 2 PSNR: 29.84541416168213
render time img 3: 3.0783727169036865  test img 3 PSNR: 29.272754192352295
render time img 4: 3.1216354370117188  test img 4 PSNR: 28.512821197509766
render time img 5: 3.2611143589019775  test img 5 PSNR: 28.365120887756348
render time img 6: 3.2387266159057617  test img 6 PSNR: 29.187779426574707
render time img 7: 3.233161687850952  test img 7 PSNR: 28.6025071144104
render time img 8: 3.2484633922576904  test img 8 PSNR: 27.986931800842285
render time img 9: 3.1774871349334717  test img 9 PSNR: 28.037800788879395
render time img 10: 3.2388670444488525  test img 10 PSNR: 28.28789234161377
render time img 11: 3.276550531387329  test img 11 PSNR: 27.788054943084717
Saved test set
[TRAIN] Iter: 10000 Loss: 0.0033835838548839092  PSNR: 28.4907169342041  Global Step: 10000  Time 0.58845
[TRAIN] Iter: 10500 Loss: 0.004302854649722576  PSNR: 27.179607391357422  Global Step: 10500  Time 0.58824
[TRAIN] Iter: 11000 Loss: 0.0037125195376574993  PSNR: 28.202518463134766  Global Step: 11000  Time 0.58980
[TRAIN] Iter: 11500 Loss: 0.002606709487736225  PSNR: 29.542766571044922  Global Step: 11500  Time 0.58886
[TRAIN] Iter: 12000 Loss: 0.00316663458943367  PSNR: 28.71312713623047  Global Step: 12000  Time 0.58676
[TRAIN] Iter: 12500 Loss: 0.002267123432829976  PSNR: 30.386131286621094  Global Step: 12500  Time 0.58957
[TRAIN] Iter: 13000 Loss: 0.0039139906875789165  PSNR: 27.806427001953125  Global Step: 13000  Time 0.53555
[TRAIN] Iter: 13500 Loss: 0.0029029089491814375  PSNR: 29.275388717651367  Global Step: 13500  Time 0.58772
[TRAIN] Iter: 14000 Loss: 0.003133835969492793  PSNR: 29.060579299926758  Global Step: 14000  Time 0.58866
[TRAIN] Iter: 14500 Loss: 0.004147873260080814  PSNR: 28.109315872192383  Global Step: 14500  Time 0.57740
[TRAIN] Iter: 15000 Loss: 0.0029098938684910536  PSNR: 29.45610809326172  Global Step: 15000  Time 0.58731
[TRAIN] Iter: 15500 Loss: 0.00266185961663723  PSNR: 29.865446090698242  Global Step: 15500  Time 0.58683
[TRAIN] Iter: 16000 Loss: 0.0027104108594357967  PSNR: 29.591148376464844  Global Step: 16000  Time 0.59029
[TRAIN] Iter: 16500 Loss: 0.003042755648493767  PSNR: 29.080814361572266  Global Step: 16500  Time 0.58611
[TRAIN] Iter: 17000 Loss: 0.0033928630873560905  PSNR: 28.762340545654297  Global Step: 17000  Time 0.58773
[TRAIN] Iter: 17500 Loss: 0.0035138507373631  PSNR: 28.820404052734375  Global Step: 17500  Time 0.58667
[TRAIN] Iter: 18000 Loss: 0.0034515047445893288  PSNR: 28.651884078979492  Global Step: 18000  Time 0.58726
[TRAIN] Iter: 18500 Loss: 0.0028632828034460545  PSNR: 29.391334533691406  Global Step: 18500  Time 0.58561
[TRAIN] Iter: 19000 Loss: 0.0023171089123934507  PSNR: 30.355030059814453  Global Step: 19000  Time 0.58584
[TRAIN] Iter: 19500 Loss: 0.002932317089289427  PSNR: 28.759788513183594  Global Step: 19500  Time 0.59033
saved weights at ./log/nyx256-500/model_020000.npy
saved weights at ./log/nyx256-500/model_fine_020000.npy
saved weights at ./log/nyx256-500/optimizer_020000.npy
test poses shape (12, 4, 4)
render time img 0: 6.67572021484375e-06  RGB and Disp Map Shape: (256, 256, 3) (256, 256)
  test img 0 PSNR: 29.772422313690186
render time img 1: 3.1821138858795166  test img 1 PSNR: 28.986644744873047
render time img 2: 3.2571468353271484  test img 2 PSNR: 30.3255033493042
render time img 3: 3.2282681465148926  test img 3 PSNR: 30.308563709259033
render time img 4: 3.2339086532592773  test img 4 PSNR: 29.077754020690918
render time img 5: 3.2466137409210205  test img 5 PSNR: 29.134204387664795
render time img 6: 3.233053207397461  test img 6 PSNR: 29.825572967529297
render time img 7: 3.2304906845092773  test img 7 PSNR: 29.164607524871826
render time img 8: 3.3944971561431885  test img 8 PSNR: 29.028828144073486
render time img 9: 3.2355682849884033  test img 9 PSNR: 28.65476131439209
render time img 10: 3.2272050380706787  test img 10 PSNR: 29.018549919128418
render time img 11: 3.243049144744873  test img 11 PSNR: 28.643956184387207
Saved test set
[TRAIN] Iter: 20000 Loss: 0.003190707415342331  PSNR: 28.891576766967773  Global Step: 20000  Time 0.58970
[TRAIN] Iter: 20500 Loss: 0.002585338894277811  PSNR: 29.79326629638672  Global Step: 20500  Time 0.58450
[TRAIN] Iter: 21000 Loss: 0.0032372456043958664  PSNR: 29.2261905670166  Global Step: 21000  Time 0.58538
[TRAIN] Iter: 21500 Loss: 0.003050532191991806  PSNR: 29.233646392822266  Global Step: 21500  Time 0.58853
[TRAIN] Iter: 22000 Loss: 0.003287119325250387  PSNR: 28.858474731445312  Global Step: 22000  Time 0.58486
[TRAIN] Iter: 22500 Loss: 0.0027473499067127705  PSNR: 29.759443283081055  Global Step: 22500  Time 0.58606
[TRAIN] Iter: 23000 Loss: 0.002825863193720579  PSNR: 29.874338150024414  Global Step: 23000  Time 0.58720
[TRAIN] Iter: 23500 Loss: 0.002780171111226082  PSNR: 29.614309310913086  Global Step: 23500  Time 0.58332
[TRAIN] Iter: 24000 Loss: 0.0034774630330502987  PSNR: 28.7111873626709  Global Step: 24000  Time 0.58756
[TRAIN] Iter: 24500 Loss: 0.0029004402458667755  PSNR: 29.90631675720215  Global Step: 24500  Time 0.58857
[TRAIN] Iter: 25000 Loss: 0.003554781898856163  PSNR: 28.892053604125977  Global Step: 25000  Time 0.58920
[TRAIN] Iter: 25500 Loss: 0.0032079052180051804  PSNR: 29.517419815063477  Global Step: 25500  Time 0.57610
[TRAIN] Iter: 26000 Loss: 0.0017240910092368722  PSNR: 31.665813446044922  Global Step: 26000  Time 0.58914
[TRAIN] Iter: 26500 Loss: 0.0030879518017172813  PSNR: 29.514570236206055  Global Step: 26500  Time 0.58628
[TRAIN] Iter: 27000 Loss: 0.002381959930062294  PSNR: 30.357227325439453  Global Step: 27000  Time 0.58650
[TRAIN] Iter: 27500 Loss: 0.0024893940426409245  PSNR: 30.28436851501465  Global Step: 27500  Time 0.54289
[TRAIN] Iter: 28000 Loss: 0.0033015282824635506  PSNR: 29.055435180664062  Global Step: 28000  Time 0.58738
[TRAIN] Iter: 28500 Loss: 0.0028839316219091415  PSNR: 29.47199821472168  Global Step: 28500  Time 0.58687
[TRAIN] Iter: 29000 Loss: 0.0025591631419956684  PSNR: 30.162830352783203  Global Step: 29000  Time 0.58692
[TRAIN] Iter: 29500 Loss: 0.0026270588859915733  PSNR: 30.062620162963867  Global Step: 29500  Time 0.58795
saved weights at ./log/nyx256-500/model_030000.npy
saved weights at ./log/nyx256-500/model_fine_030000.npy
saved weights at ./log/nyx256-500/optimizer_030000.npy
test poses shape (12, 4, 4)
render time img 0: 1.4543533325195312e-05  RGB and Disp Map Shape: (256, 256, 3) (256, 256)
  test img 0 PSNR: 30.339016914367676
render time img 1: 3.2278919219970703  test img 1 PSNR: 29.566972255706787
render time img 2: 3.2429566383361816  test img 2 PSNR: 30.964856147766113
render time img 3: 3.2045979499816895  test img 3 PSNR: 31.03825330734253
render time img 4: 3.2072038650512695  test img 4 PSNR: 29.64149236679077
render time img 5: 3.2537477016448975  test img 5 PSNR: 29.905705451965332
render time img 6: 3.2138450145721436  test img 6 PSNR: 30.437593460083008
render time img 7: 3.2149510383605957  test img 7 PSNR: 30.358850955963135
render time img 8: 3.2368433475494385  test img 8 PSNR: 29.659385681152344
render time img 9: 3.2345337867736816  test img 9 PSNR: 29.285728931427002
render time img 10: 3.2262520790100098  test img 10 PSNR: 29.497520923614502
render time img 11: 3.2427146434783936  test img 11 PSNR: 29.442660808563232
Saved test set
[TRAIN] Iter: 30000 Loss: 0.002681083045899868  PSNR: 30.11846351623535  Global Step: 30000  Time 0.58785
[TRAIN] Iter: 30500 Loss: 0.0030871531926095486  PSNR: 28.992462158203125  Global Step: 30500  Time 0.58573
[TRAIN] Iter: 31000 Loss: 0.003321676515042782  PSNR: 29.22882843017578  Global Step: 31000  Time 0.58542
[TRAIN] Iter: 31500 Loss: 0.002394132548943162  PSNR: 30.234045028686523  Global Step: 31500  Time 0.57416
[TRAIN] Iter: 32000 Loss: 0.002321016974747181  PSNR: 30.633684158325195  Global Step: 32000  Time 0.58827
[TRAIN] Iter: 32500 Loss: 0.002646106295287609  PSNR: 29.95460319519043  Global Step: 32500  Time 0.58806
[TRAIN] Iter: 33000 Loss: 0.003341878764331341  PSNR: 29.370323181152344  Global Step: 33000  Time 0.58489
[TRAIN] Iter: 33500 Loss: 0.0018196391174569726  PSNR: 31.03811264038086  Global Step: 33500  Time 0.58879
[TRAIN] Iter: 34000 Loss: 0.0030030058696866035  PSNR: 29.38003158569336  Global Step: 34000  Time 0.58438
[TRAIN] Iter: 34500 Loss: 0.0028253509663045406  PSNR: 29.729536056518555  Global Step: 34500  Time 0.58583
[TRAIN] Iter: 35000 Loss: 0.0030379663221538067  PSNR: 29.66047477722168  Global Step: 35000  Time 0.58701
[TRAIN] Iter: 35500 Loss: 0.0028585579711943865  PSNR: 29.872331619262695  Global Step: 35500  Time 0.58565
[TRAIN] Iter: 36000 Loss: 0.001939702546223998  PSNR: 31.381065368652344  Global Step: 36000  Time 0.58842
[TRAIN] Iter: 36500 Loss: 0.002156789181753993  PSNR: 31.038734436035156  Global Step: 36500  Time 0.58854
[TRAIN] Iter: 37000 Loss: 0.002742850687354803  PSNR: 30.04545021057129  Global Step: 37000  Time 0.58859
[TRAIN] Iter: 37500 Loss: 0.0018558056326583028  PSNR: 31.712724685668945  Global Step: 37500  Time 0.56287
[TRAIN] Iter: 38000 Loss: 0.00243402854539454  PSNR: 30.544462203979492  Global Step: 38000  Time 0.58538
[TRAIN] Iter: 38500 Loss: 0.002782379509881139  PSNR: 29.860498428344727  Global Step: 38500  Time 0.58801
[TRAIN] Iter: 39000 Loss: 0.002725603524595499  PSNR: 29.925811767578125  Global Step: 39000  Time 0.59220
[TRAIN] Iter: 39500 Loss: 0.002577651059255004  PSNR: 30.337316513061523  Global Step: 39500  Time 0.53222
saved weights at ./log/nyx256-500/model_040000.npy
saved weights at ./log/nyx256-500/model_fine_040000.npy
saved weights at ./log/nyx256-500/optimizer_040000.npy
test poses shape (12, 4, 4)
render time img 0: 6.198883056640625e-06  RGB and Disp Map Shape: (256, 256, 3) (256, 256)
  test img 0 PSNR: 31.105096340179443
render time img 1: 3.106506586074829  test img 1 PSNR: 29.913458824157715
render time img 2: 3.2399938106536865  test img 2 PSNR: 31.981701850891113
render time img 3: 3.195657730102539  test img 3 PSNR: 31.45873785018921
render time img 4: 3.20937180519104  test img 4 PSNR: 29.999091625213623
render time img 5: 3.2356762886047363  test img 5 PSNR: 30.195279121398926
render time img 6: 3.151069402694702  test img 6 PSNR: 30.908215045928955
render time img 7: 3.188418388366699  test img 7 PSNR: 30.569076538085938
render time img 8: 3.1782448291778564  test img 8 PSNR: 29.87758159637451
render time img 9: 3.1966161727905273  test img 9 PSNR: 29.43136692047119
render time img 10: 3.2292606830596924  test img 10 PSNR: 29.72714900970459
render time img 11: 3.237276077270508  test img 11 PSNR: 29.779632091522217
Saved test set
[TRAIN] Iter: 40000 Loss: 0.0026901366654783487  PSNR: 30.43862533569336  Global Step: 40000  Time 0.58681
[TRAIN] Iter: 40500 Loss: 0.0022357581183314323  PSNR: 30.736221313476562  Global Step: 40500  Time 0.58677
[TRAIN] Iter: 41000 Loss: 0.0020402707159519196  PSNR: 31.508121490478516  Global Step: 41000  Time 0.58696
[TRAIN] Iter: 41500 Loss: 0.002514348831027746  PSNR: 30.1940860748291  Global Step: 41500  Time 0.56115
[TRAIN] Iter: 42000 Loss: 0.0030502607114613056  PSNR: 29.52890968322754  Global Step: 42000  Time 0.58642
[TRAIN] Iter: 42500 Loss: 0.0029476750642061234  PSNR: 29.820297241210938  Global Step: 42500  Time 0.58618
[TRAIN] Iter: 43000 Loss: 0.0025071976706385612  PSNR: 30.420143127441406  Global Step: 43000  Time 0.58804
[TRAIN] Iter: 43500 Loss: 0.001919703558087349  PSNR: 31.672334671020508  Global Step: 43500  Time 0.58866
[TRAIN] Iter: 44000 Loss: 0.0033145416527986526  PSNR: 29.490039825439453  Global Step: 44000  Time 0.58693
[TRAIN] Iter: 44500 Loss: 0.002692160662263632  PSNR: 30.090078353881836  Global Step: 44500  Time 0.58899
[TRAIN] Iter: 45000 Loss: 0.0027547937352210283  PSNR: 29.740209579467773  Global Step: 45000  Time 0.58447
[TRAIN] Iter: 45500 Loss: 0.0020990401972085238  PSNR: 31.134111404418945  Global Step: 45500  Time 0.58738
[TRAIN] Iter: 46000 Loss: 0.0031414381228387356  PSNR: 29.727094650268555  Global Step: 46000  Time 0.56719
[TRAIN] Iter: 46500 Loss: 0.0027640622574836016  PSNR: 30.10616111755371  Global Step: 46500  Time 0.58839
[TRAIN] Iter: 47000 Loss: 0.0023500793613493443  PSNR: 30.59354019165039  Global Step: 47000  Time 0.58819
[TRAIN] Iter: 47500 Loss: 0.002334939781576395  PSNR: 30.709041595458984  Global Step: 47500  Time 0.58698
[TRAIN] Iter: 48000 Loss: 0.0024307440035045147  PSNR: 30.33382225036621  Global Step: 48000  Time 0.53233
[TRAIN] Iter: 48500 Loss: 0.00182057055644691  PSNR: 31.68291473388672  Global Step: 48500  Time 0.59065
[TRAIN] Iter: 49000 Loss: 0.002415503840893507  PSNR: 31.074615478515625  Global Step: 49000  Time 0.58674
[TRAIN] Iter: 49500 Loss: 0.0026934966444969177  PSNR: 29.95355224609375  Global Step: 49500  Time 0.58874
saved weights at ./log/nyx256-500/model_050000.npy
saved weights at ./log/nyx256-500/model_fine_050000.npy
saved weights at ./log/nyx256-500/optimizer_050000.npy
test poses shape (12, 4, 4)
render time img 0: 7.152557373046875e-06  RGB and Disp Map Shape: (256, 256, 3) (256, 256)
  test img 0 PSNR: 31.357436180114746
render time img 1: 3.2159245014190674  test img 1 PSNR: 30.22489309310913
render time img 2: 3.2318146228790283  test img 2 PSNR: 32.05648422241211
render time img 3: 3.2063467502593994  test img 3 PSNR: 31.948988437652588
render time img 4: 3.1685783863067627  test img 4 PSNR: 30.451464653015137
render time img 5: 3.2111754417419434  test img 5 PSNR: 30.93674898147583
render time img 6: 3.2200875282287598  test img 6 PSNR: 30.95316171646118
render time img 7: 3.19702410697937  test img 7 PSNR: 31.129631996154785
render time img 8: 3.2291131019592285  test img 8 PSNR: 30.62370538711548
render time img 9: 3.2193284034729004  test img 9 PSNR: 30.220532417297363
render time img 10: 3.213597297668457  test img 10 PSNR: 30.31327724456787
render time img 11: 3.2209279537200928  test img 11 PSNR: 30.242090225219727
Saved test set
[TRAIN] Iter: 50000 Loss: 0.0023566500749439  PSNR: 30.471689224243164  Global Step: 50000  Time 0.58922
[TRAIN] Iter: 50500 Loss: 0.0023152693174779415  PSNR: 30.796098709106445  Global Step: 50500  Time 0.58930
[TRAIN] Iter: 51000 Loss: 0.0019649534951895475  PSNR: 31.63836097717285  Global Step: 51000  Time 0.58578
[TRAIN] Iter: 51500 Loss: 0.0015018803533166647  PSNR: 32.419071197509766  Global Step: 51500  Time 0.58595
[TRAIN] Iter: 52000 Loss: 0.0026444774121046066  PSNR: 30.25519371032715  Global Step: 52000  Time 0.58606
[TRAIN] Iter: 52500 Loss: 0.002428641775622964  PSNR: 30.56331443786621  Global Step: 52500  Time 0.58447
[TRAIN] Iter: 53000 Loss: 0.0020014066249132156  PSNR: 31.409282684326172  Global Step: 53000  Time 0.58790
[TRAIN] Iter: 53500 Loss: 0.0025551049038767815  PSNR: 30.39702796936035  Global Step: 53500  Time 0.53625
[TRAIN] Iter: 54000 Loss: 0.0028157569468021393  PSNR: 30.167234420776367  Global Step: 54000  Time 0.58899
[TRAIN] Iter: 54500 Loss: 0.0016787531785666943  PSNR: 32.21944808959961  Global Step: 54500  Time 0.57677
[TRAIN] Iter: 55000 Loss: 0.002403413411229849  PSNR: 30.567760467529297  Global Step: 55000  Time 0.58711
[TRAIN] Iter: 55500 Loss: 0.00269339419901371  PSNR: 30.37592124938965  Global Step: 55500  Time 0.53870
[TRAIN] Iter: 56000 Loss: 0.0015173691790550947  PSNR: 32.0865478515625  Global Step: 56000  Time 0.58713
[TRAIN] Iter: 56500 Loss: 0.002673014299944043  PSNR: 30.436500549316406  Global Step: 56500  Time 0.58708
[TRAIN] Iter: 57000 Loss: 0.0019205742282792926  PSNR: 31.861705780029297  Global Step: 57000  Time 0.58632
[TRAIN] Iter: 57500 Loss: 0.002327586291357875  PSNR: 30.810434341430664  Global Step: 57500  Time 0.57886
[TRAIN] Iter: 58000 Loss: 0.0022215659264475107  PSNR: 31.164724349975586  Global Step: 58000  Time 0.58963
[TRAIN] Iter: 58500 Loss: 0.002397947944700718  PSNR: 30.7941951751709  Global Step: 58500  Time 0.58906
[TRAIN] Iter: 59000 Loss: 0.002383830025792122  PSNR: 30.658292770385742  Global Step: 59000  Time 0.58322
[TRAIN] Iter: 59500 Loss: 0.0029867941047996283  PSNR: 30.3116512298584  Global Step: 59500  Time 0.54426
saved weights at ./log/nyx256-500/model_060000.npy
saved weights at ./log/nyx256-500/model_fine_060000.npy
saved weights at ./log/nyx256-500/optimizer_060000.npy
test poses shape (12, 4, 4)
render time img 0: 6.4373016357421875e-06  RGB and Disp Map Shape: (256, 256, 3) (256, 256)
  test img 0 PSNR: 31.609725952148438
render time img 1: 3.227829694747925  test img 1 PSNR: 30.290112495422363
render time img 2: 3.219839572906494  test img 2 PSNR: 32.37811803817749
render time img 3: 3.1892738342285156  test img 3 PSNR: 32.36609935760498
render time img 4: 3.2160539627075195  test img 4 PSNR: 30.378410816192627
render time img 5: 3.210740566253662  test img 5 PSNR: 30.455162525177002
render time img 6: 3.219339609146118  test img 6 PSNR: 31.64525032043457
render time img 7: 3.2190656661987305  test img 7 PSNR: 31.172478199005127
render time img 8: 3.2192604541778564  test img 8 PSNR: 30.15911340713501
render time img 9: 3.2168564796447754  test img 9 PSNR: 29.816665649414062
render time img 10: 3.2260565757751465  test img 10 PSNR: 30.76486349105835
render time img 11: 3.217010259628296  test img 11 PSNR: 29.657349586486816
Saved test set
[TRAIN] Iter: 60000 Loss: 0.0019516039174050093  PSNR: 31.823205947875977  Global Step: 60000  Time 0.58399
[TRAIN] Iter: 60500 Loss: 0.0028439536690711975  PSNR: 29.973846435546875  Global Step: 60500  Time 0.58833
[TRAIN] Iter: 61000 Loss: 0.0030426494777202606  PSNR: 29.595796585083008  Global Step: 61000  Time 0.58537
[TRAIN] Iter: 61500 Loss: 0.00297715375199914  PSNR: 29.598743438720703  Global Step: 61500  Time 0.58724
[TRAIN] Iter: 62000 Loss: 0.0031069586984813213  PSNR: 29.767332077026367  Global Step: 62000  Time 0.58744
[TRAIN] Iter: 62500 Loss: 0.0024454749654978514  PSNR: 30.61174964904785  Global Step: 62500  Time 0.58621
[TRAIN] Iter: 63000 Loss: 0.0018179629696533084  PSNR: 31.69949722290039  Global Step: 63000  Time 0.58809
[TRAIN] Iter: 63500 Loss: 0.0018229945562779903  PSNR: 31.9924259185791  Global Step: 63500  Time 0.58630
[TRAIN] Iter: 64000 Loss: 0.0028573237359523773  PSNR: 29.814138412475586  Global Step: 64000  Time 0.58601
[TRAIN] Iter: 64500 Loss: 0.0019615418277680874  PSNR: 32.07570266723633  Global Step: 64500  Time 0.58921
[TRAIN] Iter: 65000 Loss: 0.001554053626023233  PSNR: 32.2484130859375  Global Step: 65000  Time 0.58747
[TRAIN] Iter: 65500 Loss: 0.0025404482148587704  PSNR: 30.636367797851562  Global Step: 65500  Time 0.58795
[TRAIN] Iter: 66000 Loss: 0.002583655994385481  PSNR: 30.799779891967773  Global Step: 66000  Time 0.58670
[TRAIN] Iter: 66500 Loss: 0.0030530705116689205  PSNR: 30.300395965576172  Global Step: 66500  Time 0.58822
[TRAIN] Iter: 67000 Loss: 0.0022486119996756315  PSNR: 30.97225570678711  Global Step: 67000  Time 0.58457
[TRAIN] Iter: 67500 Loss: 0.002929386682808399  PSNR: 29.881750106811523  Global Step: 67500  Time 0.58386
[TRAIN] Iter: 68000 Loss: 0.003071047365665436  PSNR: 29.59833526611328  Global Step: 68000  Time 0.59142
[TRAIN] Iter: 68500 Loss: 0.0025952730793505907  PSNR: 30.695724487304688  Global Step: 68500  Time 0.58799
[TRAIN] Iter: 69000 Loss: 0.0025650106836110353  PSNR: 30.47797393798828  Global Step: 69000  Time 0.53330
[TRAIN] Iter: 69500 Loss: 0.0017504196148365736  PSNR: 32.374027252197266  Global Step: 69500  Time 0.54217
saved weights at ./log/nyx256-500/model_070000.npy
saved weights at ./log/nyx256-500/model_fine_070000.npy
saved weights at ./log/nyx256-500/optimizer_070000.npy
test poses shape (12, 4, 4)
render time img 0: 6.9141387939453125e-06  RGB and Disp Map Shape: (256, 256, 3) (256, 256)
  test img 0 PSNR: 31.791658401489258
render time img 1: 3.1563587188720703  test img 1 PSNR: 30.757226943969727
render time img 2: 3.233656167984009  test img 2 PSNR: 32.596378326416016
render time img 3: 3.1710450649261475  test img 3 PSNR: 32.2611403465271
render time img 4: 3.213953733444214  test img 4 PSNR: 30.761349201202393
render time img 5: 3.225296974182129  test img 5 PSNR: 31.445767879486084
render time img 6: 3.2202908992767334  test img 6 PSNR: 32.227632999420166
render time img 7: 3.1966981887817383  test img 7 PSNR: 31.49782657623291
render time img 8: 3.187497138977051  test img 8 PSNR: 30.631396770477295
render time img 9: 3.191002130508423  test img 9 PSNR: 30.53384780883789
render time img 10: 3.160975933074951  test img 10 PSNR: 31.004936695098877
render time img 11: 3.2275638580322266  test img 11 PSNR: 30.400116443634033
Saved test set
[TRAIN] Iter: 70000 Loss: 0.002633294789120555  PSNR: 30.056230545043945  Global Step: 70000  Time 0.55539
[TRAIN] Iter: 70500 Loss: 0.0024567339569330215  PSNR: 30.92026138305664  Global Step: 70500  Time 0.58607
[TRAIN] Iter: 71000 Loss: 0.002657069591805339  PSNR: 30.135225296020508  Global Step: 71000  Time 0.58852
[TRAIN] Iter: 71500 Loss: 0.002737706061452627  PSNR: 30.237321853637695  Global Step: 71500  Time 0.58902
[TRAIN] Iter: 72000 Loss: 0.0017424821853637695  PSNR: 31.63714599609375  Global Step: 72000  Time 0.58682
[TRAIN] Iter: 72500 Loss: 0.0026398957706987858  PSNR: 31.059043884277344  Global Step: 72500  Time 0.58887
[TRAIN] Iter: 73000 Loss: 0.0022078061010688543  PSNR: 31.15034294128418  Global Step: 73000  Time 0.58651
[TRAIN] Iter: 73500 Loss: 0.0019569946452975273  PSNR: 31.719030380249023  Global Step: 73500  Time 0.58738
[TRAIN] Iter: 74000 Loss: 0.0034165012184530497  PSNR: 29.33126449584961  Global Step: 74000  Time 0.58681
[TRAIN] Iter: 74500 Loss: 0.0021788431331515312  PSNR: 30.95362091064453  Global Step: 74500  Time 0.58877
[TRAIN] Iter: 75000 Loss: 0.0016648925375193357  PSNR: 31.894752502441406  Global Step: 75000  Time 0.58809
[TRAIN] Iter: 75500 Loss: 0.00260029430501163  PSNR: 30.300769805908203  Global Step: 75500  Time 0.58675
[TRAIN] Iter: 76000 Loss: 0.002607121365144849  PSNR: 30.492158889770508  Global Step: 76000  Time 0.58997
[TRAIN] Iter: 76500 Loss: 0.002444786950945854  PSNR: 30.747827529907227  Global Step: 76500  Time 0.53373
[TRAIN] Iter: 77000 Loss: 0.0024103533942252398  PSNR: 30.820680618286133  Global Step: 77000  Time 0.58664
[TRAIN] Iter: 77500 Loss: 0.0018113045953214169  PSNR: 32.138004302978516  Global Step: 77500  Time 0.58098
[TRAIN] Iter: 78000 Loss: 0.002119660610333085  PSNR: 31.118667602539062  Global Step: 78000  Time 0.58837
[TRAIN] Iter: 78500 Loss: 0.0014967690221965313  PSNR: 32.10007858276367  Global Step: 78500  Time 0.58591
[TRAIN] Iter: 79000 Loss: 0.0025953229051083326  PSNR: 30.144792556762695  Global Step: 79000  Time 0.58945
[TRAIN] Iter: 79500 Loss: 0.0022454175632447004  PSNR: 31.105791091918945  Global Step: 79500  Time 0.58732
saved weights at ./log/nyx256-500/model_080000.npy
saved weights at ./log/nyx256-500/model_fine_080000.npy
saved weights at ./log/nyx256-500/optimizer_080000.npy
test poses shape (12, 4, 4)
render time img 0: 6.4373016357421875e-06  RGB and Disp Map Shape: (256, 256, 3) (256, 256)
  test img 0 PSNR: 31.688990592956543
render time img 1: 3.1632654666900635  test img 1 PSNR: 30.842928886413574
render time img 2: 3.2443687915802  test img 2 PSNR: 32.291483879089355
render time img 3: 3.191192150115967  test img 3 PSNR: 32.96217203140259
render time img 4: 3.1784284114837646  test img 4 PSNR: 31.028006076812744
render time img 5: 3.201070547103882  test img 5 PSNR: 31.271374225616455
render time img 6: 3.145460367202759  test img 6 PSNR: 32.19407081604004
render time img 7: 3.2796244621276855  test img 7 PSNR: 31.704833507537842
render time img 8: 3.1581218242645264  test img 8 PSNR: 31.042907238006592
render time img 9: 3.1387627124786377  test img 9 PSNR: 30.49245595932007
render time img 10: 3.2153921127319336  test img 10 PSNR: 30.988764762878418
render time img 11: 3.2124502658843994  test img 11 PSNR: 30.896518230438232
Saved test set
[TRAIN] Iter: 80000 Loss: 0.002233340172097087  PSNR: 30.778650283813477  Global Step: 80000  Time 0.57970
[TRAIN] Iter: 80500 Loss: 0.0026909643784165382  PSNR: 30.70863151550293  Global Step: 80500  Time 0.58675
[TRAIN] Iter: 81000 Loss: 0.0027178009040653706  PSNR: 30.3990535736084  Global Step: 81000  Time 0.58686
[TRAIN] Iter: 81500 Loss: 0.0023573371581733227  PSNR: 31.219053268432617  Global Step: 81500  Time 0.58645
[TRAIN] Iter: 82000 Loss: 0.002034787554293871  PSNR: 31.73706817626953  Global Step: 82000  Time 0.58715
[TRAIN] Iter: 82500 Loss: 0.0019264330621808767  PSNR: 31.805328369140625  Global Step: 82500  Time 0.58675
[TRAIN] Iter: 83000 Loss: 0.0022774001117795706  PSNR: 30.896093368530273  Global Step: 83000  Time 0.57029
[TRAIN] Iter: 83500 Loss: 0.001552846864797175  PSNR: 32.3833122253418  Global Step: 83500  Time 0.58502
[TRAIN] Iter: 84000 Loss: 0.0018095907289534807  PSNR: 32.05734634399414  Global Step: 84000  Time 0.58860
[TRAIN] Iter: 84500 Loss: 0.0017708564409986138  PSNR: 32.01740646362305  Global Step: 84500  Time 0.58621
[TRAIN] Iter: 85000 Loss: 0.002116854302585125  PSNR: 31.123117446899414  Global Step: 85000  Time 0.58832
[TRAIN] Iter: 85500 Loss: 0.0019148357678204775  PSNR: 31.863872528076172  Global Step: 85500  Time 0.58726
[TRAIN] Iter: 86000 Loss: 0.0015218602493405342  PSNR: 32.704769134521484  Global Step: 86000  Time 0.58736
[TRAIN] Iter: 86500 Loss: 0.0015228323172777891  PSNR: 32.8552360534668  Global Step: 86500  Time 0.58707
[TRAIN] Iter: 87000 Loss: 0.0027656250167638063  PSNR: 29.687698364257812  Global Step: 87000  Time 0.58487
[TRAIN] Iter: 87500 Loss: 0.0022862697951495647  PSNR: 31.244592666625977  Global Step: 87500  Time 0.58770
[TRAIN] Iter: 88000 Loss: 0.0018947296775877476  PSNR: 32.09172058105469  Global Step: 88000  Time 0.58658
[TRAIN] Iter: 88500 Loss: 0.0014126428868621588  PSNR: 33.32625198364258  Global Step: 88500  Time 0.58596
[TRAIN] Iter: 89000 Loss: 0.0017475979402661324  PSNR: 31.7513484954834  Global Step: 89000  Time 0.58902
[TRAIN] Iter: 89500 Loss: 0.001709264237433672  PSNR: 32.5052604675293  Global Step: 89500  Time 0.59046
saved weights at ./log/nyx256-500/model_090000.npy
saved weights at ./log/nyx256-500/model_fine_090000.npy
saved weights at ./log/nyx256-500/optimizer_090000.npy
test poses shape (12, 4, 4)
render time img 0: 6.67572021484375e-06  RGB and Disp Map Shape: (256, 256, 3) (256, 256)
  test img 0 PSNR: 32.191410064697266
render time img 1: 3.0581412315368652  test img 1 PSNR: 31.019694805145264
render time img 2: 3.151167392730713  test img 2 PSNR: 32.64005899429321
render time img 3: 3.1914329528808594  test img 3 PSNR: 32.93333053588867
render time img 4: 3.1443612575531006  test img 4 PSNR: 31.151657104492188
render time img 5: 3.235590696334839  test img 5 PSNR: 31.633329391479492
render time img 6: 3.1963579654693604  test img 6 PSNR: 32.38996982574463
render time img 7: 3.1915605068206787  test img 7 PSNR: 32.14756727218628
render time img 8: 3.210827350616455  test img 8 PSNR: 31.339669227600098
render time img 9: 3.203749418258667  test img 9 PSNR: 30.732157230377197
render time img 10: 3.2111399173736572  test img 10 PSNR: 31.07163429260254
render time img 11: 3.2090647220611572  test img 11 PSNR: 30.974414348602295
Saved test set
[TRAIN] Iter: 90000 Loss: 0.0022261980921030045  PSNR: 31.104516983032227  Global Step: 90000  Time 0.58632
[TRAIN] Iter: 90500 Loss: 0.0019108469132333994  PSNR: 31.504941940307617  Global Step: 90500  Time 0.58697
[TRAIN] Iter: 91000 Loss: 0.00246132118627429  PSNR: 30.689395904541016  Global Step: 91000  Time 0.58363
[TRAIN] Iter: 91500 Loss: 0.002736227586865425  PSNR: 30.447338104248047  Global Step: 91500  Time 0.58696
[TRAIN] Iter: 92000 Loss: 0.0015482096932828426  PSNR: 32.25334167480469  Global Step: 92000  Time 0.58919
[TRAIN] Iter: 92500 Loss: 0.0020195881370455027  PSNR: 31.893857955932617  Global Step: 92500  Time 0.58724
[TRAIN] Iter: 93000 Loss: 0.00216425652615726  PSNR: 31.278644561767578  Global Step: 93000  Time 0.58978
[TRAIN] Iter: 93500 Loss: 0.0014943653950467706  PSNR: 32.24208450317383  Global Step: 93500  Time 0.58658
[TRAIN] Iter: 94000 Loss: 0.0029465071856975555  PSNR: 30.298738479614258  Global Step: 94000  Time 0.57876
[TRAIN] Iter: 94500 Loss: 0.0023173936642706394  PSNR: 30.919591903686523  Global Step: 94500  Time 0.58754
[TRAIN] Iter: 95000 Loss: 0.002463954035192728  PSNR: 30.89678192138672  Global Step: 95000  Time 0.58896
[TRAIN] Iter: 95500 Loss: 0.002110592555254698  PSNR: 31.0953311920166  Global Step: 95500  Time 0.58858
[TRAIN] Iter: 96000 Loss: 0.0018803728744387627  PSNR: 31.9923095703125  Global Step: 96000  Time 0.58752
[TRAIN] Iter: 96500 Loss: 0.0025463057681918144  PSNR: 30.82826805114746  Global Step: 96500  Time 0.58882
[TRAIN] Iter: 97000 Loss: 0.002133965492248535  PSNR: 31.050487518310547  Global Step: 97000  Time 0.58738
[TRAIN] Iter: 97500 Loss: 0.0019812756218016148  PSNR: 31.38500213623047  Global Step: 97500  Time 0.58400
slurmstepd: error: *** STEP 11978768.0 ON p0237 CANCELLED AT 2022-07-11T03:13:29 DUE TO TIME LIMIT ***
slurmstepd: error: *** JOB 11978768 ON p0237 CANCELLED AT 2022-07-11T03:13:29 DUE TO TIME LIMIT ***
srun: Job step aborted: Waiting up to 32 seconds for job step to finish.
