
Lmod is automatically replacing "intel/19.0.5" with "gnu/8.4.0".


Due to MODULEPATH changes, the following have been reloaded:
  1) mvapich2/2.3.3

2022-06-19 08:18:09.045662: I tensorflow/stream_executor/platform/default/dso_loader.cc:44] Successfully opened dynamic library libcuda.so.1
2022-06-19 08:18:09.077381: I tensorflow/core/common_runtime/gpu/gpu_device.cc:1618] Found device 0 with properties: 
name: Tesla V100S-PCIE-32GB major: 7 minor: 0 memoryClockRate(GHz): 1.597
pciBusID: 0000:3b:00.0
2022-06-19 08:18:09.079648: I tensorflow/stream_executor/platform/default/dso_loader.cc:44] Successfully opened dynamic library libcudart.so.10.0
2022-06-19 08:18:09.095101: I tensorflow/stream_executor/platform/default/dso_loader.cc:44] Successfully opened dynamic library libcublas.so.10.0
2022-06-19 08:18:09.104225: I tensorflow/stream_executor/platform/default/dso_loader.cc:44] Successfully opened dynamic library libcufft.so.10.0
2022-06-19 08:18:09.109561: I tensorflow/stream_executor/platform/default/dso_loader.cc:44] Successfully opened dynamic library libcurand.so.10.0
2022-06-19 08:18:09.126615: I tensorflow/stream_executor/platform/default/dso_loader.cc:44] Successfully opened dynamic library libcusolver.so.10.0
2022-06-19 08:18:09.136869: I tensorflow/stream_executor/platform/default/dso_loader.cc:44] Successfully opened dynamic library libcusparse.so.10.0
2022-06-19 08:18:09.179529: I tensorflow/stream_executor/platform/default/dso_loader.cc:44] Successfully opened dynamic library libcudnn.so.7
2022-06-19 08:18:09.180046: I tensorflow/core/common_runtime/gpu/gpu_device.cc:1746] Adding visible gpu devices: 0
2022-06-19 08:18:09.180430: I tensorflow/core/platform/cpu_feature_guard.cc:142] Your CPU supports instructions that this TensorFlow binary was not compiled to use: SSE4.1 SSE4.2 AVX AVX2 AVX512F FMA
2022-06-19 08:18:09.190593: I tensorflow/core/platform/profile_utils/cpu_utils.cc:94] CPU Frequency: 2900000000 Hz
2022-06-19 08:18:09.190727: I tensorflow/compiler/xla/service/service.cc:168] XLA service 0x55ae5cc6e8f0 initialized for platform Host (this does not guarantee that XLA will be used). Devices:
2022-06-19 08:18:09.190772: I tensorflow/compiler/xla/service/service.cc:176]   StreamExecutor device (0): Host, Default Version
2022-06-19 08:18:09.300355: I tensorflow/compiler/xla/service/service.cc:168] XLA service 0x55ae5cc70440 initialized for platform CUDA (this does not guarantee that XLA will be used). Devices:
2022-06-19 08:18:09.300465: I tensorflow/compiler/xla/service/service.cc:176]   StreamExecutor device (0): Tesla V100S-PCIE-32GB, Compute Capability 7.0
2022-06-19 08:18:09.300806: I tensorflow/core/common_runtime/gpu/gpu_device.cc:1618] Found device 0 with properties: 
name: Tesla V100S-PCIE-32GB major: 7 minor: 0 memoryClockRate(GHz): 1.597
pciBusID: 0000:3b:00.0
2022-06-19 08:18:09.300898: I tensorflow/stream_executor/platform/default/dso_loader.cc:44] Successfully opened dynamic library libcudart.so.10.0
2022-06-19 08:18:09.300938: I tensorflow/stream_executor/platform/default/dso_loader.cc:44] Successfully opened dynamic library libcublas.so.10.0
2022-06-19 08:18:09.300972: I tensorflow/stream_executor/platform/default/dso_loader.cc:44] Successfully opened dynamic library libcufft.so.10.0
2022-06-19 08:18:09.301006: I tensorflow/stream_executor/platform/default/dso_loader.cc:44] Successfully opened dynamic library libcurand.so.10.0
2022-06-19 08:18:09.301041: I tensorflow/stream_executor/platform/default/dso_loader.cc:44] Successfully opened dynamic library libcusolver.so.10.0
2022-06-19 08:18:09.301075: I tensorflow/stream_executor/platform/default/dso_loader.cc:44] Successfully opened dynamic library libcusparse.so.10.0
2022-06-19 08:18:09.301108: I tensorflow/stream_executor/platform/default/dso_loader.cc:44] Successfully opened dynamic library libcudnn.so.7
2022-06-19 08:18:09.301453: I tensorflow/core/common_runtime/gpu/gpu_device.cc:1746] Adding visible gpu devices: 0
2022-06-19 08:18:09.302410: I tensorflow/stream_executor/platform/default/dso_loader.cc:44] Successfully opened dynamic library libcudart.so.10.0
2022-06-19 08:18:09.304934: I tensorflow/core/common_runtime/gpu/gpu_device.cc:1159] Device interconnect StreamExecutor with strength 1 edge matrix:
2022-06-19 08:18:09.304995: I tensorflow/core/common_runtime/gpu/gpu_device.cc:1165]      0 
2022-06-19 08:18:09.305034: I tensorflow/core/common_runtime/gpu/gpu_device.cc:1178] 0:   N 
2022-06-19 08:18:09.305424: W tensorflow/core/common_runtime/gpu/gpu_bfc_allocator.cc:39] Overriding allow_growth setting because the TF_FORCE_GPU_ALLOW_GROWTH environment variable is set. Original config value was 0.
2022-06-19 08:18:09.305499: I tensorflow/core/common_runtime/gpu/gpu_device.cc:1304] Created TensorFlow device (/job:localhost/replica:0/task:0/device:GPU:0 with 30593 MB memory) -> physical GPU (device: 0, name: Tesla V100S-PCIE-32GB, pci bus id: 0000:3b:00.0, compute capability: 7.0)
WARNING:tensorflow:
The TensorFlow contrib module will not be included in TensorFlow 2.0.
For more information, please see:
  * https://github.com/tensorflow/community/blob/master/rfcs/20180907-contrib-sunset.md
  * https://github.com/tensorflow/addons
  * https://github.com/tensorflow/io (for I/O related ops)
If you depend on functionality not listed there, please file an issue.

2022-06-19 08:18:17.654517: I tensorflow/stream_executor/platform/default/dso_loader.cc:44] Successfully opened dynamic library libcublas.so.10.0
WARNING:tensorflow:From /users/PAS0027/xiong336/project/nerf-tf/run_nerf_helpers.py:208: where (from tensorflow.python.ops.array_ops) is deprecated and will be removed in a future version.
Instructions for updating:
Use tf.where in 2.0, which has the same broadcast rule as np.where
WARNING:tensorflow:From /users/PAS0027/xiong336/project/nerf-tf/run_nerf_helpers.py:14: The name tf.log is deprecated. Please use tf.math.log instead.

fov <HDF5 dataset "fov": shape (), type "<i4">
mv <HDF5 dataset "mv": shape (120, 4, 4), type "<f4">
mvInvs <HDF5 dataset "mvInvs": shape (120, 4, 4), type "<f4">
hwf: [256, 256, 955.4050067376327] near far: 2.7369158 9.428282
MODEL 63 27 <class 'int'> <class 'int'> True
(?, 90) (?, 63) (?, 27)
MODEL 63 27 <class 'int'> <class 'int'> True
(?, 90) (?, 63) (?, 27)
Not ndc!
Found ckpts []
Begin
TRAIN views are [115  69 170 174  45  66 182 165  78 186 177  56 152  82  68 124  16 148
  93  65  60  84  67 125 132   9  18  55  75 150 104 135 137 164  76  79
 197  38  24 122 195  29  19 143  86 114 173   5 126 117  73 140  98 172
  96 169  97  31  12  35 119  42 189  90 136  51 127 162  41 118 113  26
 139 100 111   2  77  46 187 191  85 161  36 190  61  22 141 101  33  11
 194 159   6  27 120   4  32 142 145 109 144  10  62 112 146 166   0 198
 153  70 123  64  44 163  28  40 108 155 156  25  23 184 147  81  39 168
  47  94 154  43 138   3 105  53 133 180 178 185  49  80  34   7 110  91
  83 176 181  89   8  13  59 171 131  17  72 175 134 167 183  63  54 107
  50 196  58  48  88  21  57 160 192 129  37 157 193   1  52 149 130 151
 103  99 116  87  74 121 199  20 188  71 106  14  92 179 102]
TEST views are [ 95  15  30 158 128]
VAL views are [ 95  15  30 158 128]
saved weights at ./log/nyx256_500/model_000000.npy
saved weights at ./log/nyx256_500/model_fine_000000.npy
saved weights at ./log/nyx256_500/optimizer_000000.npy
[TRAIN] Iter: 0 Loss: 0.2932320833206177  PSNR: 8.852010726928711  Global Step: 0  Time 1.44502
[TRAIN] Iter: 1 Loss: 0.21279987692832947  PSNR: 10.036446571350098  Global Step: 1  Time 0.56702
[TRAIN] Iter: 2 Loss: 0.17948117852210999  PSNR: 10.753080368041992  Global Step: 2  Time 0.50367
[TRAIN] Iter: 3 Loss: 0.11205713450908661  PSNR: 12.712350845336914  Global Step: 3  Time 0.53257
[TRAIN] Iter: 4 Loss: 0.10540448129177094  PSNR: 12.65241527557373  Global Step: 4  Time 0.52124
[TRAIN] Iter: 5 Loss: 0.10372142493724823  PSNR: 12.614614486694336  Global Step: 5  Time 0.52494
[TRAIN] Iter: 6 Loss: 0.11922189593315125  PSNR: 12.14824390411377  Global Step: 6  Time 0.52624
[TRAIN] Iter: 7 Loss: 0.10903999954462051  PSNR: 12.609646797180176  Global Step: 7  Time 0.51654
[TRAIN] Iter: 8 Loss: 0.11241660267114639  PSNR: 12.521008491516113  Global Step: 8  Time 0.53021
[TRAIN] Iter: 9 Loss: 0.1103169322013855  PSNR: 12.513358116149902  Global Step: 9  Time 0.51097
[TRAIN] Iter: 500 Loss: 0.006460348144173622  PSNR: 25.154348373413086  Global Step: 500  Time 0.54028
[TRAIN] Iter: 1000 Loss: 0.006978766992688179  PSNR: 24.673093795776367  Global Step: 1000  Time 0.54359
[TRAIN] Iter: 1500 Loss: 0.005865773186087608  PSNR: 25.44220542907715  Global Step: 1500  Time 0.54074
[TRAIN] Iter: 2000 Loss: 0.0052422089502215385  PSNR: 26.115205764770508  Global Step: 2000  Time 0.53128
[TRAIN] Iter: 2500 Loss: 0.005037933588027954  PSNR: 26.69420623779297  Global Step: 2500  Time 0.53452
[TRAIN] Iter: 3000 Loss: 0.006012582220137119  PSNR: 25.895292282104492  Global Step: 3000  Time 0.54354
[TRAIN] Iter: 3500 Loss: 0.005592066794633865  PSNR: 26.211872100830078  Global Step: 3500  Time 0.54040
[TRAIN] Iter: 4000 Loss: 0.0029301929753273726  PSNR: 28.998178482055664  Global Step: 4000  Time 0.53058
[TRAIN] Iter: 4500 Loss: 0.0037506213411688805  PSNR: 28.0660457611084  Global Step: 4500  Time 0.53273
[TRAIN] Iter: 5000 Loss: 0.004381980746984482  PSNR: 27.16244888305664  Global Step: 5000  Time 0.52879
[TRAIN] Iter: 5500 Loss: 0.004457405768334866  PSNR: 27.375423431396484  Global Step: 5500  Time 0.54535
[TRAIN] Iter: 6000 Loss: 0.005339342635124922  PSNR: 26.226423263549805  Global Step: 6000  Time 0.54492
[TRAIN] Iter: 6500 Loss: 0.004096927121281624  PSNR: 27.694719314575195  Global Step: 6500  Time 0.53686
[TRAIN] Iter: 7000 Loss: 0.002664159517735243  PSNR: 29.778160095214844  Global Step: 7000  Time 0.53825
[TRAIN] Iter: 7500 Loss: 0.004027870483696461  PSNR: 27.778173446655273  Global Step: 7500  Time 0.54000
[TRAIN] Iter: 8000 Loss: 0.0031683468259871006  PSNR: 28.856090545654297  Global Step: 8000  Time 0.53767
[TRAIN] Iter: 8500 Loss: 0.0032481595408171415  PSNR: 28.8096866607666  Global Step: 8500  Time 0.54231
[TRAIN] Iter: 9000 Loss: 0.003129853866994381  PSNR: 28.83184242248535  Global Step: 9000  Time 0.53115
[TRAIN] Iter: 9500 Loss: 0.0036530070938169956  PSNR: 28.47557258605957  Global Step: 9500  Time 0.50639
saved weights at ./log/nyx256_500/model_010000.npy
saved weights at ./log/nyx256_500/model_fine_010000.npy
saved weights at ./log/nyx256_500/optimizer_010000.npy
test poses shape (5, 4, 4)
render time img 0: 5.9604644775390625e-06  RGB and Disp Map Shape: (256, 256, 3) (256, 256)
  test img 0 PSNR: 28.71375560760498
render time img 1: 2.9955902099609375  test img 1 PSNR: 28.65022897720337
render time img 2: 3.0230414867401123  test img 2 PSNR: 29.071967601776123
render time img 3: 3.0040040016174316  test img 3 PSNR: 29.691641330718994
render time img 4: 3.0340778827667236  test img 4 PSNR: 29.18039560317993
Saved test set
[TRAIN] Iter: 10000 Loss: 0.0025323773734271526  PSNR: 30.0640811920166  Global Step: 10000  Time 0.54150
[TRAIN] Iter: 10500 Loss: 0.0026862008962780237  PSNR: 29.593935012817383  Global Step: 10500  Time 0.53472
[TRAIN] Iter: 11000 Loss: 0.00369451055303216  PSNR: 28.13716697692871  Global Step: 11000  Time 0.53821
[TRAIN] Iter: 11500 Loss: 0.003282788675278425  PSNR: 28.743974685668945  Global Step: 11500  Time 0.53350
[TRAIN] Iter: 12000 Loss: 0.00339019438251853  PSNR: 29.041454315185547  Global Step: 12000  Time 0.53973
[TRAIN] Iter: 12500 Loss: 0.0028920117765665054  PSNR: 29.175628662109375  Global Step: 12500  Time 0.53465
[TRAIN] Iter: 13000 Loss: 0.0020323109347373247  PSNR: 30.478843688964844  Global Step: 13000  Time 0.53780
[TRAIN] Iter: 13500 Loss: 0.0025758391711860895  PSNR: 29.76655387878418  Global Step: 13500  Time 0.53568
[TRAIN] Iter: 14000 Loss: 0.0026719970628619194  PSNR: 29.76966094970703  Global Step: 14000  Time 0.52253
[TRAIN] Iter: 14500 Loss: 0.0027646778617054224  PSNR: 29.8447208404541  Global Step: 14500  Time 0.53510
[TRAIN] Iter: 15000 Loss: 0.0026059686206281185  PSNR: 29.462221145629883  Global Step: 15000  Time 0.53399
[TRAIN] Iter: 15500 Loss: 0.003924721386283636  PSNR: 28.010677337646484  Global Step: 15500  Time 0.53348
[TRAIN] Iter: 16000 Loss: 0.0026875180192291737  PSNR: 29.561222076416016  Global Step: 16000  Time 0.52515
[TRAIN] Iter: 16500 Loss: 0.0021423373837023973  PSNR: 30.29987907409668  Global Step: 16500  Time 0.53822
[TRAIN] Iter: 17000 Loss: 0.0020731016993522644  PSNR: 30.472259521484375  Global Step: 17000  Time 0.53066
[TRAIN] Iter: 17500 Loss: 0.002229827456176281  PSNR: 30.54766845703125  Global Step: 17500  Time 0.52004
[TRAIN] Iter: 18000 Loss: 0.0021247505210340023  PSNR: 30.49291229248047  Global Step: 18000  Time 0.53915
[TRAIN] Iter: 18500 Loss: 0.002510384190827608  PSNR: 29.984508514404297  Global Step: 18500  Time 0.53448
[TRAIN] Iter: 19000 Loss: 0.0023888919968158007  PSNR: 30.163856506347656  Global Step: 19000  Time 0.53293
[TRAIN] Iter: 19500 Loss: 0.00400575902312994  PSNR: 28.148330688476562  Global Step: 19500  Time 0.52326
saved weights at ./log/nyx256_500/model_020000.npy
saved weights at ./log/nyx256_500/model_fine_020000.npy
saved weights at ./log/nyx256_500/optimizer_020000.npy
test poses shape (5, 4, 4)
render time img 0: 5.245208740234375e-06  RGB and Disp Map Shape: (256, 256, 3) (256, 256)
  test img 0 PSNR: 29.194014072418213
render time img 1: 3.0142745971679688  test img 1 PSNR: 29.223220348358154
render time img 2: 3.0145316123962402  test img 2 PSNR: 29.954521656036377
render time img 3: 2.9879181385040283  test img 3 PSNR: 30.54840087890625
render time img 4: 3.0141851902008057  test img 4 PSNR: 29.555552005767822
Saved test set
[TRAIN] Iter: 20000 Loss: 0.004015028476715088  PSNR: 27.97815704345703  Global Step: 20000  Time 0.53015
[TRAIN] Iter: 20500 Loss: 0.003104387316852808  PSNR: 29.029556274414062  Global Step: 20500  Time 0.53929
[TRAIN] Iter: 21000 Loss: 0.0030322535894811153  PSNR: 29.37551498413086  Global Step: 21000  Time 0.53827
[TRAIN] Iter: 21500 Loss: 0.0035569563042372465  PSNR: 28.94521713256836  Global Step: 21500  Time 0.53910
[TRAIN] Iter: 22000 Loss: 0.0034579734783619642  PSNR: 28.717496871948242  Global Step: 22000  Time 0.53333
[TRAIN] Iter: 22500 Loss: 0.0028506540693342686  PSNR: 29.51209831237793  Global Step: 22500  Time 0.53259
[TRAIN] Iter: 23000 Loss: 0.002646881388500333  PSNR: 29.87162208557129  Global Step: 23000  Time 0.52712
[TRAIN] Iter: 23500 Loss: 0.002561477478593588  PSNR: 30.01354217529297  Global Step: 23500  Time 0.53812
[TRAIN] Iter: 24000 Loss: 0.002653385978192091  PSNR: 29.743680953979492  Global Step: 24000  Time 0.54297
[TRAIN] Iter: 24500 Loss: 0.002299627987667918  PSNR: 30.507444381713867  Global Step: 24500  Time 0.53922
[TRAIN] Iter: 25000 Loss: 0.0024664057418704033  PSNR: 30.328407287597656  Global Step: 25000  Time 0.53816
[TRAIN] Iter: 25500 Loss: 0.0031000617891550064  PSNR: 29.57798194885254  Global Step: 25500  Time 0.54474
[TRAIN] Iter: 26000 Loss: 0.003941513132303953  PSNR: 28.556365966796875  Global Step: 26000  Time 0.54197
[TRAIN] Iter: 26500 Loss: 0.003021452110260725  PSNR: 29.325416564941406  Global Step: 26500  Time 0.52758
[TRAIN] Iter: 27000 Loss: 0.00348842516541481  PSNR: 28.754253387451172  Global Step: 27000  Time 0.53275
[TRAIN] Iter: 27500 Loss: 0.0021079841535538435  PSNR: 31.139598846435547  Global Step: 27500  Time 0.54067
[TRAIN] Iter: 28000 Loss: 0.002080930396914482  PSNR: 30.757360458374023  Global Step: 28000  Time 0.51877
[TRAIN] Iter: 28500 Loss: 0.0033379504457116127  PSNR: 28.83715057373047  Global Step: 28500  Time 0.54116
[TRAIN] Iter: 29000 Loss: 0.0021755096968263388  PSNR: 30.806676864624023  Global Step: 29000  Time 0.53817
[TRAIN] Iter: 29500 Loss: 0.003301312681287527  PSNR: 29.185806274414062  Global Step: 29500  Time 0.53064
saved weights at ./log/nyx256_500/model_030000.npy
saved weights at ./log/nyx256_500/model_fine_030000.npy
saved weights at ./log/nyx256_500/optimizer_030000.npy
test poses shape (5, 4, 4)
render time img 0: 5.7220458984375e-06  RGB and Disp Map Shape: (256, 256, 3) (256, 256)
  test img 0 PSNR: 30.115861892700195
render time img 1: 2.9538841247558594  test img 1 PSNR: 29.649078845977783
render time img 2: 2.9627246856689453  test img 2 PSNR: 30.595703125
render time img 3: 2.981872081756592  test img 3 PSNR: 31.284689903259277
render time img 4: 2.9274303913116455  test img 4 PSNR: 30.56450366973877
Saved test set
[TRAIN] Iter: 30000 Loss: 0.0018782232655212283  PSNR: 30.97993278503418  Global Step: 30000  Time 0.52151
[TRAIN] Iter: 30500 Loss: 0.0018061010632663965  PSNR: 31.797700881958008  Global Step: 30500  Time 0.53873
[TRAIN] Iter: 31000 Loss: 0.001984794856980443  PSNR: 31.66705322265625  Global Step: 31000  Time 0.53904
[TRAIN] Iter: 31500 Loss: 0.0022222388070076704  PSNR: 30.9289493560791  Global Step: 31500  Time 0.53419
[TRAIN] Iter: 32000 Loss: 0.003060391405597329  PSNR: 29.80759620666504  Global Step: 32000  Time 0.61591
[TRAIN] Iter: 32500 Loss: 0.0017418588977307081  PSNR: 31.938791275024414  Global Step: 32500  Time 0.52708
[TRAIN] Iter: 33000 Loss: 0.002065686509013176  PSNR: 31.299135208129883  Global Step: 33000  Time 0.53923
[TRAIN] Iter: 33500 Loss: 0.00341113843023777  PSNR: 28.65066909790039  Global Step: 33500  Time 0.53014
[TRAIN] Iter: 34000 Loss: 0.001857161521911621  PSNR: 31.769105911254883  Global Step: 34000  Time 0.50477
[TRAIN] Iter: 34500 Loss: 0.0032149935141205788  PSNR: 29.70453643798828  Global Step: 34500  Time 0.53462
[TRAIN] Iter: 35000 Loss: 0.003170291194692254  PSNR: 29.562490463256836  Global Step: 35000  Time 0.54318
[TRAIN] Iter: 35500 Loss: 0.002779989968985319  PSNR: 30.7441463470459  Global Step: 35500  Time 0.53880
[TRAIN] Iter: 36000 Loss: 0.0030235517770051956  PSNR: 29.538949966430664  Global Step: 36000  Time 0.51924
[TRAIN] Iter: 36500 Loss: 0.003193285083398223  PSNR: 29.588441848754883  Global Step: 36500  Time 0.53512
[TRAIN] Iter: 37000 Loss: 0.0031016990542411804  PSNR: 29.701494216918945  Global Step: 37000  Time 0.52936
[TRAIN] Iter: 37500 Loss: 0.0018118137959390879  PSNR: 31.714181900024414  Global Step: 37500  Time 0.52403
[TRAIN] Iter: 38000 Loss: 0.001811512280255556  PSNR: 31.56952667236328  Global Step: 38000  Time 0.50929
[TRAIN] Iter: 38500 Loss: 0.002417443785816431  PSNR: 30.52181053161621  Global Step: 38500  Time 0.52173
[TRAIN] Iter: 39000 Loss: 0.002591637196019292  PSNR: 30.129465103149414  Global Step: 39000  Time 0.52511
[TRAIN] Iter: 39500 Loss: 0.002266775816679001  PSNR: 31.186767578125  Global Step: 39500  Time 0.52897
saved weights at ./log/nyx256_500/model_040000.npy
saved weights at ./log/nyx256_500/model_fine_040000.npy
saved weights at ./log/nyx256_500/optimizer_040000.npy
test poses shape (5, 4, 4)
render time img 0: 6.198883056640625e-06  RGB and Disp Map Shape: (256, 256, 3) (256, 256)
  test img 0 PSNR: 30.636475086212158
render time img 1: 2.8950624465942383  test img 1 PSNR: 30.2492618560791
render time img 2: 2.9644174575805664  test img 2 PSNR: 31.279926300048828
render time img 3: 2.9534201622009277  test img 3 PSNR: 32.157299518585205
render time img 4: 2.92356014251709  test img 4 PSNR: 30.826406478881836
Saved test set
[TRAIN] Iter: 40000 Loss: 0.0027271010912954807  PSNR: 29.99713706970215  Global Step: 40000  Time 0.53686
[TRAIN] Iter: 40500 Loss: 0.00307910586707294  PSNR: 29.656932830810547  Global Step: 40500  Time 0.54262
[TRAIN] Iter: 41000 Loss: 0.0019057471072301269  PSNR: 31.61212921142578  Global Step: 41000  Time 0.51644
[TRAIN] Iter: 41500 Loss: 0.0019253301434218884  PSNR: 31.09735870361328  Global Step: 41500  Time 0.54061
[TRAIN] Iter: 42000 Loss: 0.002329329028725624  PSNR: 30.81321907043457  Global Step: 42000  Time 0.54275
[TRAIN] Iter: 42500 Loss: 0.0013530068099498749  PSNR: 32.54673767089844  Global Step: 42500  Time 0.53866
[TRAIN] Iter: 43000 Loss: 0.0025979778729379177  PSNR: 30.285585403442383  Global Step: 43000  Time 0.51160
[TRAIN] Iter: 43500 Loss: 0.00218165572732687  PSNR: 30.950115203857422  Global Step: 43500  Time 0.53705
[TRAIN] Iter: 44000 Loss: 0.002735536079853773  PSNR: 30.001708984375  Global Step: 44000  Time 0.54165
[TRAIN] Iter: 44500 Loss: 0.002401296980679035  PSNR: 30.317304611206055  Global Step: 44500  Time 0.53786
[TRAIN] Iter: 45000 Loss: 0.0019233941566199064  PSNR: 31.4925594329834  Global Step: 45000  Time 0.53672
[TRAIN] Iter: 45500 Loss: 0.0026785023510456085  PSNR: 30.35500717163086  Global Step: 45500  Time 0.53546
[TRAIN] Iter: 46000 Loss: 0.0016885858494788408  PSNR: 31.411102294921875  Global Step: 46000  Time 0.53593
[TRAIN] Iter: 46500 Loss: 0.0015201293863356113  PSNR: 32.44590759277344  Global Step: 46500  Time 0.52369
[TRAIN] Iter: 47000 Loss: 0.0026075311470776796  PSNR: 30.136878967285156  Global Step: 47000  Time 0.53375
[TRAIN] Iter: 47500 Loss: 0.002816166030243039  PSNR: 30.21513557434082  Global Step: 47500  Time 0.53929
[TRAIN] Iter: 48000 Loss: 0.0026004186365753412  PSNR: 30.330245971679688  Global Step: 48000  Time 0.53669
[TRAIN] Iter: 48500 Loss: 0.0019119862699881196  PSNR: 31.904823303222656  Global Step: 48500  Time 0.53258
[TRAIN] Iter: 49000 Loss: 0.002693160902708769  PSNR: 30.237686157226562  Global Step: 49000  Time 0.53627
[TRAIN] Iter: 49500 Loss: 0.0024860703852027655  PSNR: 30.268402099609375  Global Step: 49500  Time 0.53994
saved weights at ./log/nyx256_500/model_050000.npy
saved weights at ./log/nyx256_500/model_fine_050000.npy
saved weights at ./log/nyx256_500/optimizer_050000.npy
test poses shape (5, 4, 4)
render time img 0: 5.4836273193359375e-06  RGB and Disp Map Shape: (256, 256, 3) (256, 256)
  test img 0 PSNR: 31.124470233917236
render time img 1: 3.019237756729126  test img 1 PSNR: 30.493767261505127
render time img 2: 2.9423327445983887  test img 2 PSNR: 31.698613166809082
render time img 3: 2.9912333488464355  test img 3 PSNR: 32.344298362731934
render time img 4: 2.9638333320617676  test img 4 PSNR: 30.91062068939209
Saved test set
[TRAIN] Iter: 50000 Loss: 0.0017843974055722356  PSNR: 32.3365478515625  Global Step: 50000  Time 0.51048
[TRAIN] Iter: 50500 Loss: 0.001773620257154107  PSNR: 32.13264846801758  Global Step: 50500  Time 0.50912
[TRAIN] Iter: 51000 Loss: 0.0022733998484909534  PSNR: 30.64305877685547  Global Step: 51000  Time 0.53567
[TRAIN] Iter: 51500 Loss: 0.0027390895411372185  PSNR: 30.281536102294922  Global Step: 51500  Time 0.53799
[TRAIN] Iter: 52000 Loss: 0.0025541989598423243  PSNR: 30.233348846435547  Global Step: 52000  Time 0.52444
[TRAIN] Iter: 52500 Loss: 0.0021109790541231632  PSNR: 31.025909423828125  Global Step: 52500  Time 0.52759
[TRAIN] Iter: 53000 Loss: 0.0020337470341473818  PSNR: 31.210302352905273  Global Step: 53000  Time 0.53274
[TRAIN] Iter: 53500 Loss: 0.002358241006731987  PSNR: 30.719863891601562  Global Step: 53500  Time 0.53531
[TRAIN] Iter: 54000 Loss: 0.0026934677734971046  PSNR: 30.1939697265625  Global Step: 54000  Time 0.52489
[TRAIN] Iter: 54500 Loss: 0.0029036488849669695  PSNR: 29.400819778442383  Global Step: 54500  Time 0.52072
[TRAIN] Iter: 55000 Loss: 0.0014699186431244016  PSNR: 32.73834228515625  Global Step: 55000  Time 0.53171
[TRAIN] Iter: 55500 Loss: 0.0016605141572654247  PSNR: 32.36927032470703  Global Step: 55500  Time 0.51244
[TRAIN] Iter: 56000 Loss: 0.0026080883108079433  PSNR: 30.40321159362793  Global Step: 56000  Time 0.53369
[TRAIN] Iter: 56500 Loss: 0.001593852648511529  PSNR: 32.809383392333984  Global Step: 56500  Time 0.54302
[TRAIN] Iter: 57000 Loss: 0.0023529059253633022  PSNR: 30.998613357543945  Global Step: 57000  Time 0.52542
[TRAIN] Iter: 57500 Loss: 0.002327192574739456  PSNR: 31.064861297607422  Global Step: 57500  Time 0.52476
[TRAIN] Iter: 58000 Loss: 0.0026156301610171795  PSNR: 30.352935791015625  Global Step: 58000  Time 0.53966
[TRAIN] Iter: 58500 Loss: 0.0020970485638827085  PSNR: 31.765838623046875  Global Step: 58500  Time 0.51759
[TRAIN] Iter: 59000 Loss: 0.002508132252842188  PSNR: 30.620513916015625  Global Step: 59000  Time 0.53512
[TRAIN] Iter: 59500 Loss: 0.0022578088100999594  PSNR: 31.404869079589844  Global Step: 59500  Time 0.53620
saved weights at ./log/nyx256_500/model_060000.npy
saved weights at ./log/nyx256_500/model_fine_060000.npy
saved weights at ./log/nyx256_500/optimizer_060000.npy
test poses shape (5, 4, 4)
render time img 0: 5.4836273193359375e-06  RGB and Disp Map Shape: (256, 256, 3) (256, 256)
  test img 0 PSNR: 31.38885259628296
render time img 1: 2.964916944503784  test img 1 PSNR: 30.591397285461426
render time img 2: 2.9965293407440186  test img 2 PSNR: 31.895387172698975
render time img 3: 2.9984982013702393  test img 3 PSNR: 32.452547550201416
render time img 4: 2.9318976402282715  test img 4 PSNR: 31.06257200241089
Saved test set
[TRAIN] Iter: 60000 Loss: 0.001421664608642459  PSNR: 33.100807189941406  Global Step: 60000  Time 0.54005
[TRAIN] Iter: 60500 Loss: 0.002489584032446146  PSNR: 30.873706817626953  Global Step: 60500  Time 0.51880
[TRAIN] Iter: 61000 Loss: 0.0028456300497055054  PSNR: 30.08708953857422  Global Step: 61000  Time 0.53640
[TRAIN] Iter: 61500 Loss: 0.0016760322032496333  PSNR: 32.174564361572266  Global Step: 61500  Time 0.53783
[TRAIN] Iter: 62000 Loss: 0.0013118558563292027  PSNR: 32.82297134399414  Global Step: 62000  Time 0.54161
[TRAIN] Iter: 62500 Loss: 0.0025048216339200735  PSNR: 30.56003761291504  Global Step: 62500  Time 0.54078
[TRAIN] Iter: 63000 Loss: 0.0017709131352603436  PSNR: 32.030025482177734  Global Step: 63000  Time 0.53869
[TRAIN] Iter: 63500 Loss: 0.0017728412058204412  PSNR: 32.18154525756836  Global Step: 63500  Time 0.53904
[TRAIN] Iter: 64000 Loss: 0.001687271986156702  PSNR: 31.984901428222656  Global Step: 64000  Time 0.51285
[TRAIN] Iter: 64500 Loss: 0.002252761274576187  PSNR: 30.691205978393555  Global Step: 64500  Time 0.53311
[TRAIN] Iter: 65000 Loss: 0.0020064839627593756  PSNR: 31.676353454589844  Global Step: 65000  Time 0.54142
[TRAIN] Iter: 65500 Loss: 0.002374294912442565  PSNR: 30.604610443115234  Global Step: 65500  Time 0.51317
[TRAIN] Iter: 66000 Loss: 0.002940173028036952  PSNR: 30.340938568115234  Global Step: 66000  Time 0.53760
[TRAIN] Iter: 66500 Loss: 0.0014220899902284145  PSNR: 32.795589447021484  Global Step: 66500  Time 0.54036
[TRAIN] Iter: 67000 Loss: 0.0019255676306784153  PSNR: 31.355310440063477  Global Step: 67000  Time 0.53787
[TRAIN] Iter: 67500 Loss: 0.0019114534370601177  PSNR: 31.942468643188477  Global Step: 67500  Time 0.53819
[TRAIN] Iter: 68000 Loss: 0.002688945736736059  PSNR: 30.645845413208008  Global Step: 68000  Time 0.53692
[TRAIN] Iter: 68500 Loss: 0.002686893567442894  PSNR: 30.63494300842285  Global Step: 68500  Time 0.53379
[TRAIN] Iter: 69000 Loss: 0.0015308968722820282  PSNR: 32.554622650146484  Global Step: 69000  Time 0.53198
[TRAIN] Iter: 69500 Loss: 0.0026317692827433348  PSNR: 30.062400817871094  Global Step: 69500  Time 0.53126
saved weights at ./log/nyx256_500/model_070000.npy
saved weights at ./log/nyx256_500/model_fine_070000.npy
saved weights at ./log/nyx256_500/optimizer_070000.npy
test poses shape (5, 4, 4)
render time img 0: 6.4373016357421875e-06  RGB and Disp Map Shape: (256, 256, 3) (256, 256)
  test img 0 PSNR: 31.239888668060303
render time img 1: 2.927626609802246  test img 1 PSNR: 30.511133670806885
render time img 2: 2.936246395111084  test img 2 PSNR: 31.766438484191895
render time img 3: 2.9982144832611084  test img 3 PSNR: 32.45626926422119
render time img 4: 2.995694637298584  test img 4 PSNR: 31.092894077301025
Saved test set
[TRAIN] Iter: 70000 Loss: 0.0022222124971449375  PSNR: 31.290584564208984  Global Step: 70000  Time 0.53371
[TRAIN] Iter: 70500 Loss: 0.002575648482888937  PSNR: 30.753562927246094  Global Step: 70500  Time 0.53434
[TRAIN] Iter: 71000 Loss: 0.0022789158392697573  PSNR: 31.482267379760742  Global Step: 71000  Time 0.53015
[TRAIN] Iter: 71500 Loss: 0.00246143969707191  PSNR: 30.982580184936523  Global Step: 71500  Time 0.52898
[TRAIN] Iter: 72000 Loss: 0.0022751283831894398  PSNR: 31.377408981323242  Global Step: 72000  Time 0.53543
[TRAIN] Iter: 72500 Loss: 0.002219961956143379  PSNR: 30.704294204711914  Global Step: 72500  Time 0.54165
[TRAIN] Iter: 73000 Loss: 0.002286926144734025  PSNR: 31.261028289794922  Global Step: 73000  Time 0.49856
[TRAIN] Iter: 73500 Loss: 0.0018448352348059416  PSNR: 31.805532455444336  Global Step: 73500  Time 0.52213
[TRAIN] Iter: 74000 Loss: 0.0015014160890132189  PSNR: 32.73551559448242  Global Step: 74000  Time 0.53778
[TRAIN] Iter: 74500 Loss: 0.0014295949367806315  PSNR: 33.22737121582031  Global Step: 74500  Time 0.50571
[TRAIN] Iter: 75000 Loss: 0.002565297530964017  PSNR: 30.972871780395508  Global Step: 75000  Time 0.53627
[TRAIN] Iter: 75500 Loss: 0.0018998179584741592  PSNR: 31.87091636657715  Global Step: 75500  Time 0.53968
[TRAIN] Iter: 76000 Loss: 0.002138049341738224  PSNR: 31.343835830688477  Global Step: 76000  Time 0.53130
[TRAIN] Iter: 76500 Loss: 0.0017123082652688026  PSNR: 32.30643844604492  Global Step: 76500  Time 0.53074
[TRAIN] Iter: 77000 Loss: 0.0022638507653027773  PSNR: 31.184846878051758  Global Step: 77000  Time 0.53630
[TRAIN] Iter: 77500 Loss: 0.0020776288583874702  PSNR: 31.885515213012695  Global Step: 77500  Time 0.53377
[TRAIN] Iter: 78000 Loss: 0.0016146099660545588  PSNR: 32.908531188964844  Global Step: 78000  Time 0.53882
[TRAIN] Iter: 78500 Loss: 0.002421541139483452  PSNR: 30.554670333862305  Global Step: 78500  Time 0.54297
[TRAIN] Iter: 79000 Loss: 0.002511424943804741  PSNR: 31.131772994995117  Global Step: 79000  Time 0.54593
[TRAIN] Iter: 79500 Loss: 0.0026682426687330008  PSNR: 30.717317581176758  Global Step: 79500  Time 0.53466
saved weights at ./log/nyx256_500/model_080000.npy
saved weights at ./log/nyx256_500/model_fine_080000.npy
saved weights at ./log/nyx256_500/optimizer_080000.npy
test poses shape (5, 4, 4)
render time img 0: 6.198883056640625e-06  RGB and Disp Map Shape: (256, 256, 3) (256, 256)
  test img 0 PSNR: 31.339564323425293
render time img 1: 2.9709274768829346  test img 1 PSNR: 30.480215549468994
render time img 2: 2.9913530349731445  test img 2 PSNR: 32.21227407455444
render time img 3: 2.9628703594207764  test img 3 PSNR: 32.745277881622314
render time img 4: 2.9921834468841553  test img 4 PSNR: 31.146669387817383
Saved test set
[TRAIN] Iter: 80000 Loss: 0.001571218715980649  PSNR: 32.64701461791992  Global Step: 80000  Time 0.52115
[TRAIN] Iter: 80500 Loss: 0.0015394366346299648  PSNR: 32.63379669189453  Global Step: 80500  Time 0.53526
[TRAIN] Iter: 81000 Loss: 0.001936421263962984  PSNR: 31.682188034057617  Global Step: 81000  Time 0.52783
[TRAIN] Iter: 81500 Loss: 0.0013996073976159096  PSNR: 33.06965255737305  Global Step: 81500  Time 0.50368
[TRAIN] Iter: 82000 Loss: 0.0012265804689377546  PSNR: 33.143619537353516  Global Step: 82000  Time 0.53114
[TRAIN] Iter: 82500 Loss: 0.00148382515180856  PSNR: 33.12107849121094  Global Step: 82500  Time 0.53965
[TRAIN] Iter: 83000 Loss: 0.0014425711706280708  PSNR: 32.770694732666016  Global Step: 83000  Time 0.53571
[TRAIN] Iter: 83500 Loss: 0.0024658101610839367  PSNR: 30.630859375  Global Step: 83500  Time 0.52154
[TRAIN] Iter: 84000 Loss: 0.0025636700447648764  PSNR: 30.709333419799805  Global Step: 84000  Time 0.53426
[TRAIN] Iter: 84500 Loss: 0.0022910081315785646  PSNR: 31.014318466186523  Global Step: 84500  Time 0.53832
[TRAIN] Iter: 85000 Loss: 0.0014692437835037708  PSNR: 32.506813049316406  Global Step: 85000  Time 0.50033
[TRAIN] Iter: 85500 Loss: 0.0021542939357459545  PSNR: 31.601835250854492  Global Step: 85500  Time 0.53351
[TRAIN] Iter: 86000 Loss: 0.001369344536215067  PSNR: 33.06268310546875  Global Step: 86000  Time 0.54138
[TRAIN] Iter: 86500 Loss: 0.0018974997801706195  PSNR: 31.794492721557617  Global Step: 86500  Time 0.54051
[TRAIN] Iter: 87000 Loss: 0.002134854905307293  PSNR: 31.425674438476562  Global Step: 87000  Time 0.53395
[TRAIN] Iter: 87500 Loss: 0.0013583741383627057  PSNR: 33.69440841674805  Global Step: 87500  Time 0.53992
[TRAIN] Iter: 88000 Loss: 0.0020888466387987137  PSNR: 31.49942398071289  Global Step: 88000  Time 0.53607
[TRAIN] Iter: 88500 Loss: 0.0012693579774349928  PSNR: 33.547119140625  Global Step: 88500  Time 0.53350
[TRAIN] Iter: 89000 Loss: 0.0012943737674504519  PSNR: 33.07695770263672  Global Step: 89000  Time 0.52789
[TRAIN] Iter: 89500 Loss: 0.0012745946878567338  PSNR: 33.799861907958984  Global Step: 89500  Time 0.53806
saved weights at ./log/nyx256_500/model_090000.npy
saved weights at ./log/nyx256_500/model_fine_090000.npy
saved weights at ./log/nyx256_500/optimizer_090000.npy
test poses shape (5, 4, 4)
render time img 0: 6.4373016357421875e-06  RGB and Disp Map Shape: (256, 256, 3) (256, 256)
  test img 0 PSNR: 31.709864139556885
render time img 1: 2.9424521923065186  test img 1 PSNR: 30.703322887420654
render time img 2: 2.981898546218872  test img 2 PSNR: 32.215068340301514
render time img 3: 2.9459691047668457  test img 3 PSNR: 32.79590845108032
render time img 4: 2.99002742767334  test img 4 PSNR: 31.425633430480957
Saved test set
[TRAIN] Iter: 90000 Loss: 0.0024179909378290176  PSNR: 30.91335678100586  Global Step: 90000  Time 0.52783
[TRAIN] Iter: 90500 Loss: 0.0017942000413313508  PSNR: 32.17167282104492  Global Step: 90500  Time 0.50441
[TRAIN] Iter: 91000 Loss: 0.0018322461983188987  PSNR: 32.388057708740234  Global Step: 91000  Time 0.53571
[TRAIN] Iter: 91500 Loss: 0.0024108118377625942  PSNR: 31.27254295349121  Global Step: 91500  Time 0.53261
[TRAIN] Iter: 92000 Loss: 0.0013201215770095587  PSNR: 33.23501205444336  Global Step: 92000  Time 0.54328
[TRAIN] Iter: 92500 Loss: 0.0025525325909256935  PSNR: 30.95482063293457  Global Step: 92500  Time 0.54804
[TRAIN] Iter: 93000 Loss: 0.0018103457987308502  PSNR: 31.95361328125  Global Step: 93000  Time 0.53027
[TRAIN] Iter: 93500 Loss: 0.001282398239709437  PSNR: 33.29091262817383  Global Step: 93500  Time 0.50195
[TRAIN] Iter: 94000 Loss: 0.0023105477448552847  PSNR: 31.107568740844727  Global Step: 94000  Time 0.56734
[TRAIN] Iter: 94500 Loss: 0.0019588470458984375  PSNR: 31.631038665771484  Global Step: 94500  Time 0.51376
[TRAIN] Iter: 95000 Loss: 0.0022288747131824493  PSNR: 31.281200408935547  Global Step: 95000  Time 0.54567
[TRAIN] Iter: 95500 Loss: 0.0016414670972153544  PSNR: 32.53131103515625  Global Step: 95500  Time 0.52233
[TRAIN] Iter: 96000 Loss: 0.002545158378779888  PSNR: 31.072988510131836  Global Step: 96000  Time 0.54024
[TRAIN] Iter: 96500 Loss: 0.002309311181306839  PSNR: 30.9711971282959  Global Step: 96500  Time 0.53999
[TRAIN] Iter: 97000 Loss: 0.002051682909950614  PSNR: 31.704490661621094  Global Step: 97000  Time 0.54039
[TRAIN] Iter: 97500 Loss: 0.0014996363315731287  PSNR: 33.15202331542969  Global Step: 97500  Time 0.53964
[TRAIN] Iter: 98000 Loss: 0.0022724224254488945  PSNR: 31.17765235900879  Global Step: 98000  Time 0.53759
[TRAIN] Iter: 98500 Loss: 0.00197465973906219  PSNR: 31.699365615844727  Global Step: 98500  Time 0.53252
[TRAIN] Iter: 99000 Loss: 0.0012541867326945066  PSNR: 33.59944152832031  Global Step: 99000  Time 0.54195
[TRAIN] Iter: 99500 Loss: 0.0021460196003317833  PSNR: 30.99996566772461  Global Step: 99500  Time 0.53695
saved weights at ./log/nyx256_500/model_100000.npy
saved weights at ./log/nyx256_500/model_fine_100000.npy
saved weights at ./log/nyx256_500/optimizer_100000.npy
test poses shape (5, 4, 4)
render time img 0: 6.4373016357421875e-06  RGB and Disp Map Shape: (256, 256, 3) (256, 256)
  test img 0 PSNR: 31.906955242156982
render time img 1: 2.975494146347046  test img 1 PSNR: 30.863819122314453
render time img 2: 2.980438709259033  test img 2 PSNR: 32.233874797821045
render time img 3: 3.014495849609375  test img 3 PSNR: 32.95066595077515
render time img 4: 2.9328362941741943  test img 4 PSNR: 31.383037567138672
Saved test set
[TRAIN] Iter: 100000 Loss: 0.0015522759640589356  PSNR: 33.327693939208984  Global Step: 100000  Time 0.53729
[TRAIN] Iter: 100500 Loss: 0.001862493110820651  PSNR: 32.26890182495117  Global Step: 100500  Time 0.53033
[TRAIN] Iter: 101000 Loss: 0.0011978615075349808  PSNR: 33.72061538696289  Global Step: 101000  Time 0.53238
[TRAIN] Iter: 101500 Loss: 0.001416806480847299  PSNR: 33.120296478271484  Global Step: 101500  Time 0.52589
[TRAIN] Iter: 102000 Loss: 0.0024811350740492344  PSNR: 30.687219619750977  Global Step: 102000  Time 0.53677
[TRAIN] Iter: 102500 Loss: 0.0016154933255165815  PSNR: 32.442317962646484  Global Step: 102500  Time 0.53842
[TRAIN] Iter: 103000 Loss: 0.0015132975531741977  PSNR: 33.224830627441406  Global Step: 103000  Time 0.50228
[TRAIN] Iter: 103500 Loss: 0.0024493224918842316  PSNR: 30.779582977294922  Global Step: 103500  Time 0.53757
[TRAIN] Iter: 104000 Loss: 0.0013177234213799238  PSNR: 33.36790084838867  Global Step: 104000  Time 0.53259
[TRAIN] Iter: 104500 Loss: 0.002011412288993597  PSNR: 31.554121017456055  Global Step: 104500  Time 0.54143
[TRAIN] Iter: 105000 Loss: 0.001743571599945426  PSNR: 32.704010009765625  Global Step: 105000  Time 0.53875
[TRAIN] Iter: 105500 Loss: 0.0016950633144006133  PSNR: 31.811275482177734  Global Step: 105500  Time 0.53978
[TRAIN] Iter: 106000 Loss: 0.0013238948304206133  PSNR: 32.8674430847168  Global Step: 106000  Time 0.53573
[TRAIN] Iter: 106500 Loss: 0.001707675983197987  PSNR: 32.514713287353516  Global Step: 106500  Time 0.53098
[TRAIN] Iter: 107000 Loss: 0.0022566011175513268  PSNR: 31.194366455078125  Global Step: 107000  Time 0.53803
srun: Job step aborted: Waiting up to 32 seconds for job step to finish.
slurmstepd: error: *** JOB 11701863 ON p0316 CANCELLED AT 2022-06-20T00:17:27 DUE TO TIME LIMIT ***
slurmstepd: error: *** STEP 11701863.0 ON p0316 CANCELLED AT 2022-06-20T00:17:27 DUE TO TIME LIMIT ***
