
Lmod is automatically replacing "intel/19.0.5" with "gnu/8.4.0".


Due to MODULEPATH changes, the following have been reloaded:
  1) mvapich2/2.3.3

2022-07-21 05:59:00.369532: I tensorflow/stream_executor/platform/default/dso_loader.cc:44] Successfully opened dynamic library libcuda.so.1
2022-07-21 05:59:00.408765: I tensorflow/core/common_runtime/gpu/gpu_device.cc:1618] Found device 0 with properties: 
name: Tesla V100-PCIE-16GB major: 7 minor: 0 memoryClockRate(GHz): 1.38
pciBusID: 0000:3b:00.0
2022-07-21 05:59:00.451178: I tensorflow/stream_executor/platform/default/dso_loader.cc:44] Successfully opened dynamic library libcudart.so.10.0
2022-07-21 05:59:01.080411: I tensorflow/stream_executor/platform/default/dso_loader.cc:44] Successfully opened dynamic library libcublas.so.10.0
2022-07-21 05:59:01.328934: I tensorflow/stream_executor/platform/default/dso_loader.cc:44] Successfully opened dynamic library libcufft.so.10.0
2022-07-21 05:59:01.578352: I tensorflow/stream_executor/platform/default/dso_loader.cc:44] Successfully opened dynamic library libcurand.so.10.0
2022-07-21 05:59:02.312594: I tensorflow/stream_executor/platform/default/dso_loader.cc:44] Successfully opened dynamic library libcusolver.so.10.0
2022-07-21 05:59:02.655086: I tensorflow/stream_executor/platform/default/dso_loader.cc:44] Successfully opened dynamic library libcusparse.so.10.0
2022-07-21 05:59:04.034488: I tensorflow/stream_executor/platform/default/dso_loader.cc:44] Successfully opened dynamic library libcudnn.so.7
2022-07-21 05:59:04.035463: I tensorflow/core/common_runtime/gpu/gpu_device.cc:1746] Adding visible gpu devices: 0
2022-07-21 05:59:04.036382: I tensorflow/core/platform/cpu_feature_guard.cc:142] Your CPU supports instructions that this TensorFlow binary was not compiled to use: SSE4.1 SSE4.2 AVX AVX2 AVX512F FMA
2022-07-21 05:59:04.081066: I tensorflow/core/platform/profile_utils/cpu_utils.cc:94] CPU Frequency: 2400000000 Hz
2022-07-21 05:59:04.081369: I tensorflow/compiler/xla/service/service.cc:168] XLA service 0x55d20b325980 initialized for platform Host (this does not guarantee that XLA will be used). Devices:
2022-07-21 05:59:04.081492: I tensorflow/compiler/xla/service/service.cc:176]   StreamExecutor device (0): Host, Default Version
2022-07-21 05:59:04.206441: I tensorflow/compiler/xla/service/service.cc:168] XLA service 0x55d20b3274d0 initialized for platform CUDA (this does not guarantee that XLA will be used). Devices:
2022-07-21 05:59:04.206591: I tensorflow/compiler/xla/service/service.cc:176]   StreamExecutor device (0): Tesla V100-PCIE-16GB, Compute Capability 7.0
2022-07-21 05:59:04.207016: I tensorflow/core/common_runtime/gpu/gpu_device.cc:1618] Found device 0 with properties: 
name: Tesla V100-PCIE-16GB major: 7 minor: 0 memoryClockRate(GHz): 1.38
pciBusID: 0000:3b:00.0
2022-07-21 05:59:04.207130: I tensorflow/stream_executor/platform/default/dso_loader.cc:44] Successfully opened dynamic library libcudart.so.10.0
2022-07-21 05:59:04.207186: I tensorflow/stream_executor/platform/default/dso_loader.cc:44] Successfully opened dynamic library libcublas.so.10.0
2022-07-21 05:59:04.207236: I tensorflow/stream_executor/platform/default/dso_loader.cc:44] Successfully opened dynamic library libcufft.so.10.0
2022-07-21 05:59:04.207286: I tensorflow/stream_executor/platform/default/dso_loader.cc:44] Successfully opened dynamic library libcurand.so.10.0
2022-07-21 05:59:04.207338: I tensorflow/stream_executor/platform/default/dso_loader.cc:44] Successfully opened dynamic library libcusolver.so.10.0
2022-07-21 05:59:04.207386: I tensorflow/stream_executor/platform/default/dso_loader.cc:44] Successfully opened dynamic library libcusparse.so.10.0
2022-07-21 05:59:04.207436: I tensorflow/stream_executor/platform/default/dso_loader.cc:44] Successfully opened dynamic library libcudnn.so.7
2022-07-21 05:59:04.207867: I tensorflow/core/common_runtime/gpu/gpu_device.cc:1746] Adding visible gpu devices: 0
2022-07-21 05:59:04.547810: I tensorflow/stream_executor/platform/default/dso_loader.cc:44] Successfully opened dynamic library libcudart.so.10.0
2022-07-21 05:59:04.549426: I tensorflow/core/common_runtime/gpu/gpu_device.cc:1159] Device interconnect StreamExecutor with strength 1 edge matrix:
2022-07-21 05:59:04.549600: I tensorflow/core/common_runtime/gpu/gpu_device.cc:1165]      0 
2022-07-21 05:59:04.549730: I tensorflow/core/common_runtime/gpu/gpu_device.cc:1178] 0:   N 
2022-07-21 05:59:04.550783: W tensorflow/core/common_runtime/gpu/gpu_bfc_allocator.cc:39] Overriding allow_growth setting because the TF_FORCE_GPU_ALLOW_GROWTH environment variable is set. Original config value was 0.
2022-07-21 05:59:04.550989: I tensorflow/core/common_runtime/gpu/gpu_device.cc:1304] Created TensorFlow device (/job:localhost/replica:0/task:0/device:GPU:0 with 15061 MB memory) -> physical GPU (device: 0, name: Tesla V100-PCIE-16GB, pci bus id: 0000:3b:00.0, compute capability: 7.0)
WARNING:tensorflow:
The TensorFlow contrib module will not be included in TensorFlow 2.0.
For more information, please see:
  * https://github.com/tensorflow/community/blob/master/rfcs/20180907-contrib-sunset.md
  * https://github.com/tensorflow/addons
  * https://github.com/tensorflow/io (for I/O related ops)
If you depend on functionality not listed there, please file an issue.

2022-07-21 06:00:11.924466: I tensorflow/stream_executor/platform/default/dso_loader.cc:44] Successfully opened dynamic library libcublas.so.10.0
WARNING:tensorflow:From /users/PAS0027/xiong336/project/nerf-tf/run_nerf_helpers.py:209: where (from tensorflow.python.ops.array_ops) is deprecated and will be removed in a future version.
Instructions for updating:
Use tf.where in 2.0, which has the same broadcast rule as np.where
WARNING:tensorflow:From /users/PAS0027/xiong336/project/nerf-tf/run_nerf_helpers.py:14: The name tf.log is deprecated. Please use tf.math.log instead.

fov <HDF5 dataset "fov": shape (), type "<i4">
mv <HDF5 dataset "mv": shape (120, 4, 4), type "<f4">
mvInvs <HDF5 dataset "mvInvs": shape (120, 4, 4), type "<f4">
hwf: [500, 500, 1866.0254037844388] near far: 2.7369158 9.428282
MODEL 63 27 <class 'int'> <class 'int'> True
(?, 90) (?, 63) (?, 27)
MODEL 63 27 <class 'int'> <class 'int'> True
(?, 90) (?, 63) (?, 27)
Not ndc!
Found ckpts []
Begin
TRAIN views are [115  69 170 174  45  66 182 165  78 186 177  56 152  82  68 124  16 148
  93  65  60  84  67 125 132   9  18  55  75 150 104 135 137 164  76  79
 197  38  24 122 195  29  19 143  86 114 173   5 126 117  73 140  98 172
  96 169  97  31  12  35 119  42 189  90 136  51 127 162  41 118 113  26
 139 100 111   2  77  46 187 191  85 161  36 190  61  22 141 101  33  11
 194 159   6  27 120   4  32 142 145 109 144  10  62 112 146 166   0 198
 153  70 123  64  44 163  28  40 108 155 156  25  23 184 147  81  39 168
  47  94 154  43 138   3 105  53 133 180 178 185  49  80  34   7 110  91
  83 176 181  89   8  13  59 171 131  17  72 175 134 167 183  63  54 107
  50 196  58  48  88  21  57 160 192 129  37 157 193   1  52 149 130 151
 103  99 116  87  74 121 199  20 188  71 106  14  92 179 102]
TEST views are [ 95  15  30 158 128]
VAL views are [ 95  15  30 158 128]
saved weights at ./log/nyx500/model_000000.npy
saved weights at ./log/nyx500/model_fine_000000.npy
saved weights at ./log/nyx500/optimizer_000000.npy
[TRAIN] Iter: 0 Loss: 0.2921619415283203  PSNR: 9.209911346435547  Global Step: 0  Time 3.96977
[TRAIN] Iter: 1 Loss: 0.24440166354179382  PSNR: 10.698151588439941  Global Step: 1  Time 0.62665
[TRAIN] Iter: 2 Loss: 0.19734685122966766  PSNR: 11.270820617675781  Global Step: 2  Time 0.54710
[TRAIN] Iter: 3 Loss: 0.12323033809661865  PSNR: 12.972667694091797  Global Step: 3  Time 0.54621
[TRAIN] Iter: 4 Loss: 0.11402954161167145  PSNR: 12.689702987670898  Global Step: 4  Time 0.54541
[TRAIN] Iter: 5 Loss: 0.10836165398359299  PSNR: 12.49851131439209  Global Step: 5  Time 0.54611
[TRAIN] Iter: 6 Loss: 0.11667637526988983  PSNR: 12.508249282836914  Global Step: 6  Time 0.54365
[TRAIN] Iter: 7 Loss: 0.11222417652606964  PSNR: 12.693253517150879  Global Step: 7  Time 0.54261
[TRAIN] Iter: 8 Loss: 0.11163714528083801  PSNR: 12.937460899353027  Global Step: 8  Time 0.57498
[TRAIN] Iter: 9 Loss: 0.11056402325630188  PSNR: 13.121025085449219  Global Step: 9  Time 0.60213
[TRAIN] Iter: 500 Loss: 0.006969428155571222  PSNR: 25.01430892944336  Global Step: 500  Time 0.60881
[TRAIN] Iter: 1000 Loss: 0.007227582857012749  PSNR: 24.552143096923828  Global Step: 1000  Time 0.60940
[TRAIN] Iter: 1500 Loss: 0.005407699383795261  PSNR: 25.990449905395508  Global Step: 1500  Time 0.60766
[TRAIN] Iter: 2000 Loss: 0.005734649952501059  PSNR: 25.718286514282227  Global Step: 2000  Time 0.59757
[TRAIN] Iter: 2500 Loss: 0.006275190971791744  PSNR: 25.344234466552734  Global Step: 2500  Time 0.60733
[TRAIN] Iter: 3000 Loss: 0.004126089159399271  PSNR: 27.38846206665039  Global Step: 3000  Time 0.60817
[TRAIN] Iter: 3500 Loss: 0.005811301991343498  PSNR: 25.88625717163086  Global Step: 3500  Time 0.60549
[TRAIN] Iter: 4000 Loss: 0.005553931929171085  PSNR: 25.94304084777832  Global Step: 4000  Time 0.60464
[TRAIN] Iter: 4500 Loss: 0.004607623443007469  PSNR: 27.0714054107666  Global Step: 4500  Time 0.60780
[TRAIN] Iter: 5000 Loss: 0.004386983346194029  PSNR: 27.219615936279297  Global Step: 5000  Time 0.60450
[TRAIN] Iter: 5500 Loss: 0.004632012452930212  PSNR: 26.63270378112793  Global Step: 5500  Time 0.60703
[TRAIN] Iter: 6000 Loss: 0.0044506569392979145  PSNR: 27.71485137939453  Global Step: 6000  Time 0.60769
[TRAIN] Iter: 6500 Loss: 0.005150140263140202  PSNR: 26.69648551940918  Global Step: 6500  Time 0.60597
[TRAIN] Iter: 7000 Loss: 0.002711498411372304  PSNR: 29.698566436767578  Global Step: 7000  Time 0.60361
[TRAIN] Iter: 7500 Loss: 0.0021466370671987534  PSNR: 30.52750587463379  Global Step: 7500  Time 0.60219
[TRAIN] Iter: 8000 Loss: 0.0031592450104653835  PSNR: 28.759033203125  Global Step: 8000  Time 0.60325
[TRAIN] Iter: 8500 Loss: 0.003181550418958068  PSNR: 28.778066635131836  Global Step: 8500  Time 0.60660
[TRAIN] Iter: 9000 Loss: 0.003880248637869954  PSNR: 27.699079513549805  Global Step: 9000  Time 0.54211
[TRAIN] Iter: 9500 Loss: 0.0038553071208298206  PSNR: 28.210350036621094  Global Step: 9500  Time 0.60854
saved weights at ./log/nyx500/model_010000.npy
saved weights at ./log/nyx500/model_fine_010000.npy
saved weights at ./log/nyx500/optimizer_010000.npy
test poses shape (5, 4, 4)
render time img 0: 5.9604644775390625e-06  RGB and Disp Map Shape: (500, 500, 3) (500, 500)
  test img 0 PSNR: 28.984506130218506
render time img 1: 12.391935348510742  test img 1 PSNR: 29.065382480621338
render time img 2: 12.29051923751831  test img 2 PSNR: 29.441134929656982
render time img 3: 12.318580627441406  test img 3 PSNR: 30.070629119873047
render time img 4: 12.310620784759521  test img 4 PSNR: 28.928565979003906
Saved test set
[TRAIN] Iter: 10000 Loss: 0.003939106594771147  PSNR: 27.930309295654297  Global Step: 10000  Time 0.60622
[TRAIN] Iter: 10500 Loss: 0.0024685226380825043  PSNR: 29.83992576599121  Global Step: 10500  Time 0.60597
[TRAIN] Iter: 11000 Loss: 0.0034493349958211184  PSNR: 28.7459716796875  Global Step: 11000  Time 0.60670
[TRAIN] Iter: 11500 Loss: 0.0035117887891829014  PSNR: 28.792490005493164  Global Step: 11500  Time 0.60734
[TRAIN] Iter: 12000 Loss: 0.002932804636657238  PSNR: 29.53375816345215  Global Step: 12000  Time 0.60425
[TRAIN] Iter: 12500 Loss: 0.0035205078311264515  PSNR: 28.648530960083008  Global Step: 12500  Time 0.60591
[TRAIN] Iter: 13000 Loss: 0.0024648699909448624  PSNR: 29.77117347717285  Global Step: 13000  Time 0.60740
[TRAIN] Iter: 13500 Loss: 0.003572405083104968  PSNR: 28.387216567993164  Global Step: 13500  Time 0.60750
[TRAIN] Iter: 14000 Loss: 0.002210732316598296  PSNR: 30.707387924194336  Global Step: 14000  Time 0.60183
[TRAIN] Iter: 14500 Loss: 0.003448981326073408  PSNR: 28.82286262512207  Global Step: 14500  Time 0.55114
[TRAIN] Iter: 15000 Loss: 0.003229765221476555  PSNR: 28.841304779052734  Global Step: 15000  Time 0.60711
[TRAIN] Iter: 15500 Loss: 0.0026187095791101456  PSNR: 30.093292236328125  Global Step: 15500  Time 0.60611
[TRAIN] Iter: 16000 Loss: 0.0036129073705524206  PSNR: 28.368257522583008  Global Step: 16000  Time 0.60498
[TRAIN] Iter: 16500 Loss: 0.002228892408311367  PSNR: 30.585914611816406  Global Step: 16500  Time 0.57160
[TRAIN] Iter: 17000 Loss: 0.0033591059036552906  PSNR: 28.986852645874023  Global Step: 17000  Time 0.60670
[TRAIN] Iter: 17500 Loss: 0.002775002969428897  PSNR: 29.3809757232666  Global Step: 17500  Time 0.60532
[TRAIN] Iter: 18000 Loss: 0.0038639958947896957  PSNR: 28.475168228149414  Global Step: 18000  Time 0.60128
[TRAIN] Iter: 18500 Loss: 0.0033718920312821865  PSNR: 29.13793182373047  Global Step: 18500  Time 0.60590
[TRAIN] Iter: 19000 Loss: 0.002143251011148095  PSNR: 30.7192440032959  Global Step: 19000  Time 0.60567
[TRAIN] Iter: 19500 Loss: 0.0037119570188224316  PSNR: 28.241008758544922  Global Step: 19500  Time 0.60622
saved weights at ./log/nyx500/model_020000.npy
saved weights at ./log/nyx500/model_fine_020000.npy
saved weights at ./log/nyx500/optimizer_020000.npy
test poses shape (5, 4, 4)
render time img 0: 6.4373016357421875e-06  RGB and Disp Map Shape: (500, 500, 3) (500, 500)
  test img 0 PSNR: 29.351012706756592
render time img 1: 12.26686143875122  test img 1 PSNR: 29.234113693237305
render time img 2: 12.248865127563477  test img 2 PSNR: 30.180790424346924
render time img 3: 12.234845876693726  test img 3 PSNR: 30.974321365356445
render time img 4: 12.246243715286255  test img 4 PSNR: 30.009803771972656
Saved test set
[TRAIN] Iter: 20000 Loss: 0.0023482050746679306  PSNR: 30.825387954711914  Global Step: 20000  Time 0.60381
[TRAIN] Iter: 20500 Loss: 0.0025199544616043568  PSNR: 30.059511184692383  Global Step: 20500  Time 0.60608
[TRAIN] Iter: 21000 Loss: 0.0016042806673794985  PSNR: 32.16148376464844  Global Step: 21000  Time 0.60462
[TRAIN] Iter: 21500 Loss: 0.0031843483448028564  PSNR: 28.978431701660156  Global Step: 21500  Time 0.60736
[TRAIN] Iter: 22000 Loss: 0.0028673214837908745  PSNR: 28.999086380004883  Global Step: 22000  Time 0.60506
[TRAIN] Iter: 22500 Loss: 0.0030462294816970825  PSNR: 29.78595733642578  Global Step: 22500  Time 0.60340
[TRAIN] Iter: 23000 Loss: 0.002643242012709379  PSNR: 29.969337463378906  Global Step: 23000  Time 0.60748
[TRAIN] Iter: 23500 Loss: 0.0032372153364121914  PSNR: 29.234132766723633  Global Step: 23500  Time 0.60758
[TRAIN] Iter: 24000 Loss: 0.0016357782296836376  PSNR: 31.976802825927734  Global Step: 24000  Time 0.60875
[TRAIN] Iter: 24500 Loss: 0.0023902161046862602  PSNR: 30.496721267700195  Global Step: 24500  Time 0.60564
[TRAIN] Iter: 25000 Loss: 0.001957209315150976  PSNR: 31.423398971557617  Global Step: 25000  Time 0.60799
[TRAIN] Iter: 25500 Loss: 0.002690681256353855  PSNR: 30.16615104675293  Global Step: 25500  Time 0.60255
[TRAIN] Iter: 26000 Loss: 0.0026728042867034674  PSNR: 30.01852798461914  Global Step: 26000  Time 0.60675
[TRAIN] Iter: 26500 Loss: 0.00190227129496634  PSNR: 31.539480209350586  Global Step: 26500  Time 0.60769
[TRAIN] Iter: 27000 Loss: 0.001538609154522419  PSNR: 32.333316802978516  Global Step: 27000  Time 0.60060
[TRAIN] Iter: 27500 Loss: 0.002938149031251669  PSNR: 29.670114517211914  Global Step: 27500  Time 0.60631
[TRAIN] Iter: 28000 Loss: 0.002582849469035864  PSNR: 30.009395599365234  Global Step: 28000  Time 0.60376
[TRAIN] Iter: 28500 Loss: 0.0027548945508897305  PSNR: 29.56541633605957  Global Step: 28500  Time 0.60483
[TRAIN] Iter: 29000 Loss: 0.002559306100010872  PSNR: 30.789722442626953  Global Step: 29000  Time 0.60328
[TRAIN] Iter: 29500 Loss: 0.0026096170768141747  PSNR: 30.02897834777832  Global Step: 29500  Time 0.60495
saved weights at ./log/nyx500/model_030000.npy
saved weights at ./log/nyx500/model_fine_030000.npy
saved weights at ./log/nyx500/optimizer_030000.npy
test poses shape (5, 4, 4)
render time img 0: 6.4373016357421875e-06  RGB and Disp Map Shape: (500, 500, 3) (500, 500)
  test img 0 PSNR: 30.396738052368164
render time img 1: 12.28636622428894  test img 1 PSNR: 30.479509830474854
render time img 2: 12.267431020736694  test img 2 PSNR: 31.089847087860107
render time img 3: 12.282079696655273  test img 3 PSNR: 31.52066707611084
render time img 4: 12.16029691696167  test img 4 PSNR: 30.674755573272705
Saved test set
[TRAIN] Iter: 30000 Loss: 0.003264613449573517  PSNR: 29.272905349731445  Global Step: 30000  Time 0.60530
[TRAIN] Iter: 30500 Loss: 0.0034778546541929245  PSNR: 28.66095733642578  Global Step: 30500  Time 0.60587
[TRAIN] Iter: 31000 Loss: 0.0026805452071130276  PSNR: 30.06195068359375  Global Step: 31000  Time 0.60147
[TRAIN] Iter: 31500 Loss: 0.002751074731349945  PSNR: 29.554317474365234  Global Step: 31500  Time 0.54568
[TRAIN] Iter: 32000 Loss: 0.0019432350527495146  PSNR: 31.779247283935547  Global Step: 32000  Time 0.54556
[TRAIN] Iter: 32500 Loss: 0.0020086655858904123  PSNR: 31.781394958496094  Global Step: 32500  Time 0.54279
[TRAIN] Iter: 33000 Loss: 0.0029889647848904133  PSNR: 29.920934677124023  Global Step: 33000  Time 0.54374
[TRAIN] Iter: 33500 Loss: 0.0026568197645246983  PSNR: 29.980337142944336  Global Step: 33500  Time 0.54503
[TRAIN] Iter: 34000 Loss: 0.0026087271980941296  PSNR: 30.20702362060547  Global Step: 34000  Time 0.54441
[TRAIN] Iter: 34500 Loss: 0.0014813770540058613  PSNR: 32.38109588623047  Global Step: 34500  Time 0.54342
[TRAIN] Iter: 35000 Loss: 0.0020311668049544096  PSNR: 31.23817253112793  Global Step: 35000  Time 0.54455
[TRAIN] Iter: 35500 Loss: 0.0024127911310642958  PSNR: 30.555660247802734  Global Step: 35500  Time 0.54393
[TRAIN] Iter: 36000 Loss: 0.002677770797163248  PSNR: 30.319955825805664  Global Step: 36000  Time 0.54314
[TRAIN] Iter: 36500 Loss: 0.001980213215574622  PSNR: 31.600360870361328  Global Step: 36500  Time 0.54385
[TRAIN] Iter: 37000 Loss: 0.0027179589960724115  PSNR: 30.051101684570312  Global Step: 37000  Time 0.54247
[TRAIN] Iter: 37500 Loss: 0.0018804247956722975  PSNR: 31.607175827026367  Global Step: 37500  Time 0.54660
[TRAIN] Iter: 38000 Loss: 0.002994909416884184  PSNR: 29.96893882751465  Global Step: 38000  Time 0.54291
[TRAIN] Iter: 38500 Loss: 0.0031914033461362123  PSNR: 29.52397346496582  Global Step: 38500  Time 0.54627
[TRAIN] Iter: 39000 Loss: 0.0028421194292604923  PSNR: 30.087356567382812  Global Step: 39000  Time 0.54308
[TRAIN] Iter: 39500 Loss: 0.0019930568523705006  PSNR: 31.567167282104492  Global Step: 39500  Time 0.54579
saved weights at ./log/nyx500/model_040000.npy
saved weights at ./log/nyx500/model_fine_040000.npy
saved weights at ./log/nyx500/optimizer_040000.npy
test poses shape (5, 4, 4)
render time img 0: 6.9141387939453125e-06  RGB and Disp Map Shape: (500, 500, 3) (500, 500)
  test img 0 PSNR: 30.910217761993408
render time img 1: 11.776169538497925  test img 1 PSNR: 30.72575807571411
render time img 2: 11.669063091278076  test img 2 PSNR: 31.517372131347656
render time img 3: 11.709038257598877  test img 3 PSNR: 32.25074291229248
render time img 4: 11.65923261642456  test img 4 PSNR: 31.343743801116943
Saved test set
[TRAIN] Iter: 40000 Loss: 0.0027442313730716705  PSNR: 30.13389778137207  Global Step: 40000  Time 0.54393
[TRAIN] Iter: 40500 Loss: 0.0016033606370911002  PSNR: 33.051212310791016  Global Step: 40500  Time 0.54589
[TRAIN] Iter: 41000 Loss: 0.0022658922243863344  PSNR: 30.93202018737793  Global Step: 41000  Time 0.54319
[TRAIN] Iter: 41500 Loss: 0.0020595802925527096  PSNR: 31.50655746459961  Global Step: 41500  Time 0.54410
[TRAIN] Iter: 42000 Loss: 0.0023153964430093765  PSNR: 30.91994285583496  Global Step: 42000  Time 0.54282
[TRAIN] Iter: 42500 Loss: 0.0017296138685196638  PSNR: 32.06239318847656  Global Step: 42500  Time 0.54341
[TRAIN] Iter: 43000 Loss: 0.002398229669779539  PSNR: 30.69045639038086  Global Step: 43000  Time 0.54398
[TRAIN] Iter: 43500 Loss: 0.0024696586187928915  PSNR: 30.44889259338379  Global Step: 43500  Time 0.54370
[TRAIN] Iter: 44000 Loss: 0.0019093826413154602  PSNR: 31.87319564819336  Global Step: 44000  Time 0.54367
[TRAIN] Iter: 44500 Loss: 0.0020532882772386074  PSNR: 31.263980865478516  Global Step: 44500  Time 0.54301
[TRAIN] Iter: 45000 Loss: 0.001653236337006092  PSNR: 32.07368087768555  Global Step: 45000  Time 0.54312
[TRAIN] Iter: 45500 Loss: 0.002212036866694689  PSNR: 30.949647903442383  Global Step: 45500  Time 0.54299
[TRAIN] Iter: 46000 Loss: 0.00206384202465415  PSNR: 31.66752052307129  Global Step: 46000  Time 0.54675
[TRAIN] Iter: 46500 Loss: 0.0026677153073251247  PSNR: 30.259498596191406  Global Step: 46500  Time 0.54272
[TRAIN] Iter: 47000 Loss: 0.0020395605824887753  PSNR: 31.56356430053711  Global Step: 47000  Time 0.54368
[TRAIN] Iter: 47500 Loss: 0.0017169229686260223  PSNR: 32.20218276977539  Global Step: 47500  Time 0.54309
[TRAIN] Iter: 48000 Loss: 0.0014314813306555152  PSNR: 32.95247268676758  Global Step: 48000  Time 0.54358
[TRAIN] Iter: 48500 Loss: 0.0024765250273048878  PSNR: 30.904741287231445  Global Step: 48500  Time 0.54494
[TRAIN] Iter: 49000 Loss: 0.001853341469541192  PSNR: 31.770355224609375  Global Step: 49000  Time 0.54347
[TRAIN] Iter: 49500 Loss: 0.002713568275794387  PSNR: 30.390527725219727  Global Step: 49500  Time 0.54323
saved weights at ./log/nyx500/model_050000.npy
saved weights at ./log/nyx500/model_fine_050000.npy
saved weights at ./log/nyx500/optimizer_050000.npy
test poses shape (5, 4, 4)
render time img 0: 5.245208740234375e-06  RGB and Disp Map Shape: (500, 500, 3) (500, 500)
  test img 0 PSNR: 31.303212642669678
render time img 1: 11.73936152458191  test img 1 PSNR: 30.832502841949463
render time img 2: 11.652374505996704  test img 2 PSNR: 31.901938915252686
render time img 3: 11.67895770072937  test img 3 PSNR: 32.437195777893066
render time img 4: 11.684949398040771  test img 4 PSNR: 31.283693313598633
Saved test set
[TRAIN] Iter: 50000 Loss: 0.002285909606143832  PSNR: 31.09473419189453  Global Step: 50000  Time 0.54300
[TRAIN] Iter: 50500 Loss: 0.00223013898357749  PSNR: 31.143207550048828  Global Step: 50500  Time 0.54225
[TRAIN] Iter: 51000 Loss: 0.00277602463029325  PSNR: 30.225791931152344  Global Step: 51000  Time 0.54480
[TRAIN] Iter: 51500 Loss: 0.00151661760173738  PSNR: 33.1531867980957  Global Step: 51500  Time 0.54293
[TRAIN] Iter: 52000 Loss: 0.0016485266387462616  PSNR: 32.39691162109375  Global Step: 52000  Time 0.54349
[TRAIN] Iter: 52500 Loss: 0.001947028562426567  PSNR: 31.379074096679688  Global Step: 52500  Time 0.54217
[TRAIN] Iter: 53000 Loss: 0.0027320643421262503  PSNR: 30.12718391418457  Global Step: 53000  Time 0.54294
[TRAIN] Iter: 53500 Loss: 0.002307427115738392  PSNR: 30.577293395996094  Global Step: 53500  Time 0.60744
[TRAIN] Iter: 54000 Loss: 0.0012726894346997142  PSNR: 33.6250114440918  Global Step: 54000  Time 0.60667
[TRAIN] Iter: 54500 Loss: 0.0016909525729715824  PSNR: 32.238059997558594  Global Step: 54500  Time 0.60339
[TRAIN] Iter: 55000 Loss: 0.0024115003179758787  PSNR: 30.7887020111084  Global Step: 55000  Time 0.60625
[TRAIN] Iter: 55500 Loss: 0.002075511496514082  PSNR: 31.347631454467773  Global Step: 55500  Time 0.60656
[TRAIN] Iter: 56000 Loss: 0.0021091254893690348  PSNR: 31.433719635009766  Global Step: 56000  Time 0.60573
[TRAIN] Iter: 56500 Loss: 0.001637143432162702  PSNR: 32.65766906738281  Global Step: 56500  Time 0.60897
[TRAIN] Iter: 57000 Loss: 0.001628427766263485  PSNR: 32.3862419128418  Global Step: 57000  Time 0.60678
[TRAIN] Iter: 57500 Loss: 0.0017783655785024166  PSNR: 32.18621826171875  Global Step: 57500  Time 0.60655
[TRAIN] Iter: 58000 Loss: 0.002678475109860301  PSNR: 30.30327606201172  Global Step: 58000  Time 0.60562
[TRAIN] Iter: 58500 Loss: 0.002182024298235774  PSNR: 30.741615295410156  Global Step: 58500  Time 0.59873
[TRAIN] Iter: 59000 Loss: 0.0013535196194425225  PSNR: 33.329402923583984  Global Step: 59000  Time 0.60690
[TRAIN] Iter: 59500 Loss: 0.001961981412023306  PSNR: 31.80680274963379  Global Step: 59500  Time 0.60649
saved weights at ./log/nyx500/model_060000.npy
saved weights at ./log/nyx500/model_fine_060000.npy
saved weights at ./log/nyx500/optimizer_060000.npy
test poses shape (5, 4, 4)
render time img 0: 5.245208740234375e-06  RGB and Disp Map Shape: (500, 500, 3) (500, 500)
  test img 0 PSNR: 31.29382610321045
render time img 1: 12.30526614189148  test img 1 PSNR: 30.85825204849243
render time img 2: 12.192049503326416  test img 2 PSNR: 32.115068435668945
render time img 3: 12.23112177848816  test img 3 PSNR: 32.6665472984314
render time img 4: 12.214360237121582  test img 4 PSNR: 31.443049907684326
Saved test set
[TRAIN] Iter: 60000 Loss: 0.0021498040296137333  PSNR: 31.071779251098633  Global Step: 60000  Time 0.60698
[TRAIN] Iter: 60500 Loss: 0.0026670191437005997  PSNR: 30.602333068847656  Global Step: 60500  Time 0.60718
[TRAIN] Iter: 61000 Loss: 0.0026603308506309986  PSNR: 30.440698623657227  Global Step: 61000  Time 0.60605
[TRAIN] Iter: 61500 Loss: 0.0018785439897328615  PSNR: 31.9625186920166  Global Step: 61500  Time 0.60569
[TRAIN] Iter: 62000 Loss: 0.0012699777726083994  PSNR: 33.70794677734375  Global Step: 62000  Time 0.60707
[TRAIN] Iter: 62500 Loss: 0.0014078877866268158  PSNR: 32.876590728759766  Global Step: 62500  Time 0.60540
[TRAIN] Iter: 63000 Loss: 0.0018359555397182703  PSNR: 31.730775833129883  Global Step: 63000  Time 0.60397
[TRAIN] Iter: 63500 Loss: 0.0027392436750233173  PSNR: 30.22208023071289  Global Step: 63500  Time 0.60773
[TRAIN] Iter: 64000 Loss: 0.002405435312539339  PSNR: 31.233840942382812  Global Step: 64000  Time 0.60478
[TRAIN] Iter: 64500 Loss: 0.002310188952833414  PSNR: 31.415130615234375  Global Step: 64500  Time 0.60537
[TRAIN] Iter: 65000 Loss: 0.00247070356272161  PSNR: 31.047483444213867  Global Step: 65000  Time 0.60470
[TRAIN] Iter: 65500 Loss: 0.002433652291074395  PSNR: 30.677452087402344  Global Step: 65500  Time 0.60244
[TRAIN] Iter: 66000 Loss: 0.001578889088705182  PSNR: 32.49912643432617  Global Step: 66000  Time 0.60678
[TRAIN] Iter: 66500 Loss: 0.0014202514430508018  PSNR: 33.292930603027344  Global Step: 66500  Time 0.60089
[TRAIN] Iter: 67000 Loss: 0.0024288776330649853  PSNR: 31.079954147338867  Global Step: 67000  Time 0.57712
[TRAIN] Iter: 67500 Loss: 0.001742578111588955  PSNR: 32.12785339355469  Global Step: 67500  Time 0.60585
[TRAIN] Iter: 68000 Loss: 0.002167593687772751  PSNR: 31.10506248474121  Global Step: 68000  Time 0.60151
[TRAIN] Iter: 68500 Loss: 0.0022850697860121727  PSNR: 30.927480697631836  Global Step: 68500  Time 0.60564
[TRAIN] Iter: 69000 Loss: 0.0023326207883656025  PSNR: 30.95136070251465  Global Step: 69000  Time 0.60031
[TRAIN] Iter: 69500 Loss: 0.0025298732798546553  PSNR: 30.706817626953125  Global Step: 69500  Time 0.60426
saved weights at ./log/nyx500/model_070000.npy
saved weights at ./log/nyx500/model_fine_070000.npy
saved weights at ./log/nyx500/optimizer_070000.npy
test poses shape (5, 4, 4)
render time img 0: 5.7220458984375e-06  RGB and Disp Map Shape: (500, 500, 3) (500, 500)
  test img 0 PSNR: 31.54470443725586
render time img 1: 12.173106908798218  test img 1 PSNR: 30.91618537902832
render time img 2: 12.198161363601685  test img 2 PSNR: 32.40436553955078
render time img 3: 12.180365085601807  test img 3 PSNR: 32.97023057937622
render time img 4: 12.217933177947998  test img 4 PSNR: 31.67020082473755
Saved test set
[TRAIN] Iter: 70000 Loss: 0.0019068281399086118  PSNR: 32.27262496948242  Global Step: 70000  Time 0.60473
[TRAIN] Iter: 70500 Loss: 0.001569991698488593  PSNR: 32.50715637207031  Global Step: 70500  Time 0.60912
[TRAIN] Iter: 71000 Loss: 0.002657218836247921  PSNR: 30.911569595336914  Global Step: 71000  Time 0.60999
[TRAIN] Iter: 71500 Loss: 0.0020419470965862274  PSNR: 31.503137588500977  Global Step: 71500  Time 0.60589
[TRAIN] Iter: 72000 Loss: 0.002000559587031603  PSNR: 31.293193817138672  Global Step: 72000  Time 0.60543
[TRAIN] Iter: 72500 Loss: 0.002171157393604517  PSNR: 31.32198143005371  Global Step: 72500  Time 0.60509
[TRAIN] Iter: 73000 Loss: 0.0016860777977854013  PSNR: 32.614444732666016  Global Step: 73000  Time 0.60547
[TRAIN] Iter: 73500 Loss: 0.002031636191532016  PSNR: 31.539525985717773  Global Step: 73500  Time 0.60228
[TRAIN] Iter: 74000 Loss: 0.0014914993662387133  PSNR: 32.96961975097656  Global Step: 74000  Time 0.60756
[TRAIN] Iter: 74500 Loss: 0.002768654143437743  PSNR: 30.136962890625  Global Step: 74500  Time 0.60886
[TRAIN] Iter: 75000 Loss: 0.002008175477385521  PSNR: 31.499895095825195  Global Step: 75000  Time 0.60713
[TRAIN] Iter: 75500 Loss: 0.0019096763571724296  PSNR: 32.07864761352539  Global Step: 75500  Time 0.60677
[TRAIN] Iter: 76000 Loss: 0.0018559235613793135  PSNR: 31.824970245361328  Global Step: 76000  Time 0.60279
[TRAIN] Iter: 76500 Loss: 0.001991146244108677  PSNR: 31.811553955078125  Global Step: 76500  Time 0.60612
[TRAIN] Iter: 77000 Loss: 0.0021841705311089754  PSNR: 30.9239559173584  Global Step: 77000  Time 0.60699
[TRAIN] Iter: 77500 Loss: 0.0020567034371197224  PSNR: 31.57462501525879  Global Step: 77500  Time 0.60102
[TRAIN] Iter: 78000 Loss: 0.003037332557141781  PSNR: 29.85407066345215  Global Step: 78000  Time 0.60402
[TRAIN] Iter: 78500 Loss: 0.002445366932079196  PSNR: 30.624555587768555  Global Step: 78500  Time 0.60640
[TRAIN] Iter: 79000 Loss: 0.0020524966530501842  PSNR: 31.430988311767578  Global Step: 79000  Time 0.60290
[TRAIN] Iter: 79500 Loss: 0.0019126874394714832  PSNR: 31.947031021118164  Global Step: 79500  Time 0.60289
saved weights at ./log/nyx500/model_080000.npy
saved weights at ./log/nyx500/model_fine_080000.npy
saved weights at ./log/nyx500/optimizer_080000.npy
test poses shape (5, 4, 4)
render time img 0: 6.67572021484375e-06  RGB and Disp Map Shape: (500, 500, 3) (500, 500)
  test img 0 PSNR: 31.742076873779297
render time img 1: 12.196274042129517  test img 1 PSNR: 31.09414577484131
render time img 2: 12.193256616592407  test img 2 PSNR: 32.74794578552246
render time img 3: 12.20254898071289  test img 3 PSNR: 33.421220779418945
render time img 4: 12.199463367462158  test img 4 PSNR: 31.725597381591797
Saved test set
[TRAIN] Iter: 80000 Loss: 0.002007198054343462  PSNR: 31.739530563354492  Global Step: 80000  Time 0.60214
[TRAIN] Iter: 80500 Loss: 0.001840987242758274  PSNR: 31.932214736938477  Global Step: 80500  Time 0.60667
[TRAIN] Iter: 81000 Loss: 0.0013995252083986998  PSNR: 33.33259201049805  Global Step: 81000  Time 0.60825
[TRAIN] Iter: 81500 Loss: 0.0022263929713517427  PSNR: 31.348163604736328  Global Step: 81500  Time 0.60607
[TRAIN] Iter: 82000 Loss: 0.002164419274777174  PSNR: 31.460378646850586  Global Step: 82000  Time 0.60613
[TRAIN] Iter: 82500 Loss: 0.0016968928975984454  PSNR: 32.481536865234375  Global Step: 82500  Time 0.60592
[TRAIN] Iter: 83000 Loss: 0.0017145692836493254  PSNR: 32.15485382080078  Global Step: 83000  Time 0.60403
[TRAIN] Iter: 83500 Loss: 0.0024673468433320522  PSNR: 31.132061004638672  Global Step: 83500  Time 0.60572
[TRAIN] Iter: 84000 Loss: 0.0014338487526401877  PSNR: 32.85700607299805  Global Step: 84000  Time 0.60462
[TRAIN] Iter: 84500 Loss: 0.0013214277569204569  PSNR: 33.44154739379883  Global Step: 84500  Time 0.54323
[TRAIN] Iter: 85000 Loss: 0.001251088920980692  PSNR: 33.83795166015625  Global Step: 85000  Time 0.60496
[TRAIN] Iter: 85500 Loss: 0.0020539015531539917  PSNR: 31.51531219482422  Global Step: 85500  Time 0.59922
[TRAIN] Iter: 86000 Loss: 0.0012360626133158803  PSNR: 33.9079475402832  Global Step: 86000  Time 0.60592
[TRAIN] Iter: 86500 Loss: 0.0021239654161036015  PSNR: 31.45140266418457  Global Step: 86500  Time 0.60612
[TRAIN] Iter: 87000 Loss: 0.0021473411470651627  PSNR: 31.443626403808594  Global Step: 87000  Time 0.60542
[TRAIN] Iter: 87500 Loss: 0.001979580381885171  PSNR: 31.83551025390625  Global Step: 87500  Time 0.60675
[TRAIN] Iter: 88000 Loss: 0.0018297816859558225  PSNR: 31.825641632080078  Global Step: 88000  Time 0.60759
[TRAIN] Iter: 88500 Loss: 0.0021569363307207823  PSNR: 31.35914421081543  Global Step: 88500  Time 0.60633
[TRAIN] Iter: 89000 Loss: 0.0018806146690621972  PSNR: 31.669233322143555  Global Step: 89000  Time 0.60221
[TRAIN] Iter: 89500 Loss: 0.002360295271500945  PSNR: 31.32260513305664  Global Step: 89500  Time 0.60582
saved weights at ./log/nyx500/model_090000.npy
saved weights at ./log/nyx500/model_fine_090000.npy
saved weights at ./log/nyx500/optimizer_090000.npy
test poses shape (5, 4, 4)
render time img 0: 5.245208740234375e-06  RGB and Disp Map Shape: (500, 500, 3) (500, 500)
  test img 0 PSNR: 31.713709831237793
render time img 1: 12.175158262252808  test img 1 PSNR: 31.102585792541504
render time img 2: 12.187217473983765  test img 2 PSNR: 32.814273834228516
render time img 3: 12.150569915771484  test img 3 PSNR: 33.36012601852417
render time img 4: 12.201619863510132  test img 4 PSNR: 31.879920959472656
Saved test set
[TRAIN] Iter: 90000 Loss: 0.002825468312948942  PSNR: 30.50516700744629  Global Step: 90000  Time 0.60360
[TRAIN] Iter: 90500 Loss: 0.0013432567939162254  PSNR: 33.40599060058594  Global Step: 90500  Time 0.60586
[TRAIN] Iter: 91000 Loss: 0.001271997345611453  PSNR: 33.35116195678711  Global Step: 91000  Time 0.60399
[TRAIN] Iter: 91500 Loss: 0.0017447152640670538  PSNR: 31.852331161499023  Global Step: 91500  Time 0.55077
[TRAIN] Iter: 92000 Loss: 0.0024084036704152822  PSNR: 31.518850326538086  Global Step: 92000  Time 0.60495
[TRAIN] Iter: 92500 Loss: 0.0019208055455237627  PSNR: 31.86859130859375  Global Step: 92500  Time 0.60711
[TRAIN] Iter: 93000 Loss: 0.0018292827298864722  PSNR: 31.917131423950195  Global Step: 93000  Time 0.60734
[TRAIN] Iter: 93500 Loss: 0.002043628366664052  PSNR: 31.491716384887695  Global Step: 93500  Time 0.60305
[TRAIN] Iter: 94000 Loss: 0.0021556848660111427  PSNR: 31.41525650024414  Global Step: 94000  Time 0.60314
[TRAIN] Iter: 94500 Loss: 0.0017685622442513704  PSNR: 32.62123107910156  Global Step: 94500  Time 0.60520
[TRAIN] Iter: 95000 Loss: 0.0012192100984975696  PSNR: 34.052032470703125  Global Step: 95000  Time 0.59709
[TRAIN] Iter: 95500 Loss: 0.0023561553098261356  PSNR: 31.308439254760742  Global Step: 95500  Time 0.59408
[TRAIN] Iter: 96000 Loss: 0.0020134199876338243  PSNR: 31.671913146972656  Global Step: 96000  Time 0.60566
[TRAIN] Iter: 96500 Loss: 0.0017399578355252743  PSNR: 32.40917205810547  Global Step: 96500  Time 0.60503
[TRAIN] Iter: 97000 Loss: 0.001437026308849454  PSNR: 33.10475158691406  Global Step: 97000  Time 0.59464
[TRAIN] Iter: 97500 Loss: 0.0018748907605186105  PSNR: 31.691986083984375  Global Step: 97500  Time 0.60655
[TRAIN] Iter: 98000 Loss: 0.0017661661840975285  PSNR: 32.483280181884766  Global Step: 98000  Time 0.60538
[TRAIN] Iter: 98500 Loss: 0.002062097191810608  PSNR: 31.861984252929688  Global Step: 98500  Time 0.60197
[TRAIN] Iter: 99000 Loss: 0.001972783589735627  PSNR: 31.480369567871094  Global Step: 99000  Time 0.60218
[TRAIN] Iter: 99500 Loss: 0.0017549372278153896  PSNR: 32.4928092956543  Global Step: 99500  Time 0.60651
saved weights at ./log/nyx500/model_100000.npy
saved weights at ./log/nyx500/model_fine_100000.npy
saved weights at ./log/nyx500/optimizer_100000.npy
test poses shape (5, 4, 4)
render time img 0: 7.3909759521484375e-06  RGB and Disp Map Shape: (500, 500, 3) (500, 500)
  test img 0 PSNR: 32.06172227859497
render time img 1: 12.270985126495361  test img 1 PSNR: 31.33779525756836
render time img 2: 12.177576780319214  test img 2 PSNR: 32.57351875305176
render time img 3: 12.21846318244934  test img 3 PSNR: 33.583621978759766
render time img 4: 12.216809272766113  test img 4 PSNR: 32.004897594451904
Saved test set
[TRAIN] Iter: 100000 Loss: 0.0024648956023156643  PSNR: 31.161312103271484  Global Step: 100000  Time 0.60706
[TRAIN] Iter: 100500 Loss: 0.0021657601464539766  PSNR: 31.43779754638672  Global Step: 100500  Time 0.60664
[TRAIN] Iter: 101000 Loss: 0.0011400135699659586  PSNR: 33.55805969238281  Global Step: 101000  Time 0.60281
[TRAIN] Iter: 101500 Loss: 0.0012886006152257323  PSNR: 33.53867721557617  Global Step: 101500  Time 0.60298
[TRAIN] Iter: 102000 Loss: 0.0010968053247779608  PSNR: 34.35631561279297  Global Step: 102000  Time 0.60845
[TRAIN] Iter: 102500 Loss: 0.0023805000819265842  PSNR: 30.953981399536133  Global Step: 102500  Time 0.60579
[TRAIN] Iter: 103000 Loss: 0.0013102733064442873  PSNR: 33.81282043457031  Global Step: 103000  Time 0.60724
[TRAIN] Iter: 103500 Loss: 0.002223618794232607  PSNR: 31.351030349731445  Global Step: 103500  Time 0.60555
[TRAIN] Iter: 104000 Loss: 0.0011697834124788642  PSNR: 34.443294525146484  Global Step: 104000  Time 0.60688
[TRAIN] Iter: 104500 Loss: 0.001377722597680986  PSNR: 33.27138900756836  Global Step: 104500  Time 0.60266
[TRAIN] Iter: 105000 Loss: 0.0014953968347981572  PSNR: 33.237403869628906  Global Step: 105000  Time 0.60773
[TRAIN] Iter: 105500 Loss: 0.0013928853441029787  PSNR: 33.52690505981445  Global Step: 105500  Time 0.60855
[TRAIN] Iter: 106000 Loss: 0.0027021565474569798  PSNR: 30.47246742248535  Global Step: 106000  Time 0.58152
[TRAIN] Iter: 106500 Loss: 0.0025160463992506266  PSNR: 30.711406707763672  Global Step: 106500  Time 0.60715
[TRAIN] Iter: 107000 Loss: 0.0010819986928254366  PSNR: 34.52202224731445  Global Step: 107000  Time 0.60897
[TRAIN] Iter: 107500 Loss: 0.0019060191698372364  PSNR: 32.05158615112305  Global Step: 107500  Time 0.60629
[TRAIN] Iter: 108000 Loss: 0.0024671454448252916  PSNR: 30.95433235168457  Global Step: 108000  Time 0.55348
[TRAIN] Iter: 108500 Loss: 0.0025244462303817272  PSNR: 30.90807342529297  Global Step: 108500  Time 0.60604
[TRAIN] Iter: 109000 Loss: 0.0017311850097030401  PSNR: 32.22819519042969  Global Step: 109000  Time 0.60585
[TRAIN] Iter: 109500 Loss: 0.002137280534952879  PSNR: 31.284503936767578  Global Step: 109500  Time 0.60829
saved weights at ./log/nyx500/model_110000.npy
saved weights at ./log/nyx500/model_fine_110000.npy
saved weights at ./log/nyx500/optimizer_110000.npy
test poses shape (5, 4, 4)
render time img 0: 5.7220458984375e-06  RGB and Disp Map Shape: (500, 500, 3) (500, 500)
  test img 0 PSNR: 32.09512233734131
render time img 1: 12.202049493789673  test img 1 PSNR: 31.35373830795288
render time img 2: 12.229315280914307  test img 2 PSNR: 32.9785680770874
render time img 3: 12.123007774353027  test img 3 PSNR: 33.58864784240723
render time img 4: 12.197783470153809  test img 4 PSNR: 32.18839406967163
Saved test set
[TRAIN] Iter: 110000 Loss: 0.0012803635327145457  PSNR: 33.452171325683594  Global Step: 110000  Time 0.60517
[TRAIN] Iter: 110500 Loss: 0.002152893226593733  PSNR: 31.2050838470459  Global Step: 110500  Time 0.60761
[TRAIN] Iter: 111000 Loss: 0.0017933151684701443  PSNR: 32.32075881958008  Global Step: 111000  Time 0.60467
[TRAIN] Iter: 111500 Loss: 0.0019487430108711123  PSNR: 32.19644546508789  Global Step: 111500  Time 0.60712
[TRAIN] Iter: 112000 Loss: 0.001214916817843914  PSNR: 33.606666564941406  Global Step: 112000  Time 0.60429
[TRAIN] Iter: 112500 Loss: 0.00171413435600698  PSNR: 32.242942810058594  Global Step: 112500  Time 0.60579
[TRAIN] Iter: 113000 Loss: 0.0011286213994026184  PSNR: 34.29915237426758  Global Step: 113000  Time 0.60141
[TRAIN] Iter: 113500 Loss: 0.0013272283831611276  PSNR: 33.883670806884766  Global Step: 113500  Time 0.60383
[TRAIN] Iter: 114000 Loss: 0.0012898147106170654  PSNR: 33.83946990966797  Global Step: 114000  Time 0.60823
[TRAIN] Iter: 114500 Loss: 0.0010767116909846663  PSNR: 34.437469482421875  Global Step: 114500  Time 0.60541
[TRAIN] Iter: 115000 Loss: 0.0019339675782248378  PSNR: 31.743946075439453  Global Step: 115000  Time 0.60394
[TRAIN] Iter: 115500 Loss: 0.0015421705320477486  PSNR: 33.22711944580078  Global Step: 115500  Time 0.60371
[TRAIN] Iter: 116000 Loss: 0.002013673074543476  PSNR: 32.06350326538086  Global Step: 116000  Time 0.60597
[TRAIN] Iter: 116500 Loss: 0.002378482138738036  PSNR: 30.874065399169922  Global Step: 116500  Time 0.60442
[TRAIN] Iter: 117000 Loss: 0.002188309794291854  PSNR: 31.41245460510254  Global Step: 117000  Time 0.60678
[TRAIN] Iter: 117500 Loss: 0.0015381869161501527  PSNR: 32.9085807800293  Global Step: 117500  Time 0.60266
[TRAIN] Iter: 118000 Loss: 0.0015719379298388958  PSNR: 32.727081298828125  Global Step: 118000  Time 0.59979
[TRAIN] Iter: 118500 Loss: 0.001650152262300253  PSNR: 32.872135162353516  Global Step: 118500  Time 0.57118
[TRAIN] Iter: 119000 Loss: 0.0021156370639801025  PSNR: 31.913103103637695  Global Step: 119000  Time 0.58194
[TRAIN] Iter: 119500 Loss: 0.0019053731812164187  PSNR: 31.786808013916016  Global Step: 119500  Time 0.58281
saved weights at ./log/nyx500/model_120000.npy
saved weights at ./log/nyx500/model_fine_120000.npy
saved weights at ./log/nyx500/optimizer_120000.npy
test poses shape (5, 4, 4)
render time img 0: 6.67572021484375e-06  RGB and Disp Map Shape: (500, 500, 3) (500, 500)
  test img 0 PSNR: 32.02730655670166
render time img 1: 12.188978433609009  test img 1 PSNR: 31.368300914764404
render time img 2: 12.582613229751587  test img 2 PSNR: 33.05354118347168
render time img 3: 11.989120960235596  test img 3 PSNR: 33.55254411697388
render time img 4: 11.937988996505737  test img 4 PSNR: 31.885149478912354
Saved test set
[TRAIN] Iter: 120000 Loss: 0.0014180701691657305  PSNR: 33.3612060546875  Global Step: 120000  Time 0.58684
[TRAIN] Iter: 120500 Loss: 0.0011838620994240046  PSNR: 34.01021194458008  Global Step: 120500  Time 0.60119
[TRAIN] Iter: 121000 Loss: 0.0022639113012701273  PSNR: 31.350379943847656  Global Step: 121000  Time 0.60571
[TRAIN] Iter: 121500 Loss: 0.002132139168679714  PSNR: 31.62337875366211  Global Step: 121500  Time 0.56823
[TRAIN] Iter: 122000 Loss: 0.0021316739730536938  PSNR: 31.51862907409668  Global Step: 122000  Time 0.58074
[TRAIN] Iter: 122500 Loss: 0.001783943735063076  PSNR: 32.053531646728516  Global Step: 122500  Time 0.58216
[TRAIN] Iter: 123000 Loss: 0.0020782167557626963  PSNR: 31.416135787963867  Global Step: 123000  Time 0.54794
[TRAIN] Iter: 123500 Loss: 0.0018789381720125675  PSNR: 31.793174743652344  Global Step: 123500  Time 0.60415
[TRAIN] Iter: 124000 Loss: 0.001876337919384241  PSNR: 31.823083877563477  Global Step: 124000  Time 0.55373
[TRAIN] Iter: 124500 Loss: 0.0016627341974526644  PSNR: 32.55408477783203  Global Step: 124500  Time 0.57693
[TRAIN] Iter: 125000 Loss: 0.0014306479133665562  PSNR: 33.451332092285156  Global Step: 125000  Time 0.58799
[TRAIN] Iter: 125500 Loss: 0.0018272229935973883  PSNR: 32.21270751953125  Global Step: 125500  Time 0.59482
[TRAIN] Iter: 126000 Loss: 0.0011607464402914047  PSNR: 34.09243392944336  Global Step: 126000  Time 0.56035
[TRAIN] Iter: 126500 Loss: 0.0013529983116313815  PSNR: 33.2880973815918  Global Step: 126500  Time 0.60340
[TRAIN] Iter: 127000 Loss: 0.001745209563523531  PSNR: 32.444156646728516  Global Step: 127000  Time 0.60591
[TRAIN] Iter: 127500 Loss: 0.0010415774304419756  PSNR: 34.710792541503906  Global Step: 127500  Time 0.60314
[TRAIN] Iter: 128000 Loss: 0.0020621297881007195  PSNR: 31.61865997314453  Global Step: 128000  Time 0.58466
[TRAIN] Iter: 128500 Loss: 0.0017482147086411715  PSNR: 32.64537048339844  Global Step: 128500  Time 0.57553
[TRAIN] Iter: 129000 Loss: 0.002138339215889573  PSNR: 31.73324203491211  Global Step: 129000  Time 0.57638
[TRAIN] Iter: 129500 Loss: 0.0018060458824038506  PSNR: 32.61841583251953  Global Step: 129500  Time 0.55458
saved weights at ./log/nyx500/model_130000.npy
saved weights at ./log/nyx500/model_fine_130000.npy
saved weights at ./log/nyx500/optimizer_130000.npy
test poses shape (5, 4, 4)
render time img 0: 6.9141387939453125e-06  RGB and Disp Map Shape: (500, 500, 3) (500, 500)
  test img 0 PSNR: 32.07446336746216
render time img 1: 12.207674026489258  test img 1 PSNR: 31.304383277893066
render time img 2: 12.32325291633606  test img 2 PSNR: 32.89467096328735
render time img 3: 12.065592050552368  test img 3 PSNR: 33.56675386428833
render time img 4: 12.142691373825073  test img 4 PSNR: 32.10115671157837
Saved test set
[TRAIN] Iter: 130000 Loss: 0.0023202961310744286  PSNR: 31.01082992553711  Global Step: 130000  Time 0.55509
[TRAIN] Iter: 130500 Loss: 0.0013869651593267918  PSNR: 33.141990661621094  Global Step: 130500  Time 0.60391
[TRAIN] Iter: 131000 Loss: 0.0024118339642882347  PSNR: 31.2676944732666  Global Step: 131000  Time 0.59729
[TRAIN] Iter: 131500 Loss: 0.0011683821212500334  PSNR: 34.171695709228516  Global Step: 131500  Time 0.59141
[TRAIN] Iter: 132000 Loss: 0.0020131180062890053  PSNR: 31.9248046875  Global Step: 132000  Time 0.58661
[TRAIN] Iter: 132500 Loss: 0.001686151372268796  PSNR: 32.48561096191406  Global Step: 132500  Time 0.59104
[TRAIN] Iter: 133000 Loss: 0.0019069176632910967  PSNR: 31.45026969909668  Global Step: 133000  Time 0.55585
[TRAIN] Iter: 133500 Loss: 0.0010815034620463848  PSNR: 34.484249114990234  Global Step: 133500  Time 0.55606
[TRAIN] Iter: 134000 Loss: 0.0019464872311800718  PSNR: 32.07228469848633  Global Step: 134000  Time 0.60286
[TRAIN] Iter: 134500 Loss: 0.001991808181628585  PSNR: 32.06773376464844  Global Step: 134500  Time 0.60319
[TRAIN] Iter: 135000 Loss: 0.0018502090824767947  PSNR: 32.41037368774414  Global Step: 135000  Time 0.55366
[TRAIN] Iter: 135500 Loss: 0.0018134729471057653  PSNR: 32.434486389160156  Global Step: 135500  Time 0.60561
[TRAIN] Iter: 136000 Loss: 0.0018604674842208624  PSNR: 32.271827697753906  Global Step: 136000  Time 0.60459
[TRAIN] Iter: 136500 Loss: 0.0010905840899795294  PSNR: 34.49058151245117  Global Step: 136500  Time 0.60343
[TRAIN] Iter: 137000 Loss: 0.0021464957389980555  PSNR: 31.509315490722656  Global Step: 137000  Time 0.60571
[TRAIN] Iter: 137500 Loss: 0.002119773533195257  PSNR: 31.627904891967773  Global Step: 137500  Time 0.60121
[TRAIN] Iter: 138000 Loss: 0.0013867267407476902  PSNR: 33.4474983215332  Global Step: 138000  Time 0.60207
[TRAIN] Iter: 138500 Loss: 0.0024036290124058723  PSNR: 31.072799682617188  Global Step: 138500  Time 0.60461
[TRAIN] Iter: 139000 Loss: 0.0009963513584807515  PSNR: 34.936954498291016  Global Step: 139000  Time 0.60754
[TRAIN] Iter: 139500 Loss: 0.0018430071650072932  PSNR: 32.32907485961914  Global Step: 139500  Time 0.60637
saved weights at ./log/nyx500/model_140000.npy
saved weights at ./log/nyx500/model_fine_140000.npy
saved weights at ./log/nyx500/optimizer_140000.npy
test poses shape (5, 4, 4)
render time img 0: 6.198883056640625e-06  RGB and Disp Map Shape: (500, 500, 3) (500, 500)
  test img 0 PSNR: 32.34408140182495
render time img 1: 12.262895584106445  test img 1 PSNR: 31.519055366516113
render time img 2: 12.164807796478271  test img 2 PSNR: 33.070082664489746
render time img 3: 12.199031114578247  test img 3 PSNR: 33.77344369888306
render time img 4: 12.079671621322632  test img 4 PSNR: 32.1891975402832
Saved test set
[TRAIN] Iter: 140000 Loss: 0.001738345599733293  PSNR: 32.57025146484375  Global Step: 140000  Time 0.60378
[TRAIN] Iter: 140500 Loss: 0.0017825026297941804  PSNR: 32.15082550048828  Global Step: 140500  Time 0.60712
[TRAIN] Iter: 141000 Loss: 0.0020082001574337482  PSNR: 31.995698928833008  Global Step: 141000  Time 0.60235
[TRAIN] Iter: 141500 Loss: 0.0018055650871247053  PSNR: 32.114322662353516  Global Step: 141500  Time 0.60639
[TRAIN] Iter: 142000 Loss: 0.0020038748625665903  PSNR: 31.665008544921875  Global Step: 142000  Time 0.60711
[TRAIN] Iter: 142500 Loss: 0.002153155393898487  PSNR: 31.552865982055664  Global Step: 142500  Time 0.60825
[TRAIN] Iter: 143000 Loss: 0.0016198304947465658  PSNR: 32.80811309814453  Global Step: 143000  Time 0.60762
[TRAIN] Iter: 143500 Loss: 0.002022710395976901  PSNR: 31.906770706176758  Global Step: 143500  Time 0.60500
[TRAIN] Iter: 144000 Loss: 0.0023325064685195684  PSNR: 31.344837188720703  Global Step: 144000  Time 0.60596
slurmstepd: error: *** JOB 12116919 ON p0229 CANCELLED AT 2022-07-22T05:56:37 DUE TO TIME LIMIT ***
slurmstepd: error: *** STEP 12116919.0 ON p0229 CANCELLED AT 2022-07-22T05:56:37 DUE TO TIME LIMIT ***
srun: Job step aborted: Waiting up to 32 seconds for job step to finish.
