
Lmod is automatically replacing "intel/19.0.5" with "gnu/8.4.0".


Due to MODULEPATH changes, the following have been reloaded:
  1) mvapich2/2.3.3

/var/spool/slurmd/job13427831/slurm_script: line 14: cd: /users/PAS0027/xiong336/project/nerf-tf: No such file or directory
2022-11-02 01:50:26.888201: I tensorflow/stream_executor/platform/default/dso_loader.cc:44] Successfully opened dynamic library libcuda.so.1
2022-11-02 01:50:26.918720: I tensorflow/core/common_runtime/gpu/gpu_device.cc:1618] Found device 0 with properties: 
name: Tesla V100-PCIE-16GB major: 7 minor: 0 memoryClockRate(GHz): 1.38
pciBusID: 0000:3b:00.0
2022-11-02 01:50:26.921362: I tensorflow/stream_executor/platform/default/dso_loader.cc:44] Successfully opened dynamic library libcudart.so.10.0
2022-11-02 01:50:26.949864: I tensorflow/stream_executor/platform/default/dso_loader.cc:44] Successfully opened dynamic library libcublas.so.10.0
2022-11-02 01:50:26.973545: I tensorflow/stream_executor/platform/default/dso_loader.cc:44] Successfully opened dynamic library libcufft.so.10.0
2022-11-02 01:50:26.978846: I tensorflow/stream_executor/platform/default/dso_loader.cc:44] Successfully opened dynamic library libcurand.so.10.0
2022-11-02 01:50:27.004305: I tensorflow/stream_executor/platform/default/dso_loader.cc:44] Successfully opened dynamic library libcusolver.so.10.0
2022-11-02 01:50:27.020397: I tensorflow/stream_executor/platform/default/dso_loader.cc:44] Successfully opened dynamic library libcusparse.so.10.0
2022-11-02 01:50:27.063051: I tensorflow/stream_executor/platform/default/dso_loader.cc:44] Successfully opened dynamic library libcudnn.so.7
2022-11-02 01:50:27.063589: I tensorflow/core/common_runtime/gpu/gpu_device.cc:1746] Adding visible gpu devices: 0
2022-11-02 01:50:27.064059: I tensorflow/core/platform/cpu_feature_guard.cc:142] Your CPU supports instructions that this TensorFlow binary was not compiled to use: SSE4.1 SSE4.2 AVX AVX2 AVX512F FMA
2022-11-02 01:50:27.074676: I tensorflow/core/platform/profile_utils/cpu_utils.cc:94] CPU Frequency: 2400000000 Hz
2022-11-02 01:50:27.074823: I tensorflow/compiler/xla/service/service.cc:168] XLA service 0x555effffaa80 initialized for platform Host (this does not guarantee that XLA will be used). Devices:
2022-11-02 01:50:27.074872: I tensorflow/compiler/xla/service/service.cc:176]   StreamExecutor device (0): Host, Default Version
2022-11-02 01:50:27.189750: I tensorflow/compiler/xla/service/service.cc:168] XLA service 0x555effffc5d0 initialized for platform CUDA (this does not guarantee that XLA will be used). Devices:
2022-11-02 01:50:27.189878: I tensorflow/compiler/xla/service/service.cc:176]   StreamExecutor device (0): Tesla V100-PCIE-16GB, Compute Capability 7.0
2022-11-02 01:50:27.190238: I tensorflow/core/common_runtime/gpu/gpu_device.cc:1618] Found device 0 with properties: 
name: Tesla V100-PCIE-16GB major: 7 minor: 0 memoryClockRate(GHz): 1.38
pciBusID: 0000:3b:00.0
2022-11-02 01:50:27.190335: I tensorflow/stream_executor/platform/default/dso_loader.cc:44] Successfully opened dynamic library libcudart.so.10.0
2022-11-02 01:50:27.190377: I tensorflow/stream_executor/platform/default/dso_loader.cc:44] Successfully opened dynamic library libcublas.so.10.0
2022-11-02 01:50:27.190414: I tensorflow/stream_executor/platform/default/dso_loader.cc:44] Successfully opened dynamic library libcufft.so.10.0
2022-11-02 01:50:27.190449: I tensorflow/stream_executor/platform/default/dso_loader.cc:44] Successfully opened dynamic library libcurand.so.10.0
2022-11-02 01:50:27.190495: I tensorflow/stream_executor/platform/default/dso_loader.cc:44] Successfully opened dynamic library libcusolver.so.10.0
2022-11-02 01:50:27.190529: I tensorflow/stream_executor/platform/default/dso_loader.cc:44] Successfully opened dynamic library libcusparse.so.10.0
2022-11-02 01:50:27.190563: I tensorflow/stream_executor/platform/default/dso_loader.cc:44] Successfully opened dynamic library libcudnn.so.7
2022-11-02 01:50:27.190896: I tensorflow/core/common_runtime/gpu/gpu_device.cc:1746] Adding visible gpu devices: 0
2022-11-02 01:50:27.191817: I tensorflow/stream_executor/platform/default/dso_loader.cc:44] Successfully opened dynamic library libcudart.so.10.0
2022-11-02 01:50:27.192387: I tensorflow/core/common_runtime/gpu/gpu_device.cc:1159] Device interconnect StreamExecutor with strength 1 edge matrix:
2022-11-02 01:50:27.192443: I tensorflow/core/common_runtime/gpu/gpu_device.cc:1165]      0 
2022-11-02 01:50:27.192482: I tensorflow/core/common_runtime/gpu/gpu_device.cc:1178] 0:   N 
2022-11-02 01:50:27.192891: W tensorflow/core/common_runtime/gpu/gpu_bfc_allocator.cc:39] Overriding allow_growth setting because the TF_FORCE_GPU_ALLOW_GROWTH environment variable is set. Original config value was 0.
2022-11-02 01:50:27.192969: I tensorflow/core/common_runtime/gpu/gpu_device.cc:1304] Created TensorFlow device (/job:localhost/replica:0/task:0/device:GPU:0 with 15061 MB memory) -> physical GPU (device: 0, name: Tesla V100-PCIE-16GB, pci bus id: 0000:3b:00.0, compute capability: 7.0)
WARNING:tensorflow:
The TensorFlow contrib module will not be included in TensorFlow 2.0.
For more information, please see:
  * https://github.com/tensorflow/community/blob/master/rfcs/20180907-contrib-sunset.md
  * https://github.com/tensorflow/addons
  * https://github.com/tensorflow/io (for I/O related ops)
If you depend on functionality not listed there, please file an issue.

2022-11-02 01:50:33.604500: I tensorflow/stream_executor/platform/default/dso_loader.cc:44] Successfully opened dynamic library libcublas.so.10.0
WARNING:tensorflow:From /users/PAS0027/xiong336/project/nerf/nerf-tf/run_nerf_helpers.py:209: where (from tensorflow.python.ops.array_ops) is deprecated and will be removed in a future version.
Instructions for updating:
Use tf.where in 2.0, which has the same broadcast rule as np.where
WARNING:tensorflow:From /users/PAS0027/xiong336/project/nerf/nerf-tf/run_nerf_helpers.py:14: The name tf.log is deprecated. Please use tf.math.log instead.

hwf: [500, 500, 1866.0254037844388] near far: 2.7369158 9.428282
MODEL 63 27 <class 'int'> <class 'int'> True
(?, 90) (?, 63) (?, 27)
MODEL 63 27 <class 'int'> <class 'int'> True
(?, 90) (?, 63) (?, 27)
Not ndc!
Found ckpts ['./log/nyx500-200-coldhot/model_000000.npy', './log/nyx500-200-coldhot/model_000010.npy']
Reloading from ./log/nyx500-200-coldhot/model_000010.npy
Resetting step to 11
Reloading fine from ./log/nyx500-200-coldhot/model_fine_000010.npy
Begin
TRAIN views are [115  69 170 174  45  66 182 165  78 186 177  56 152  82  68 124  16 148
  93  65  60  84  67 125 132   9  18  55  75 150 104 135 137 164  76  79
 197  38  24 122 195  29  19 143  86 114 173   5 126 117  73 140  98 172
  96 169  97  31  12  35 119  42 189  90 136  51 127 162  41 118 113  26
 139 100 111   2  77  46 187 191  85 161  36 190  61  22 141 101  33  11
 194 159   6  27 120   4  32 142 145 109 144  10  62 112 146 166   0 198
 153  70 123  64  44 163  28  40 108 155 156  25  23 184 147  81  39 168
  47  94 154  43 138   3 105  53 133 180 178 185  49  80  34   7 110  91
  83 176 181  89   8  13  59 171 131  17  72 175 134 167 183  63  54 107
  50 196  58  48  88  21  57 160 192 129  37 157 193   1  52 149 130 151
 103  99 116  87  74 121 199  20 188  71 106  14  92 179 102]
TEST views are [ 95  15  30 158 128]
VAL views are [ 95  15  30 158 128]
[TRAIN] Iter: 500 Loss: 0.005671224556863308  PSNR: 25.702083587646484  Global Step: 500  Time 0.60513
[TRAIN] Iter: 1000 Loss: 0.005996589548885822  PSNR: 25.56136131286621  Global Step: 1000  Time 0.60910
[TRAIN] Iter: 1500 Loss: 0.005668404512107372  PSNR: 25.63991355895996  Global Step: 1500  Time 0.61098
[TRAIN] Iter: 2000 Loss: 0.003783157793805003  PSNR: 27.295259475708008  Global Step: 2000  Time 0.60676
[TRAIN] Iter: 2500 Loss: 0.002692966489121318  PSNR: 29.005159378051758  Global Step: 2500  Time 0.60889
[TRAIN] Iter: 3000 Loss: 0.0036909745540469885  PSNR: 27.61301040649414  Global Step: 3000  Time 0.60562
[TRAIN] Iter: 3500 Loss: 0.004631940275430679  PSNR: 26.630043029785156  Global Step: 3500  Time 0.60564
[TRAIN] Iter: 4000 Loss: 0.003539417404681444  PSNR: 27.828845977783203  Global Step: 4000  Time 0.60389
[TRAIN] Iter: 4500 Loss: 0.004168713465332985  PSNR: 27.368072509765625  Global Step: 4500  Time 0.60391
[TRAIN] Iter: 5000 Loss: 0.0033117353450506926  PSNR: 28.364065170288086  Global Step: 5000  Time 0.60839
[TRAIN] Iter: 5500 Loss: 0.0037680661771446466  PSNR: 27.80610466003418  Global Step: 5500  Time 0.60703
[TRAIN] Iter: 6000 Loss: 0.003050644416362047  PSNR: 28.653942108154297  Global Step: 6000  Time 0.60183
[TRAIN] Iter: 6500 Loss: 0.003339824266731739  PSNR: 28.58197593688965  Global Step: 6500  Time 0.60930
[TRAIN] Iter: 7000 Loss: 0.0030943905003368855  PSNR: 28.845937728881836  Global Step: 7000  Time 0.60425
[TRAIN] Iter: 7500 Loss: 0.0032227379269897938  PSNR: 28.549278259277344  Global Step: 7500  Time 0.55080
[TRAIN] Iter: 8000 Loss: 0.002932620234787464  PSNR: 29.18620491027832  Global Step: 8000  Time 0.60507
[TRAIN] Iter: 8500 Loss: 0.00225284812040627  PSNR: 30.379732131958008  Global Step: 8500  Time 0.60629
[TRAIN] Iter: 9000 Loss: 0.002312901895493269  PSNR: 30.370742797851562  Global Step: 9000  Time 0.60463
[TRAIN] Iter: 9500 Loss: 0.0024590115062892437  PSNR: 29.82887840270996  Global Step: 9500  Time 0.60323
saved weights at ./log/nyx500-200-coldhot/model_010000.npy
saved weights at ./log/nyx500-200-coldhot/model_fine_010000.npy
saved weights at ./log/nyx500-200-coldhot/optimizer_010000.npy
test poses shape (5, 4, 4)
render time img 0: 6.198883056640625e-06  RGB and Disp Map Shape: (500, 500, 3) (500, 500)
  test img 0 PSNR: 29.440438747406006
render time img 1: 12.37022066116333  test img 1 PSNR: 29.689342975616455
render time img 2: 12.263034582138062  test img 2 PSNR: 29.621291160583496
render time img 3: 12.388826608657837  test img 3 PSNR: 30.2370023727417
render time img 4: 12.361459970474243  test img 4 PSNR: 29.738953113555908
Saved test set
[TRAIN] Iter: 10000 Loss: 0.0027417964302003384  PSNR: 29.204147338867188  Global Step: 10000  Time 0.60656
[TRAIN] Iter: 10500 Loss: 0.0032599675469100475  PSNR: 28.75147247314453  Global Step: 10500  Time 0.60293
[TRAIN] Iter: 11000 Loss: 0.002875272184610367  PSNR: 29.112407684326172  Global Step: 11000  Time 0.60715
[TRAIN] Iter: 11500 Loss: 0.0035651731304824352  PSNR: 28.435089111328125  Global Step: 11500  Time 0.60672
[TRAIN] Iter: 12000 Loss: 0.002698855474591255  PSNR: 29.35386848449707  Global Step: 12000  Time 0.60345
[TRAIN] Iter: 12500 Loss: 0.003877746406942606  PSNR: 28.4412841796875  Global Step: 12500  Time 0.60361
[TRAIN] Iter: 13000 Loss: 0.0033627445809543133  PSNR: 28.838760375976562  Global Step: 13000  Time 0.60415
[TRAIN] Iter: 13500 Loss: 0.002419772557914257  PSNR: 30.336851119995117  Global Step: 13500  Time 0.60688
[TRAIN] Iter: 14000 Loss: 0.001660095527768135  PSNR: 31.92166519165039  Global Step: 14000  Time 0.60052
[TRAIN] Iter: 14500 Loss: 0.0017728584352880716  PSNR: 31.85962677001953  Global Step: 14500  Time 0.60027
[TRAIN] Iter: 15000 Loss: 0.0027992057148367167  PSNR: 29.77180290222168  Global Step: 15000  Time 0.60864
[TRAIN] Iter: 15500 Loss: 0.002014555037021637  PSNR: 30.85649871826172  Global Step: 15500  Time 0.60764
[TRAIN] Iter: 16000 Loss: 0.002950600814074278  PSNR: 29.12942886352539  Global Step: 16000  Time 0.60658
[TRAIN] Iter: 16500 Loss: 0.0018343024421483278  PSNR: 31.426992416381836  Global Step: 16500  Time 0.60694
[TRAIN] Iter: 17000 Loss: 0.0013869705144315958  PSNR: 32.72440719604492  Global Step: 17000  Time 0.60267
[TRAIN] Iter: 17500 Loss: 0.0020827925764024258  PSNR: 30.973838806152344  Global Step: 17500  Time 0.60370
[TRAIN] Iter: 18000 Loss: 0.0021154237911105156  PSNR: 30.63874053955078  Global Step: 18000  Time 0.60067
[TRAIN] Iter: 18500 Loss: 0.0029145884327590466  PSNR: 29.06291961669922  Global Step: 18500  Time 0.60783
[TRAIN] Iter: 19000 Loss: 0.004004012793302536  PSNR: 28.162260055541992  Global Step: 19000  Time 0.59431
[TRAIN] Iter: 19500 Loss: 0.0014342833310365677  PSNR: 31.85866928100586  Global Step: 19500  Time 0.60379
saved weights at ./log/nyx500-200-coldhot/model_020000.npy
saved weights at ./log/nyx500-200-coldhot/model_fine_020000.npy
saved weights at ./log/nyx500-200-coldhot/optimizer_020000.npy
test poses shape (5, 4, 4)
render time img 0: 5.9604644775390625e-06  RGB and Disp Map Shape: (500, 500, 3) (500, 500)
  test img 0 PSNR: 30.203633308410645
render time img 1: 12.362487077713013  test img 1 PSNR: 29.93952512741089
render time img 2: 12.295990943908691  test img 2 PSNR: 30.81702947616577
render time img 3: 12.374078273773193  test img 3 PSNR: 31.35471820831299
render time img 4: 12.351900577545166  test img 4 PSNR: 30.263288021087646
Saved test set
[TRAIN] Iter: 20000 Loss: 0.0023217631969600916  PSNR: 30.825620651245117  Global Step: 20000  Time 0.60135
[TRAIN] Iter: 20500 Loss: 0.0029035652987658978  PSNR: 29.37392807006836  Global Step: 20500  Time 0.60514
[TRAIN] Iter: 21000 Loss: 0.0032683932222425938  PSNR: 29.125612258911133  Global Step: 21000  Time 0.54007
[TRAIN] Iter: 21500 Loss: 0.0028965198434889317  PSNR: 29.715381622314453  Global Step: 21500  Time 0.60462
[TRAIN] Iter: 22000 Loss: 0.001710750162601471  PSNR: 31.744394302368164  Global Step: 22000  Time 0.60189
[TRAIN] Iter: 22500 Loss: 0.00250760349445045  PSNR: 29.742040634155273  Global Step: 22500  Time 0.60464
[TRAIN] Iter: 23000 Loss: 0.002876576501876116  PSNR: 29.15473747253418  Global Step: 23000  Time 0.60346
[TRAIN] Iter: 23500 Loss: 0.0014639475848525763  PSNR: 32.5682373046875  Global Step: 23500  Time 0.60914
[TRAIN] Iter: 24000 Loss: 0.002184388693422079  PSNR: 30.52482032775879  Global Step: 24000  Time 0.60798
[TRAIN] Iter: 24500 Loss: 0.0018118579173460603  PSNR: 31.33955955505371  Global Step: 24500  Time 0.60359
[TRAIN] Iter: 25000 Loss: 0.0025173428002744913  PSNR: 30.185317993164062  Global Step: 25000  Time 0.60443
[TRAIN] Iter: 25500 Loss: 0.002747165970504284  PSNR: 30.193134307861328  Global Step: 25500  Time 0.60334
[TRAIN] Iter: 26000 Loss: 0.002098772907629609  PSNR: 30.706649780273438  Global Step: 26000  Time 0.60351
[TRAIN] Iter: 26500 Loss: 0.0019882619380950928  PSNR: 30.993099212646484  Global Step: 26500  Time 0.60377
[TRAIN] Iter: 27000 Loss: 0.0030393823981285095  PSNR: 29.02757453918457  Global Step: 27000  Time 0.60576
[TRAIN] Iter: 27500 Loss: 0.002905468922108412  PSNR: 29.702741622924805  Global Step: 27500  Time 0.58852
[TRAIN] Iter: 28000 Loss: 0.002811439335346222  PSNR: 29.842050552368164  Global Step: 28000  Time 0.60673
[TRAIN] Iter: 28500 Loss: 0.002544588875025511  PSNR: 30.30512809753418  Global Step: 28500  Time 0.60534
[TRAIN] Iter: 29000 Loss: 0.0019939634948968887  PSNR: 31.10525131225586  Global Step: 29000  Time 0.60715
[TRAIN] Iter: 29500 Loss: 0.0020314150024205446  PSNR: 30.87660026550293  Global Step: 29500  Time 0.60347
saved weights at ./log/nyx500-200-coldhot/model_030000.npy
saved weights at ./log/nyx500-200-coldhot/model_fine_030000.npy
saved weights at ./log/nyx500-200-coldhot/optimizer_030000.npy
test poses shape (5, 4, 4)
render time img 0: 5.7220458984375e-06  RGB and Disp Map Shape: (500, 500, 3) (500, 500)
  test img 0 PSNR: 31.092100143432617
render time img 1: 12.2321035861969  test img 1 PSNR: 30.772252082824707
render time img 2: 12.3005051612854  test img 2 PSNR: 31.618566513061523
render time img 3: 12.347205400466919  test img 3 PSNR: 32.08413362503052
render time img 4: 12.306371450424194  test img 4 PSNR: 30.940935611724854
Saved test set
[TRAIN] Iter: 30000 Loss: 0.001948819262906909  PSNR: 31.61520767211914  Global Step: 30000  Time 0.60645
[TRAIN] Iter: 30500 Loss: 0.0016362166497856379  PSNR: 32.467681884765625  Global Step: 30500  Time 0.60265
[TRAIN] Iter: 31000 Loss: 0.00240902416408062  PSNR: 30.641027450561523  Global Step: 31000  Time 0.60695
[TRAIN] Iter: 31500 Loss: 0.002839186694473028  PSNR: 29.636293411254883  Global Step: 31500  Time 0.60880
[TRAIN] Iter: 32000 Loss: 0.001835158560425043  PSNR: 31.513734817504883  Global Step: 32000  Time 0.60243
[TRAIN] Iter: 32500 Loss: 0.0031274082139134407  PSNR: 29.29893684387207  Global Step: 32500  Time 0.60785
[TRAIN] Iter: 33000 Loss: 0.0028074299916625023  PSNR: 29.62938117980957  Global Step: 33000  Time 0.60739
[TRAIN] Iter: 33500 Loss: 0.0027103859465569258  PSNR: 30.148338317871094  Global Step: 33500  Time 0.60762
[TRAIN] Iter: 34000 Loss: 0.0015785354189574718  PSNR: 32.069610595703125  Global Step: 34000  Time 0.60634
[TRAIN] Iter: 34500 Loss: 0.0015833983197808266  PSNR: 32.72665786743164  Global Step: 34500  Time 0.60231
[TRAIN] Iter: 35000 Loss: 0.002193699823692441  PSNR: 30.778486251831055  Global Step: 35000  Time 0.57391
[TRAIN] Iter: 35500 Loss: 0.0020862300880253315  PSNR: 31.260295867919922  Global Step: 35500  Time 0.60547
[TRAIN] Iter: 36000 Loss: 0.0022325338795781136  PSNR: 30.402889251708984  Global Step: 36000  Time 0.60482
[TRAIN] Iter: 36500 Loss: 0.0019478104077279568  PSNR: 31.52933692932129  Global Step: 36500  Time 0.60300
[TRAIN] Iter: 37000 Loss: 0.002312756609171629  PSNR: 31.029708862304688  Global Step: 37000  Time 0.60267
[TRAIN] Iter: 37500 Loss: 0.0019345827167853713  PSNR: 31.102073669433594  Global Step: 37500  Time 0.60671
[TRAIN] Iter: 38000 Loss: 0.0022562784142792225  PSNR: 30.89368438720703  Global Step: 38000  Time 0.60566
[TRAIN] Iter: 38500 Loss: 0.0018219773191958666  PSNR: 32.15165710449219  Global Step: 38500  Time 0.60451
[TRAIN] Iter: 39000 Loss: 0.002532732207328081  PSNR: 30.504348754882812  Global Step: 39000  Time 0.60538
[TRAIN] Iter: 39500 Loss: 0.0017935351934283972  PSNR: 32.63098907470703  Global Step: 39500  Time 0.60107
saved weights at ./log/nyx500-200-coldhot/model_040000.npy
saved weights at ./log/nyx500-200-coldhot/model_fine_040000.npy
saved weights at ./log/nyx500-200-coldhot/optimizer_040000.npy
test poses shape (5, 4, 4)
render time img 0: 5.9604644775390625e-06  RGB and Disp Map Shape: (500, 500, 3) (500, 500)
  test img 0 PSNR: 31.54114007949829
render time img 1: 12.368846893310547  test img 1 PSNR: 31.18372917175293
render time img 2: 12.264145612716675  test img 2 PSNR: 32.05087900161743
render time img 3: 12.326131820678711  test img 3 PSNR: 32.82984256744385
render time img 4: 12.301555633544922  test img 4 PSNR: 31.59092903137207
Saved test set
[TRAIN] Iter: 40000 Loss: 0.001294793444685638  PSNR: 33.276763916015625  Global Step: 40000  Time 0.60178
[TRAIN] Iter: 40500 Loss: 0.0030433768406510353  PSNR: 29.415037155151367  Global Step: 40500  Time 0.60769
[TRAIN] Iter: 41000 Loss: 0.0019241624977439642  PSNR: 31.920658111572266  Global Step: 41000  Time 0.60828
[TRAIN] Iter: 41500 Loss: 0.0017550485208630562  PSNR: 31.969423294067383  Global Step: 41500  Time 0.60706
[TRAIN] Iter: 42000 Loss: 0.0021098507568240166  PSNR: 31.0200138092041  Global Step: 42000  Time 0.59989
[TRAIN] Iter: 42500 Loss: 0.0015351816546171904  PSNR: 32.43755340576172  Global Step: 42500  Time 0.60460
[TRAIN] Iter: 43000 Loss: 0.0013779762666672468  PSNR: 32.27863693237305  Global Step: 43000  Time 0.59081
[TRAIN] Iter: 43500 Loss: 0.002179951872676611  PSNR: 31.047489166259766  Global Step: 43500  Time 0.60256
[TRAIN] Iter: 44000 Loss: 0.0020487443543970585  PSNR: 31.47740936279297  Global Step: 44000  Time 0.60815
[TRAIN] Iter: 44500 Loss: 0.0021645037923008204  PSNR: 31.06113624572754  Global Step: 44500  Time 0.60599
[TRAIN] Iter: 45000 Loss: 0.0023584184236824512  PSNR: 30.11267852783203  Global Step: 45000  Time 0.60832
[TRAIN] Iter: 45500 Loss: 0.0021685571409761906  PSNR: 30.81952667236328  Global Step: 45500  Time 0.60482
[TRAIN] Iter: 46000 Loss: 0.0015839970437809825  PSNR: 32.13552474975586  Global Step: 46000  Time 0.60743
[TRAIN] Iter: 46500 Loss: 0.0016879746690392494  PSNR: 32.978271484375  Global Step: 46500  Time 0.60412
[TRAIN] Iter: 47000 Loss: 0.0021261274814605713  PSNR: 31.53301239013672  Global Step: 47000  Time 0.60043
[TRAIN] Iter: 47500 Loss: 0.0019324577879160643  PSNR: 31.591552734375  Global Step: 47500  Time 0.60037
[TRAIN] Iter: 48000 Loss: 0.0014019547961652279  PSNR: 33.010231018066406  Global Step: 48000  Time 0.60834
[TRAIN] Iter: 48500 Loss: 0.001815725234337151  PSNR: 32.50905227661133  Global Step: 48500  Time 0.60528
[TRAIN] Iter: 49000 Loss: 0.0016336828703060746  PSNR: 32.18215560913086  Global Step: 49000  Time 0.60200
[TRAIN] Iter: 49500 Loss: 0.00252513331361115  PSNR: 30.316720962524414  Global Step: 49500  Time 0.60284
saved weights at ./log/nyx500-200-coldhot/model_050000.npy
saved weights at ./log/nyx500-200-coldhot/model_fine_050000.npy
saved weights at ./log/nyx500-200-coldhot/optimizer_050000.npy
test poses shape (5, 4, 4)
render time img 0: 6.4373016357421875e-06  RGB and Disp Map Shape: (500, 500, 3) (500, 500)
  test img 0 PSNR: 31.96340799331665
render time img 1: 12.337321996688843  test img 1 PSNR: 31.41529083251953
render time img 2: 12.160667419433594  test img 2 PSNR: 32.65478849411011
render time img 3: 12.272490501403809  test img 3 PSNR: 33.273303508758545
render time img 4: 12.279420375823975  test img 4 PSNR: 31.63341522216797
Saved test set
[TRAIN] Iter: 50000 Loss: 0.0017944015562534332  PSNR: 31.977697372436523  Global Step: 50000  Time 0.60840
[TRAIN] Iter: 50500 Loss: 0.0021499739959836006  PSNR: 30.86180305480957  Global Step: 50500  Time 0.60433
[TRAIN] Iter: 51000 Loss: 0.0016908450052142143  PSNR: 32.410194396972656  Global Step: 51000  Time 0.60690
[TRAIN] Iter: 51500 Loss: 0.0025080363266170025  PSNR: 30.03653335571289  Global Step: 51500  Time 0.60640
[TRAIN] Iter: 52000 Loss: 0.0016443824861198664  PSNR: 32.5079231262207  Global Step: 52000  Time 0.60251
[TRAIN] Iter: 52500 Loss: 0.0020119426771998405  PSNR: 30.991304397583008  Global Step: 52500  Time 0.60573
[TRAIN] Iter: 53000 Loss: 0.00245757307857275  PSNR: 30.56407928466797  Global Step: 53000  Time 0.60323
[TRAIN] Iter: 53500 Loss: 0.001261973287910223  PSNR: 33.117610931396484  Global Step: 53500  Time 0.60571
[TRAIN] Iter: 54000 Loss: 0.0016604939009994268  PSNR: 32.7248649597168  Global Step: 54000  Time 0.60469
[TRAIN] Iter: 54500 Loss: 0.002682178746908903  PSNR: 30.39360809326172  Global Step: 54500  Time 0.60489
[TRAIN] Iter: 55000 Loss: 0.002266672672703862  PSNR: 30.925750732421875  Global Step: 55000  Time 0.60658
[TRAIN] Iter: 55500 Loss: 0.001368438359349966  PSNR: 33.070858001708984  Global Step: 55500  Time 0.60624
[TRAIN] Iter: 56000 Loss: 0.0015594079159200191  PSNR: 32.63493728637695  Global Step: 56000  Time 0.60542
[TRAIN] Iter: 56500 Loss: 0.0012353297788649797  PSNR: 34.03694152832031  Global Step: 56500  Time 0.60750
[TRAIN] Iter: 57000 Loss: 0.002447685692459345  PSNR: 30.951801300048828  Global Step: 57000  Time 0.60404
[TRAIN] Iter: 57500 Loss: 0.001327804522588849  PSNR: 33.17709732055664  Global Step: 57500  Time 0.60265
[TRAIN] Iter: 58000 Loss: 0.002178455702960491  PSNR: 31.51119041442871  Global Step: 58000  Time 0.60724
[TRAIN] Iter: 58500 Loss: 0.0015370305627584457  PSNR: 32.585594177246094  Global Step: 58500  Time 0.60873
[TRAIN] Iter: 59000 Loss: 0.0012285260017961264  PSNR: 34.08914566040039  Global Step: 59000  Time 0.60634
[TRAIN] Iter: 59500 Loss: 0.001651860773563385  PSNR: 31.963760375976562  Global Step: 59500  Time 0.60566
saved weights at ./log/nyx500-200-coldhot/model_060000.npy
saved weights at ./log/nyx500-200-coldhot/model_fine_060000.npy
saved weights at ./log/nyx500-200-coldhot/optimizer_060000.npy
test poses shape (5, 4, 4)
render time img 0: 6.67572021484375e-06  RGB and Disp Map Shape: (500, 500, 3) (500, 500)
  test img 0 PSNR: 31.97282314300537
render time img 1: 12.336422204971313  test img 1 PSNR: 31.26394033432007
render time img 2: 12.264074563980103  test img 2 PSNR: 32.598204612731934
render time img 3: 12.237772941589355  test img 3 PSNR: 33.35184097290039
render time img 4: 12.28121018409729  test img 4 PSNR: 31.78738832473755
Saved test set
[TRAIN] Iter: 60000 Loss: 0.001853204914368689  PSNR: 31.681577682495117  Global Step: 60000  Time 0.60335
[TRAIN] Iter: 60500 Loss: 0.002074014861136675  PSNR: 31.978240966796875  Global Step: 60500  Time 0.60669
[TRAIN] Iter: 61000 Loss: 0.0015801738481968641  PSNR: 32.279022216796875  Global Step: 61000  Time 0.60521
[TRAIN] Iter: 61500 Loss: 0.0016991483280435205  PSNR: 32.40717315673828  Global Step: 61500  Time 0.60656
[TRAIN] Iter: 62000 Loss: 0.002370008733123541  PSNR: 30.641185760498047  Global Step: 62000  Time 0.60524
[TRAIN] Iter: 62500 Loss: 0.0014279449824243784  PSNR: 32.48130798339844  Global Step: 62500  Time 0.60480
[TRAIN] Iter: 63000 Loss: 0.0022383646573871374  PSNR: 31.2653751373291  Global Step: 63000  Time 0.60551
[TRAIN] Iter: 63500 Loss: 0.0022931476123631  PSNR: 30.905729293823242  Global Step: 63500  Time 0.60137
[TRAIN] Iter: 64000 Loss: 0.0015515261329710484  PSNR: 32.629173278808594  Global Step: 64000  Time 0.60792
[TRAIN] Iter: 64500 Loss: 0.0017464299453422427  PSNR: 32.78820037841797  Global Step: 64500  Time 0.60253
[TRAIN] Iter: 65000 Loss: 0.001904176315292716  PSNR: 31.819704055786133  Global Step: 65000  Time 0.60643
[TRAIN] Iter: 65500 Loss: 0.00212603947147727  PSNR: 31.303443908691406  Global Step: 65500  Time 0.60428
[TRAIN] Iter: 66000 Loss: 0.0024998134467750788  PSNR: 30.967851638793945  Global Step: 66000  Time 0.60011
[TRAIN] Iter: 66500 Loss: 0.0018881579162552953  PSNR: 31.633527755737305  Global Step: 66500  Time 0.60424
[TRAIN] Iter: 67000 Loss: 0.0018251256551593542  PSNR: 32.159603118896484  Global Step: 67000  Time 0.60059
[TRAIN] Iter: 67500 Loss: 0.001023273216560483  PSNR: 34.11064910888672  Global Step: 67500  Time 0.60373
[TRAIN] Iter: 68000 Loss: 0.0012955054407939315  PSNR: 33.65608596801758  Global Step: 68000  Time 0.60508
[TRAIN] Iter: 68500 Loss: 0.0021307673305273056  PSNR: 30.96231460571289  Global Step: 68500  Time 0.54201
[TRAIN] Iter: 69000 Loss: 0.0016896966844797134  PSNR: 31.814306259155273  Global Step: 69000  Time 0.54219
[TRAIN] Iter: 69500 Loss: 0.0024701242800801992  PSNR: 30.7606143951416  Global Step: 69500  Time 0.60509
saved weights at ./log/nyx500-200-coldhot/model_070000.npy
saved weights at ./log/nyx500-200-coldhot/model_fine_070000.npy
saved weights at ./log/nyx500-200-coldhot/optimizer_070000.npy
test poses shape (5, 4, 4)
render time img 0: 5.7220458984375e-06  RGB and Disp Map Shape: (500, 500, 3) (500, 500)
  test img 0 PSNR: 32.029149532318115
render time img 1: 12.188680648803711  test img 1 PSNR: 31.385903358459473
render time img 2: 12.27487063407898  test img 2 PSNR: 33.25685501098633
render time img 3: 12.303005695343018  test img 3 PSNR: 33.79131317138672
render time img 4: 12.295878171920776  test img 4 PSNR: 32.05381155014038
Saved test set
[TRAIN] Iter: 70000 Loss: 0.0010954758618026972  PSNR: 34.33959197998047  Global Step: 70000  Time 0.59710
[TRAIN] Iter: 70500 Loss: 0.002326078014448285  PSNR: 31.342500686645508  Global Step: 70500  Time 0.60534
[TRAIN] Iter: 71000 Loss: 0.0022467097733169794  PSNR: 31.72519302368164  Global Step: 71000  Time 0.60730
[TRAIN] Iter: 71500 Loss: 0.0010261007118970156  PSNR: 34.35346603393555  Global Step: 71500  Time 0.60471
[TRAIN] Iter: 72000 Loss: 0.0019682461861521006  PSNR: 32.3585090637207  Global Step: 72000  Time 0.58614
[TRAIN] Iter: 72500 Loss: 0.0018763910047709942  PSNR: 32.212242126464844  Global Step: 72500  Time 0.60057
[TRAIN] Iter: 73000 Loss: 0.00197706394828856  PSNR: 31.727705001831055  Global Step: 73000  Time 0.54803
[TRAIN] Iter: 73500 Loss: 0.002318211831152439  PSNR: 30.924549102783203  Global Step: 73500  Time 0.60447
[TRAIN] Iter: 74000 Loss: 0.0014377387706190348  PSNR: 33.26662063598633  Global Step: 74000  Time 0.59216
[TRAIN] Iter: 74500 Loss: 0.0021632423158735037  PSNR: 30.98153305053711  Global Step: 74500  Time 0.60666
[TRAIN] Iter: 75000 Loss: 0.0011877373326569796  PSNR: 34.0556526184082  Global Step: 75000  Time 0.60614
[TRAIN] Iter: 75500 Loss: 0.0017468264559283853  PSNR: 32.46034622192383  Global Step: 75500  Time 0.60893
[TRAIN] Iter: 76000 Loss: 0.002018420724198222  PSNR: 31.46817970275879  Global Step: 76000  Time 0.60483
[TRAIN] Iter: 76500 Loss: 0.001088318065740168  PSNR: 33.9152946472168  Global Step: 76500  Time 0.60035
[TRAIN] Iter: 77000 Loss: 0.002026318572461605  PSNR: 31.739145278930664  Global Step: 77000  Time 0.60873
[TRAIN] Iter: 77500 Loss: 0.002018313854932785  PSNR: 32.09306335449219  Global Step: 77500  Time 0.54120
[TRAIN] Iter: 78000 Loss: 0.0017318078316748142  PSNR: 32.393306732177734  Global Step: 78000  Time 0.60609
[TRAIN] Iter: 78500 Loss: 0.0015387714374810457  PSNR: 32.47877502441406  Global Step: 78500  Time 0.60291
[TRAIN] Iter: 79000 Loss: 0.0013516913168132305  PSNR: 33.46706008911133  Global Step: 79000  Time 0.60287
[TRAIN] Iter: 79500 Loss: 0.0012902111047878861  PSNR: 33.60078048706055  Global Step: 79500  Time 0.60606
saved weights at ./log/nyx500-200-coldhot/model_080000.npy
saved weights at ./log/nyx500-200-coldhot/model_fine_080000.npy
saved weights at ./log/nyx500-200-coldhot/optimizer_080000.npy
test poses shape (5, 4, 4)
render time img 0: 5.9604644775390625e-06  RGB and Disp Map Shape: (500, 500, 3) (500, 500)
  test img 0 PSNR: 32.42085933685303
render time img 1: 12.19212007522583  test img 1 PSNR: 31.620142459869385
render time img 2: 12.284348726272583  test img 2 PSNR: 33.35874557495117
render time img 3: 12.319549083709717  test img 3 PSNR: 34.091551303863525
render time img 4: 12.270764350891113  test img 4 PSNR: 32.05016613006592
Saved test set
[TRAIN] Iter: 80000 Loss: 0.0019121122313663363  PSNR: 31.612749099731445  Global Step: 80000  Time 0.60161
[TRAIN] Iter: 80500 Loss: 0.0017140530981123447  PSNR: 32.53812789916992  Global Step: 80500  Time 0.60437
[TRAIN] Iter: 81000 Loss: 0.0018147893715649843  PSNR: 31.750057220458984  Global Step: 81000  Time 0.60402
[TRAIN] Iter: 81500 Loss: 0.0016553124878555536  PSNR: 33.049842834472656  Global Step: 81500  Time 0.60346
[TRAIN] Iter: 82000 Loss: 0.0016968040727078915  PSNR: 32.032588958740234  Global Step: 82000  Time 0.60577
[TRAIN] Iter: 82500 Loss: 0.0014928968157619238  PSNR: 33.07527160644531  Global Step: 82500  Time 0.60744
[TRAIN] Iter: 83000 Loss: 0.001644493779167533  PSNR: 32.4100227355957  Global Step: 83000  Time 0.60680
[TRAIN] Iter: 83500 Loss: 0.002056285971775651  PSNR: 31.622726440429688  Global Step: 83500  Time 0.60555
[TRAIN] Iter: 84000 Loss: 0.002130296314135194  PSNR: 31.389137268066406  Global Step: 84000  Time 0.60349
[TRAIN] Iter: 84500 Loss: 0.0021670458372682333  PSNR: 31.486825942993164  Global Step: 84500  Time 0.60351
[TRAIN] Iter: 85000 Loss: 0.002202371833845973  PSNR: 32.02941131591797  Global Step: 85000  Time 0.60600
[TRAIN] Iter: 85500 Loss: 0.0012571151601150632  PSNR: 34.020347595214844  Global Step: 85500  Time 0.60173
[TRAIN] Iter: 86000 Loss: 0.0018482150044292212  PSNR: 32.60853576660156  Global Step: 86000  Time 0.60893
[TRAIN] Iter: 86500 Loss: 0.0016528712585568428  PSNR: 32.47209548950195  Global Step: 86500  Time 0.60911
[TRAIN] Iter: 87000 Loss: 0.0013341621961444616  PSNR: 34.03303527832031  Global Step: 87000  Time 0.60778
[TRAIN] Iter: 87500 Loss: 0.0011437517823651433  PSNR: 34.699806213378906  Global Step: 87500  Time 0.60225
[TRAIN] Iter: 88000 Loss: 0.001609802944585681  PSNR: 32.24733352661133  Global Step: 88000  Time 0.60705
[TRAIN] Iter: 88500 Loss: 0.001710295444354415  PSNR: 32.57025146484375  Global Step: 88500  Time 0.60362
[TRAIN] Iter: 89000 Loss: 0.0014878278598189354  PSNR: 32.709537506103516  Global Step: 89000  Time 0.60506
[TRAIN] Iter: 89500 Loss: 0.0013943137601017952  PSNR: 33.40909194946289  Global Step: 89500  Time 0.60428
saved weights at ./log/nyx500-200-coldhot/model_090000.npy
saved weights at ./log/nyx500-200-coldhot/model_fine_090000.npy
saved weights at ./log/nyx500-200-coldhot/optimizer_090000.npy
test poses shape (5, 4, 4)
render time img 0: 5.9604644775390625e-06  RGB and Disp Map Shape: (500, 500, 3) (500, 500)
  test img 0 PSNR: 32.30532646179199
render time img 1: 12.281675577163696  test img 1 PSNR: 31.597886085510254
render time img 2: 12.232484579086304  test img 2 PSNR: 33.409833908081055
render time img 3: 12.28081464767456  test img 3 PSNR: 33.97893190383911
render time img 4: 12.240638017654419  test img 4 PSNR: 32.36880302429199
Saved test set
[TRAIN] Iter: 90000 Loss: 0.0013076390605419874  PSNR: 33.28764343261719  Global Step: 90000  Time 0.60154
[TRAIN] Iter: 90500 Loss: 0.0018400049302726984  PSNR: 32.426177978515625  Global Step: 90500  Time 0.60786
[TRAIN] Iter: 91000 Loss: 0.0020951498299837112  PSNR: 31.629159927368164  Global Step: 91000  Time 0.60546
[TRAIN] Iter: 91500 Loss: 0.0018491081427782774  PSNR: 32.100914001464844  Global Step: 91500  Time 0.60264
[TRAIN] Iter: 92000 Loss: 0.002141885459423065  PSNR: 31.57744789123535  Global Step: 92000  Time 0.60264
[TRAIN] Iter: 92500 Loss: 0.0015363905113190413  PSNR: 32.96255874633789  Global Step: 92500  Time 0.60555
[TRAIN] Iter: 93000 Loss: 0.0014744201907888055  PSNR: 33.49354553222656  Global Step: 93000  Time 0.60767
[TRAIN] Iter: 93500 Loss: 0.0016741440631449223  PSNR: 32.84707260131836  Global Step: 93500  Time 0.60703
[TRAIN] Iter: 94000 Loss: 0.0020319828763604164  PSNR: 31.700077056884766  Global Step: 94000  Time 0.60792
[TRAIN] Iter: 94500 Loss: 0.0014838147908449173  PSNR: 33.00635528564453  Global Step: 94500  Time 0.60422
[TRAIN] Iter: 95000 Loss: 0.0014767941320315003  PSNR: 33.24224853515625  Global Step: 95000  Time 0.60481
[TRAIN] Iter: 95500 Loss: 0.0015313317999243736  PSNR: 33.342472076416016  Global Step: 95500  Time 0.59969
[TRAIN] Iter: 96000 Loss: 0.0014748165849596262  PSNR: 32.825653076171875  Global Step: 96000  Time 0.60529
[TRAIN] Iter: 96500 Loss: 0.0011867232387885451  PSNR: 33.68257141113281  Global Step: 96500  Time 0.60728
[TRAIN] Iter: 97000 Loss: 0.0015725260600447655  PSNR: 32.47743225097656  Global Step: 97000  Time 0.60079
[TRAIN] Iter: 97500 Loss: 0.0014472446637228131  PSNR: 33.227989196777344  Global Step: 97500  Time 0.60609
[TRAIN] Iter: 98000 Loss: 0.0016950215213000774  PSNR: 32.341644287109375  Global Step: 98000  Time 0.60354
[TRAIN] Iter: 98500 Loss: 0.0009207238326780498  PSNR: 35.23503875732422  Global Step: 98500  Time 0.60367
[TRAIN] Iter: 99000 Loss: 0.0012040139408782125  PSNR: 34.0984992980957  Global Step: 99000  Time 0.60467
[TRAIN] Iter: 99500 Loss: 0.0010844966163858771  PSNR: 34.727848052978516  Global Step: 99500  Time 0.60339
saved weights at ./log/nyx500-200-coldhot/model_100000.npy
saved weights at ./log/nyx500-200-coldhot/model_fine_100000.npy
saved weights at ./log/nyx500-200-coldhot/optimizer_100000.npy
test poses shape (5, 4, 4)
render time img 0: 7.152557373046875e-06  RGB and Disp Map Shape: (500, 500, 3) (500, 500)
  test img 0 PSNR: 32.661354541778564
render time img 1: 12.219806432723999  test img 1 PSNR: 31.81149959564209
render time img 2: 12.211060762405396  test img 2 PSNR: 33.530452251434326
render time img 3: 12.279390096664429  test img 3 PSNR: 34.4196891784668
render time img 4: 12.2448251247406  test img 4 PSNR: 32.4855899810791
Saved test set
[TRAIN] Iter: 100000 Loss: 0.0011990199564024806  PSNR: 34.224090576171875  Global Step: 100000  Time 0.59797
[TRAIN] Iter: 100500 Loss: 0.0014865222619846463  PSNR: 33.041255950927734  Global Step: 100500  Time 0.60732
[TRAIN] Iter: 101000 Loss: 0.0016615854110568762  PSNR: 31.852630615234375  Global Step: 101000  Time 0.60174
[TRAIN] Iter: 101500 Loss: 0.0010663199936971068  PSNR: 34.45168685913086  Global Step: 101500  Time 0.60324
[TRAIN] Iter: 102000 Loss: 0.0009287353605031967  PSNR: 35.24532699584961  Global Step: 102000  Time 0.60320
[TRAIN] Iter: 102500 Loss: 0.001893375301733613  PSNR: 31.857688903808594  Global Step: 102500  Time 0.60852
[TRAIN] Iter: 103000 Loss: 0.0012553941924124956  PSNR: 33.271385192871094  Global Step: 103000  Time 0.60295
[TRAIN] Iter: 103500 Loss: 0.0017220110166817904  PSNR: 32.88792419433594  Global Step: 103500  Time 0.60230
[TRAIN] Iter: 104000 Loss: 0.0009886902989819646  PSNR: 34.74396896362305  Global Step: 104000  Time 0.59343
[TRAIN] Iter: 104500 Loss: 0.0017764070071280003  PSNR: 32.464561462402344  Global Step: 104500  Time 0.60615
[TRAIN] Iter: 105000 Loss: 0.0010798872681334615  PSNR: 34.13254165649414  Global Step: 105000  Time 0.60311
[TRAIN] Iter: 105500 Loss: 0.001867506536655128  PSNR: 32.48805236816406  Global Step: 105500  Time 0.60082
[TRAIN] Iter: 106000 Loss: 0.0018455744720995426  PSNR: 32.81969451904297  Global Step: 106000  Time 0.60628
[TRAIN] Iter: 106500 Loss: 0.001854508649557829  PSNR: 32.22361755371094  Global Step: 106500  Time 0.60390
[TRAIN] Iter: 107000 Loss: 0.002444549696519971  PSNR: 31.246124267578125  Global Step: 107000  Time 0.60680
[TRAIN] Iter: 107500 Loss: 0.0013700082199648023  PSNR: 33.37551498413086  Global Step: 107500  Time 0.60648
[TRAIN] Iter: 108000 Loss: 0.0017437051283195615  PSNR: 31.92986488342285  Global Step: 108000  Time 0.59909
[TRAIN] Iter: 108500 Loss: 0.0014716687146574259  PSNR: 33.30915451049805  Global Step: 108500  Time 0.60563
[TRAIN] Iter: 109000 Loss: 0.001768585410900414  PSNR: 32.334476470947266  Global Step: 109000  Time 0.60380
[TRAIN] Iter: 109500 Loss: 0.0016071756836026907  PSNR: 32.45032501220703  Global Step: 109500  Time 0.60504
saved weights at ./log/nyx500-200-coldhot/model_110000.npy
saved weights at ./log/nyx500-200-coldhot/model_fine_110000.npy
saved weights at ./log/nyx500-200-coldhot/optimizer_110000.npy
test poses shape (5, 4, 4)
render time img 0: 5.9604644775390625e-06  RGB and Disp Map Shape: (500, 500, 3) (500, 500)
  test img 0 PSNR: 32.86542892456055
render time img 1: 12.299412250518799  test img 1 PSNR: 32.13118314743042
render time img 2: 12.188403367996216  test img 2 PSNR: 33.64391326904297
render time img 3: 12.273516178131104  test img 3 PSNR: 34.25468444824219
render time img 4: 12.210084676742554  test img 4 PSNR: 32.64791250228882
Saved test set
[TRAIN] Iter: 110000 Loss: 0.002436185022816062  PSNR: 31.22091293334961  Global Step: 110000  Time 0.60565
[TRAIN] Iter: 110500 Loss: 0.0010996368946507573  PSNR: 34.76089859008789  Global Step: 110500  Time 0.60028
[TRAIN] Iter: 111000 Loss: 0.001662936294451356  PSNR: 32.46987533569336  Global Step: 111000  Time 0.68759
[TRAIN] Iter: 111500 Loss: 0.001023741322569549  PSNR: 34.4876823425293  Global Step: 111500  Time 0.60698
[TRAIN] Iter: 112000 Loss: 0.0021165055222809315  PSNR: 31.685293197631836  Global Step: 112000  Time 0.60689
[TRAIN] Iter: 112500 Loss: 0.001884452998638153  PSNR: 32.13295364379883  Global Step: 112500  Time 0.60386
[TRAIN] Iter: 113000 Loss: 0.001746888505294919  PSNR: 32.24201583862305  Global Step: 113000  Time 0.60818
[TRAIN] Iter: 113500 Loss: 0.001311184954829514  PSNR: 33.931034088134766  Global Step: 113500  Time 0.60249
[TRAIN] Iter: 114000 Loss: 0.001719550578854978  PSNR: 32.61362075805664  Global Step: 114000  Time 0.60323
[TRAIN] Iter: 114500 Loss: 0.0017932504415512085  PSNR: 32.497318267822266  Global Step: 114500  Time 0.60587
[TRAIN] Iter: 115000 Loss: 0.0017417916096746922  PSNR: 31.762630462646484  Global Step: 115000  Time 0.60545
[TRAIN] Iter: 115500 Loss: 0.001647579949349165  PSNR: 32.93218231201172  Global Step: 115500  Time 0.60601
[TRAIN] Iter: 116000 Loss: 0.0017991643399000168  PSNR: 32.30131912231445  Global Step: 116000  Time 0.60251
[TRAIN] Iter: 116500 Loss: 0.0017500718822702765  PSNR: 32.68976974487305  Global Step: 116500  Time 0.60214
[TRAIN] Iter: 117000 Loss: 0.001387587166391313  PSNR: 33.905120849609375  Global Step: 117000  Time 0.60644
[TRAIN] Iter: 117500 Loss: 0.0017644364852458239  PSNR: 32.67024612426758  Global Step: 117500  Time 0.60395
[TRAIN] Iter: 118000 Loss: 0.0015914442483335733  PSNR: 32.80232238769531  Global Step: 118000  Time 0.60795
[TRAIN] Iter: 118500 Loss: 0.001697924337349832  PSNR: 32.52451705932617  Global Step: 118500  Time 0.60462
[TRAIN] Iter: 119000 Loss: 0.0018213007133454084  PSNR: 31.84191131591797  Global Step: 119000  Time 0.60609
[TRAIN] Iter: 119500 Loss: 0.0025221258401870728  PSNR: 30.647689819335938  Global Step: 119500  Time 0.60643
saved weights at ./log/nyx500-200-coldhot/model_120000.npy
saved weights at ./log/nyx500-200-coldhot/model_fine_120000.npy
saved weights at ./log/nyx500-200-coldhot/optimizer_120000.npy
test poses shape (5, 4, 4)
render time img 0: 5.7220458984375e-06  RGB and Disp Map Shape: (500, 500, 3) (500, 500)
  test img 0 PSNR: 32.81132459640503
render time img 1: 12.31786322593689  test img 1 PSNR: 32.09896802902222
render time img 2: 12.241141080856323  test img 2 PSNR: 33.829195499420166
render time img 3: 12.280018329620361  test img 3 PSNR: 34.32072162628174
render time img 4: 12.204696655273438  test img 4 PSNR: 32.57115364074707
Saved test set
[TRAIN] Iter: 120000 Loss: 0.0011709722457453609  PSNR: 34.264564514160156  Global Step: 120000  Time 0.60325
[TRAIN] Iter: 120500 Loss: 0.0014082876732572913  PSNR: 33.18345260620117  Global Step: 120500  Time 0.60172
[TRAIN] Iter: 121000 Loss: 0.0015145440120249987  PSNR: 33.06822967529297  Global Step: 121000  Time 0.60526
[TRAIN] Iter: 121500 Loss: 0.0018792478367686272  PSNR: 31.76420783996582  Global Step: 121500  Time 0.60157
[TRAIN] Iter: 122000 Loss: 0.001413184916600585  PSNR: 33.1489372253418  Global Step: 122000  Time 0.60912
[TRAIN] Iter: 122500 Loss: 0.0012750934110954404  PSNR: 33.88811492919922  Global Step: 122500  Time 0.60456
[TRAIN] Iter: 123000 Loss: 0.001507768640294671  PSNR: 32.942352294921875  Global Step: 123000  Time 0.60081
[TRAIN] Iter: 123500 Loss: 0.0012434512609615922  PSNR: 34.215232849121094  Global Step: 123500  Time 0.60768
[TRAIN] Iter: 124000 Loss: 0.0017611563671380281  PSNR: 32.6375846862793  Global Step: 124000  Time 0.54755
[TRAIN] Iter: 124500 Loss: 0.0014816952170804143  PSNR: 33.328163146972656  Global Step: 124500  Time 0.60487
[TRAIN] Iter: 125000 Loss: 0.001937424996867776  PSNR: 31.70563316345215  Global Step: 125000  Time 0.60039
[TRAIN] Iter: 125500 Loss: 0.001984596950933337  PSNR: 32.07033157348633  Global Step: 125500  Time 0.60757
[TRAIN] Iter: 126000 Loss: 0.0016990040894597769  PSNR: 32.570045471191406  Global Step: 126000  Time 0.60757
[TRAIN] Iter: 126500 Loss: 0.001550756162032485  PSNR: 33.025089263916016  Global Step: 126500  Time 0.60487
[TRAIN] Iter: 127000 Loss: 0.001447591232135892  PSNR: 33.01008605957031  Global Step: 127000  Time 0.60287
[TRAIN] Iter: 127500 Loss: 0.0013491202844306827  PSNR: 33.52959060668945  Global Step: 127500  Time 0.60151
[TRAIN] Iter: 128000 Loss: 0.0012940168380737305  PSNR: 33.810882568359375  Global Step: 128000  Time 0.60782
[TRAIN] Iter: 128500 Loss: 0.0009443338494747877  PSNR: 34.90528106689453  Global Step: 128500  Time 0.60577
[TRAIN] Iter: 129000 Loss: 0.0015979028539732099  PSNR: 33.443416595458984  Global Step: 129000  Time 0.60301
[TRAIN] Iter: 129500 Loss: 0.0015848192851990461  PSNR: 33.207923889160156  Global Step: 129500  Time 0.60339
saved weights at ./log/nyx500-200-coldhot/model_130000.npy
saved weights at ./log/nyx500-200-coldhot/model_fine_130000.npy
saved weights at ./log/nyx500-200-coldhot/optimizer_130000.npy
test poses shape (5, 4, 4)
render time img 0: 5.4836273193359375e-06  RGB and Disp Map Shape: (500, 500, 3) (500, 500)
  test img 0 PSNR: 33.04886817932129
render time img 1: 12.342174291610718  test img 1 PSNR: 32.132158279418945
render time img 2: 12.223512172698975  test img 2 PSNR: 33.90244245529175
render time img 3: 12.297826528549194  test img 3 PSNR: 34.558095932006836
render time img 4: 12.253190279006958  test img 4 PSNR: 32.63629674911499
Saved test set
[TRAIN] Iter: 130000 Loss: 0.0016417540609836578  PSNR: 32.661373138427734  Global Step: 130000  Time 0.60270
[TRAIN] Iter: 130500 Loss: 0.0018785740248858929  PSNR: 32.48955154418945  Global Step: 130500  Time 0.60684
[TRAIN] Iter: 131000 Loss: 0.0010141606908291578  PSNR: 34.96136474609375  Global Step: 131000  Time 0.60733
[TRAIN] Iter: 131500 Loss: 0.001409836346283555  PSNR: 33.064632415771484  Global Step: 131500  Time 0.60645
[TRAIN] Iter: 132000 Loss: 0.0012282354291528463  PSNR: 33.838687896728516  Global Step: 132000  Time 0.60324
[TRAIN] Iter: 132500 Loss: 0.0021464666351675987  PSNR: 31.991153717041016  Global Step: 132500  Time 0.60606
[TRAIN] Iter: 133000 Loss: 0.0014206216437742114  PSNR: 34.39784240722656  Global Step: 133000  Time 0.60376
[TRAIN] Iter: 133500 Loss: 0.0009002892184071243  PSNR: 35.2051887512207  Global Step: 133500  Time 0.60264
[TRAIN] Iter: 134000 Loss: 0.0012074619298800826  PSNR: 34.3553466796875  Global Step: 134000  Time 0.60589
[TRAIN] Iter: 134500 Loss: 0.00153586536180228  PSNR: 33.0934944152832  Global Step: 134500  Time 0.60185
[TRAIN] Iter: 135000 Loss: 0.0016339566791430116  PSNR: 32.9123649597168  Global Step: 135000  Time 0.60685
[TRAIN] Iter: 135500 Loss: 0.0011406737612560391  PSNR: 33.95808029174805  Global Step: 135500  Time 0.60156
[TRAIN] Iter: 136000 Loss: 0.0019490206614136696  PSNR: 32.549537658691406  Global Step: 136000  Time 0.60112
[TRAIN] Iter: 136500 Loss: 0.001013454981148243  PSNR: 34.77568054199219  Global Step: 136500  Time 0.60319
[TRAIN] Iter: 137000 Loss: 0.0019247517921030521  PSNR: 31.883268356323242  Global Step: 137000  Time 0.60806
